<?xml version="1.0" encoding="UTF-8"?>
<testsuite xmlns:xsi="http://www.w3.org/2001/XMLSchema-instance" xsi:noNamespaceSchemaLocation="https://maven.apache.org/surefire/maven-surefire-plugin/xsd/surefire-test-report-3.0.xsd" version="3.0" name="com.banking.StressTest" time="18.254" tests="3" errors="0" skipped="0" failures="0">
  <properties>
[...]
</properties>
  <testcase name="testConcurrentReadOperations" classname="com.banking.StressTest" time="1.959">
    <system-out><![CDATA[2025-07-01 21:47:56 - Could not detect default configuration classes for test class [com.banking.StressTest]: StressTest does not declare any static, non-private, non-final, nested classes annotated with @Configuration.
2025-07-01 21:47:56 - Found @SpringBootConfiguration com.banking.TransactionManagementApplication for test class com.banking.StressTest

  .   ____          _            __ _ _
 /\\ / ___'_ __ _ _(_)_ __  __ _ \ \ \ \
( ( )\___ | '_ | '_| | '_ \/ _` | \ \ \ \
 \\/  ___)| |_)| | | | | || (_| |  ) ) ) )
  '  |____| .__|_| |_|_| |_\__, | / / / /
 =========|_|==============|___/=/_/_/_/
 :: Spring Boot ::                (v3.2.0)

2025-07-01 21:47:56 - Starting StressTest using Java 21.0.7 with PID 3564 (started by JBY in C:\Users\JBY\My Python\My Java\TransManagement\backend)
2025-07-01 21:47:56 - Running with Spring Boot v3.2.0, Spring v6.1.1
2025-07-01 21:47:56 - The following 1 profile is active: "test"
2025-07-01 21:47:56 - Refreshing org.springframework.web.context.support.GenericWebApplicationContext@3e7e4aea
2025-07-01 21:47:58 - Bootstrapping Spring Data JPA repositories in DEFAULT mode.
2025-07-01 21:47:58 - Finished Spring Data repository scanning in 111 ms. Found 1 JPA repository interface.
2025-07-01 21:47:59 - HHH000204: Processing PersistenceUnitInfo [name: default]
2025-07-01 21:48:00 - HHH000412: Hibernate ORM core version 6.3.1.Final
2025-07-01 21:48:00 - HHH000026: Second-level cache disabled
2025-07-01 21:48:00 - No LoadTimeWeaver setup: ignoring JPA class transformer
2025-07-01 21:48:00 - HikariPool-1 - Starting...
2025-07-01 21:48:01 - HikariPool-1 - Added connection conn0: url=jdbc:h2:mem:testdb user=SA
2025-07-01 21:48:01 - HikariPool-1 - Start completed.
2025-07-01 21:48:01 - HHH90000025: H2Dialect does not need to be specified explicitly using 'hibernate.dialect' (remove the property setting and it will be selected by default)
2025-07-01 21:48:02 - HHH000489: No JTA platform available (set 'hibernate.transaction.jta.platform' to enable JTA platform integration)
2025-07-01 21:48:02 - Initialized JPA EntityManagerFactory for persistence unit 'default'
2025-07-01 21:48:03 - Hibernate is in classpath; If applicable, HQL parser will be used.
2025-07-01 21:48:05 - spring.jpa.open-in-view is enabled by default. Therefore, database queries may be performed during view rendering. Explicitly configure spring.jpa.open-in-view to disable this warning
2025-07-01 21:48:05 - 15 mappings in 'requestMappingHandlerMapping'
2025-07-01 21:48:05 - Patterns [/webjars/**, /**, /swagger-ui*/*swagger-initializer.js, /swagger-ui*/**] in 'resourceHandlerMapping'
2025-07-01 21:48:05 - ControllerAdvice beans: 0 @ModelAttribute, 0 @InitBinder, 1 RequestBodyAdvice, 1 ResponseBodyAdvice
2025-07-01 21:48:06 - ControllerAdvice beans: 2 @ExceptionHandler, 1 ResponseBodyAdvice
2025-07-01 21:48:07 - Filter 'webMvcObservationFilter' configured for use
2025-07-01 21:48:07 - Initializing Spring TestDispatcherServlet ''
2025-07-01 21:48:07 - Initializing Servlet ''
2025-07-01 21:48:07 - Exposing 3 endpoint(s) beneath base path '/actuator'
2025-07-01 21:48:07 - Completed initialization in 44 ms
2025-07-01 21:48:07 - Started StressTest in 11.165 seconds (process running for 24.506)
开始新的压力测试...
2025-07-01 21:48:07 - Mapped to com.banking.controller.TransactionController#createTransaction(TransactionRequest)
2025-07-01 21:48:07 - Read "application/json;charset=UTF-8" to [com.banking.dto.TransactionRequest@439b428d]
2025-07-01 21:48:08 - Using 'application/json', given [*/*] and supported [application/json, application/*+json]
2025-07-01 21:48:08 - Writing [{data=com.banking.dto.TransactionResponse@4d1b40a7, success=true, message=交易创建成功}]
2025-07-01 21:48:08 - Mapped to com.banking.controller.TransactionController#createTransaction(TransactionRequest)
2025-07-01 21:48:08 - Read "application/json;charset=UTF-8" to [com.banking.dto.TransactionRequest@67f5ddc0]
2025-07-01 21:48:08 - Using 'application/json', given [*/*] and supported [application/json, application/*+json]
2025-07-01 21:48:08 - Writing [{data=com.banking.dto.TransactionResponse@682e9f40, success=true, message=交易创建成功}]
2025-07-01 21:48:08 - Mapped to com.banking.controller.TransactionController#createTransaction(TransactionRequest)
2025-07-01 21:48:08 - Read "application/json;charset=UTF-8" to [com.banking.dto.TransactionRequest@544cb96]
2025-07-01 21:48:08 - Using 'application/json', given [*/*] and supported [application/json, application/*+json]
2025-07-01 21:48:08 - Writing [{data=com.banking.dto.TransactionResponse@3b99b152, success=true, message=交易创建成功}]
2025-07-01 21:48:08 - Mapped to com.banking.controller.TransactionController#createTransaction(TransactionRequest)
2025-07-01 21:48:08 - Read "application/json;charset=UTF-8" to [com.banking.dto.TransactionRequest@34390b51]
2025-07-01 21:48:08 - Using 'application/json', given [*/*] and supported [application/json, application/*+json]
2025-07-01 21:48:08 - Writing [{data=com.banking.dto.TransactionResponse@4cae76cc, success=true, message=交易创建成功}]
2025-07-01 21:48:08 - Mapped to com.banking.controller.TransactionController#createTransaction(TransactionRequest)
2025-07-01 21:48:08 - Read "application/json;charset=UTF-8" to [com.banking.dto.TransactionRequest@3650c2cf]
2025-07-01 21:48:08 - Using 'application/json', given [*/*] and supported [application/json, application/*+json]
2025-07-01 21:48:08 - Writing [{data=com.banking.dto.TransactionResponse@2133512c, success=true, message=交易创建成功}]
2025-07-01 21:48:08 - Mapped to com.banking.controller.TransactionController#createTransaction(TransactionRequest)
2025-07-01 21:48:08 - Read "application/json;charset=UTF-8" to [com.banking.dto.TransactionRequest@55403c88]
2025-07-01 21:48:08 - Using 'application/json', given [*/*] and supported [application/json, application/*+json]
2025-07-01 21:48:08 - Writing [{data=com.banking.dto.TransactionResponse@70f4ae1b, success=true, message=交易创建成功}]
2025-07-01 21:48:08 - Mapped to com.banking.controller.TransactionController#createTransaction(TransactionRequest)
2025-07-01 21:48:08 - Read "application/json;charset=UTF-8" to [com.banking.dto.TransactionRequest@716e0a97]
2025-07-01 21:48:08 - Using 'application/json', given [*/*] and supported [application/json, application/*+json]
2025-07-01 21:48:08 - Writing [{data=com.banking.dto.TransactionResponse@6cbc6e8, success=true, message=交易创建成功}]
2025-07-01 21:48:08 - Mapped to com.banking.controller.TransactionController#createTransaction(TransactionRequest)
2025-07-01 21:48:08 - Read "application/json;charset=UTF-8" to [com.banking.dto.TransactionRequest@23f68414]
2025-07-01 21:48:08 - Using 'application/json', given [*/*] and supported [application/json, application/*+json]
2025-07-01 21:48:08 - Writing [{data=com.banking.dto.TransactionResponse@58c14359, success=true, message=交易创建成功}]
2025-07-01 21:48:08 - Mapped to com.banking.controller.TransactionController#createTransaction(TransactionRequest)
2025-07-01 21:48:08 - Read "application/json;charset=UTF-8" to [com.banking.dto.TransactionRequest@3028f1a6]
2025-07-01 21:48:08 - Using 'application/json', given [*/*] and supported [application/json, application/*+json]
2025-07-01 21:48:08 - Writing [{data=com.banking.dto.TransactionResponse@640429a5, success=true, message=交易创建成功}]
2025-07-01 21:48:08 - Mapped to com.banking.controller.TransactionController#createTransaction(TransactionRequest)
2025-07-01 21:48:08 - Read "application/json;charset=UTF-8" to [com.banking.dto.TransactionRequest@49b2033f]
2025-07-01 21:48:08 - Using 'application/json', given [*/*] and supported [application/json, application/*+json]
2025-07-01 21:48:08 - Writing [{data=com.banking.dto.TransactionResponse@681dfb49, success=true, message=交易创建成功}]
2025-07-01 21:48:08 - Mapped to com.banking.controller.TransactionController#createTransaction(TransactionRequest)
2025-07-01 21:48:08 - Read "application/json;charset=UTF-8" to [com.banking.dto.TransactionRequest@7f6cbda1]
2025-07-01 21:48:08 - Using 'application/json', given [*/*] and supported [application/json, application/*+json]
2025-07-01 21:48:08 - Writing [{data=com.banking.dto.TransactionResponse@591488b2, success=true, message=交易创建成功}]
2025-07-01 21:48:08 - Mapped to com.banking.controller.TransactionController#createTransaction(TransactionRequest)
2025-07-01 21:48:08 - Read "application/json;charset=UTF-8" to [com.banking.dto.TransactionRequest@3e34b204]
2025-07-01 21:48:08 - Using 'application/json', given [*/*] and supported [application/json, application/*+json]
2025-07-01 21:48:08 - Writing [{data=com.banking.dto.TransactionResponse@1449ad79, success=true, message=交易创建成功}]
2025-07-01 21:48:08 - Mapped to com.banking.controller.TransactionController#createTransaction(TransactionRequest)
2025-07-01 21:48:08 - Read "application/json;charset=UTF-8" to [com.banking.dto.TransactionRequest@49d74660]
2025-07-01 21:48:08 - Using 'application/json', given [*/*] and supported [application/json, application/*+json]
2025-07-01 21:48:08 - Writing [{data=com.banking.dto.TransactionResponse@787c7027, success=true, message=交易创建成功}]
2025-07-01 21:48:08 - Mapped to com.banking.controller.TransactionController#createTransaction(TransactionRequest)
2025-07-01 21:48:08 - Read "application/json;charset=UTF-8" to [com.banking.dto.TransactionRequest@5236b18c]
2025-07-01 21:48:08 - Using 'application/json', given [*/*] and supported [application/json, application/*+json]
2025-07-01 21:48:08 - Writing [{data=com.banking.dto.TransactionResponse@3069738d, success=true, message=交易创建成功}]
2025-07-01 21:48:08 - Mapped to com.banking.controller.TransactionController#createTransaction(TransactionRequest)
2025-07-01 21:48:08 - Read "application/json;charset=UTF-8" to [com.banking.dto.TransactionRequest@18b358f9]
2025-07-01 21:48:08 - Using 'application/json', given [*/*] and supported [application/json, application/*+json]
2025-07-01 21:48:08 - Writing [{data=com.banking.dto.TransactionResponse@5eaa0712, success=true, message=交易创建成功}]
2025-07-01 21:48:08 - Mapped to com.banking.controller.TransactionController#createTransaction(TransactionRequest)
2025-07-01 21:48:08 - Read "application/json;charset=UTF-8" to [com.banking.dto.TransactionRequest@644a0631]
2025-07-01 21:48:08 - Using 'application/json', given [*/*] and supported [application/json, application/*+json]
2025-07-01 21:48:08 - Writing [{data=com.banking.dto.TransactionResponse@5c2b1148, success=true, message=交易创建成功}]
2025-07-01 21:48:08 - Mapped to com.banking.controller.TransactionController#createTransaction(TransactionRequest)
2025-07-01 21:48:08 - Read "application/json;charset=UTF-8" to [com.banking.dto.TransactionRequest@313d1ee6]
2025-07-01 21:48:08 - Using 'application/json', given [*/*] and supported [application/json, application/*+json]
2025-07-01 21:48:08 - Writing [{data=com.banking.dto.TransactionResponse@6d9c1599, success=true, message=交易创建成功}]
2025-07-01 21:48:08 - Mapped to com.banking.controller.TransactionController#createTransaction(TransactionRequest)
2025-07-01 21:48:08 - Read "application/json;charset=UTF-8" to [com.banking.dto.TransactionRequest@7daa8fbd]
2025-07-01 21:48:08 - Using 'application/json', given [*/*] and supported [application/json, application/*+json]
2025-07-01 21:48:08 - Writing [{data=com.banking.dto.TransactionResponse@1d76c0e5, success=true, message=交易创建成功}]
2025-07-01 21:48:08 - Mapped to com.banking.controller.TransactionController#createTransaction(TransactionRequest)
2025-07-01 21:48:08 - Read "application/json;charset=UTF-8" to [com.banking.dto.TransactionRequest@28f16a79]
2025-07-01 21:48:08 - Using 'application/json', given [*/*] and supported [application/json, application/*+json]
2025-07-01 21:48:08 - Writing [{data=com.banking.dto.TransactionResponse@e2b9ce9, success=true, message=交易创建成功}]
2025-07-01 21:48:08 - Mapped to com.banking.controller.TransactionController#createTransaction(TransactionRequest)
2025-07-01 21:48:08 - Read "application/json;charset=UTF-8" to [com.banking.dto.TransactionRequest@3dd5edd2]
2025-07-01 21:48:08 - Using 'application/json', given [*/*] and supported [application/json, application/*+json]
2025-07-01 21:48:08 - Writing [{data=com.banking.dto.TransactionResponse@16cdb44f, success=true, message=交易创建成功}]
2025-07-01 21:48:08 - Mapped to com.banking.controller.TransactionController#createTransaction(TransactionRequest)
2025-07-01 21:48:08 - Read "application/json;charset=UTF-8" to [com.banking.dto.TransactionRequest@4b0a2375]
2025-07-01 21:48:08 - Using 'application/json', given [*/*] and supported [application/json, application/*+json]
2025-07-01 21:48:08 - Writing [{data=com.banking.dto.TransactionResponse@3280c169, success=true, message=交易创建成功}]
2025-07-01 21:48:08 - Mapped to com.banking.controller.TransactionController#createTransaction(TransactionRequest)
2025-07-01 21:48:08 - Read "application/json;charset=UTF-8" to [com.banking.dto.TransactionRequest@f2dbe23]
2025-07-01 21:48:08 - Using 'application/json', given [*/*] and supported [application/json, application/*+json]
2025-07-01 21:48:08 - Writing [{data=com.banking.dto.TransactionResponse@4d0ac7d7, success=true, message=交易创建成功}]
2025-07-01 21:48:08 - Mapped to com.banking.controller.TransactionController#createTransaction(TransactionRequest)
2025-07-01 21:48:08 - Read "application/json;charset=UTF-8" to [com.banking.dto.TransactionRequest@d6d7a7f]
2025-07-01 21:48:08 - Using 'application/json', given [*/*] and supported [application/json, application/*+json]
2025-07-01 21:48:08 - Writing [{data=com.banking.dto.TransactionResponse@65868f00, success=true, message=交易创建成功}]
2025-07-01 21:48:08 - Mapped to com.banking.controller.TransactionController#createTransaction(TransactionRequest)
2025-07-01 21:48:08 - Read "application/json;charset=UTF-8" to [com.banking.dto.TransactionRequest@5a9790d7]
2025-07-01 21:48:08 - Using 'application/json', given [*/*] and supported [application/json, application/*+json]
2025-07-01 21:48:08 - Writing [{data=com.banking.dto.TransactionResponse@594722f1, success=true, message=交易创建成功}]
2025-07-01 21:48:08 - Mapped to com.banking.controller.TransactionController#createTransaction(TransactionRequest)
2025-07-01 21:48:08 - Read "application/json;charset=UTF-8" to [com.banking.dto.TransactionRequest@73f7e241]
2025-07-01 21:48:08 - Using 'application/json', given [*/*] and supported [application/json, application/*+json]
2025-07-01 21:48:08 - Writing [{data=com.banking.dto.TransactionResponse@48fdc833, success=true, message=交易创建成功}]
2025-07-01 21:48:08 - Mapped to com.banking.controller.TransactionController#createTransaction(TransactionRequest)
2025-07-01 21:48:08 - Read "application/json;charset=UTF-8" to [com.banking.dto.TransactionRequest@57e55f64]
2025-07-01 21:48:08 - Using 'application/json', given [*/*] and supported [application/json, application/*+json]
2025-07-01 21:48:08 - Writing [{data=com.banking.dto.TransactionResponse@1f7eaf31, success=true, message=交易创建成功}]
2025-07-01 21:48:08 - Mapped to com.banking.controller.TransactionController#createTransaction(TransactionRequest)
2025-07-01 21:48:08 - Read "application/json;charset=UTF-8" to [com.banking.dto.TransactionRequest@70691043]
2025-07-01 21:48:08 - Using 'application/json', given [*/*] and supported [application/json, application/*+json]
2025-07-01 21:48:08 - Writing [{data=com.banking.dto.TransactionResponse@93a1f77, success=true, message=交易创建成功}]
2025-07-01 21:48:08 - Mapped to com.banking.controller.TransactionController#createTransaction(TransactionRequest)
2025-07-01 21:48:08 - Read "application/json;charset=UTF-8" to [com.banking.dto.TransactionRequest@3fc35891]
2025-07-01 21:48:08 - Using 'application/json', given [*/*] and supported [application/json, application/*+json]
2025-07-01 21:48:08 - Writing [{data=com.banking.dto.TransactionResponse@5d96a45a, success=true, message=交易创建成功}]
2025-07-01 21:48:08 - Mapped to com.banking.controller.TransactionController#createTransaction(TransactionRequest)
2025-07-01 21:48:08 - Read "application/json;charset=UTF-8" to [com.banking.dto.TransactionRequest@2abaa90f]
2025-07-01 21:48:08 - Using 'application/json', given [*/*] and supported [application/json, application/*+json]
2025-07-01 21:48:08 - Writing [{data=com.banking.dto.TransactionResponse@126515b6, success=true, message=交易创建成功}]
2025-07-01 21:48:08 - Mapped to com.banking.controller.TransactionController#createTransaction(TransactionRequest)
2025-07-01 21:48:08 - Read "application/json;charset=UTF-8" to [com.banking.dto.TransactionRequest@4655969e]
2025-07-01 21:48:08 - Using 'application/json', given [*/*] and supported [application/json, application/*+json]
2025-07-01 21:48:08 - Writing [{data=com.banking.dto.TransactionResponse@6a9c019d, success=true, message=交易创建成功}]
2025-07-01 21:48:08 - Mapped to com.banking.controller.TransactionController#createTransaction(TransactionRequest)
2025-07-01 21:48:08 - Read "application/json;charset=UTF-8" to [com.banking.dto.TransactionRequest@70170a60]
2025-07-01 21:48:08 - Using 'application/json', given [*/*] and supported [application/json, application/*+json]
2025-07-01 21:48:08 - Writing [{data=com.banking.dto.TransactionResponse@6ddcb1a8, success=true, message=交易创建成功}]
2025-07-01 21:48:08 - Mapped to com.banking.controller.TransactionController#createTransaction(TransactionRequest)
2025-07-01 21:48:08 - Read "application/json;charset=UTF-8" to [com.banking.dto.TransactionRequest@66549512]
2025-07-01 21:48:08 - Using 'application/json', given [*/*] and supported [application/json, application/*+json]
2025-07-01 21:48:08 - Writing [{data=com.banking.dto.TransactionResponse@352d643e, success=true, message=交易创建成功}]
2025-07-01 21:48:08 - Mapped to com.banking.controller.TransactionController#createTransaction(TransactionRequest)
2025-07-01 21:48:08 - Read "application/json;charset=UTF-8" to [com.banking.dto.TransactionRequest@1078f134]
2025-07-01 21:48:08 - Using 'application/json', given [*/*] and supported [application/json, application/*+json]
2025-07-01 21:48:08 - Writing [{data=com.banking.dto.TransactionResponse@166a08d8, success=true, message=交易创建成功}]
2025-07-01 21:48:08 - Mapped to com.banking.controller.TransactionController#createTransaction(TransactionRequest)
2025-07-01 21:48:08 - Read "application/json;charset=UTF-8" to [com.banking.dto.TransactionRequest@18127d17]
2025-07-01 21:48:08 - Using 'application/json', given [*/*] and supported [application/json, application/*+json]
2025-07-01 21:48:08 - Writing [{data=com.banking.dto.TransactionResponse@2a3bb51f, success=true, message=交易创建成功}]
2025-07-01 21:48:08 - Mapped to com.banking.controller.TransactionController#createTransaction(TransactionRequest)
2025-07-01 21:48:08 - Read "application/json;charset=UTF-8" to [com.banking.dto.TransactionRequest@467de021]
2025-07-01 21:48:08 - Using 'application/json', given [*/*] and supported [application/json, application/*+json]
2025-07-01 21:48:08 - Writing [{data=com.banking.dto.TransactionResponse@247cc879, success=true, message=交易创建成功}]
2025-07-01 21:48:08 - Mapped to com.banking.controller.TransactionController#createTransaction(TransactionRequest)
2025-07-01 21:48:08 - Read "application/json;charset=UTF-8" to [com.banking.dto.TransactionRequest@68e04bcf]
2025-07-01 21:48:08 - Using 'application/json', given [*/*] and supported [application/json, application/*+json]
2025-07-01 21:48:08 - Writing [{data=com.banking.dto.TransactionResponse@2cde7320, success=true, message=交易创建成功}]
2025-07-01 21:48:08 - Mapped to com.banking.controller.TransactionController#createTransaction(TransactionRequest)
2025-07-01 21:48:08 - Read "application/json;charset=UTF-8" to [com.banking.dto.TransactionRequest@748c7e57]
2025-07-01 21:48:08 - Using 'application/json', given [*/*] and supported [application/json, application/*+json]
2025-07-01 21:48:08 - Writing [{data=com.banking.dto.TransactionResponse@2ebdeb5a, success=true, message=交易创建成功}]
2025-07-01 21:48:08 - Mapped to com.banking.controller.TransactionController#createTransaction(TransactionRequest)
2025-07-01 21:48:08 - Read "application/json;charset=UTF-8" to [com.banking.dto.TransactionRequest@6e17db0a]
2025-07-01 21:48:08 - Using 'application/json', given [*/*] and supported [application/json, application/*+json]
2025-07-01 21:48:08 - Writing [{data=com.banking.dto.TransactionResponse@49c318ed, success=true, message=交易创建成功}]
2025-07-01 21:48:08 - Mapped to com.banking.controller.TransactionController#createTransaction(TransactionRequest)
2025-07-01 21:48:08 - Read "application/json;charset=UTF-8" to [com.banking.dto.TransactionRequest@1b6c53d0]
2025-07-01 21:48:08 - Using 'application/json', given [*/*] and supported [application/json, application/*+json]
2025-07-01 21:48:08 - Writing [{data=com.banking.dto.TransactionResponse@1d8d581c, success=true, message=交易创建成功}]
2025-07-01 21:48:08 - Mapped to com.banking.controller.TransactionController#createTransaction(TransactionRequest)
2025-07-01 21:48:08 - Read "application/json;charset=UTF-8" to [com.banking.dto.TransactionRequest@164b00d]
2025-07-01 21:48:08 - Using 'application/json', given [*/*] and supported [application/json, application/*+json]
2025-07-01 21:48:08 - Writing [{data=com.banking.dto.TransactionResponse@316d38be, success=true, message=交易创建成功}]
2025-07-01 21:48:08 - Mapped to com.banking.controller.TransactionController#createTransaction(TransactionRequest)
2025-07-01 21:48:08 - Read "application/json;charset=UTF-8" to [com.banking.dto.TransactionRequest@3ec2d8fa]
2025-07-01 21:48:08 - Using 'application/json', given [*/*] and supported [application/json, application/*+json]
2025-07-01 21:48:08 - Writing [{data=com.banking.dto.TransactionResponse@7e46c719, success=true, message=交易创建成功}]
2025-07-01 21:48:08 - Mapped to com.banking.controller.TransactionController#createTransaction(TransactionRequest)
2025-07-01 21:48:08 - Read "application/json;charset=UTF-8" to [com.banking.dto.TransactionRequest@3d250c92]
2025-07-01 21:48:08 - Using 'application/json', given [*/*] and supported [application/json, application/*+json]
2025-07-01 21:48:08 - Writing [{data=com.banking.dto.TransactionResponse@3cc8f773, success=true, message=交易创建成功}]
2025-07-01 21:48:08 - Mapped to com.banking.controller.TransactionController#createTransaction(TransactionRequest)
2025-07-01 21:48:08 - Read "application/json;charset=UTF-8" to [com.banking.dto.TransactionRequest@70ed644a]
2025-07-01 21:48:08 - Using 'application/json', given [*/*] and supported [application/json, application/*+json]
2025-07-01 21:48:08 - Writing [{data=com.banking.dto.TransactionResponse@1fe2c45c, success=true, message=交易创建成功}]
2025-07-01 21:48:08 - Mapped to com.banking.controller.TransactionController#createTransaction(TransactionRequest)
2025-07-01 21:48:08 - Read "application/json;charset=UTF-8" to [com.banking.dto.TransactionRequest@350d65b5]
2025-07-01 21:48:08 - Using 'application/json', given [*/*] and supported [application/json, application/*+json]
2025-07-01 21:48:08 - Writing [{data=com.banking.dto.TransactionResponse@18335587, success=true, message=交易创建成功}]
2025-07-01 21:48:08 - Mapped to com.banking.controller.TransactionController#createTransaction(TransactionRequest)
2025-07-01 21:48:08 - Read "application/json;charset=UTF-8" to [com.banking.dto.TransactionRequest@61e9690d]
2025-07-01 21:48:08 - Using 'application/json', given [*/*] and supported [application/json, application/*+json]
2025-07-01 21:48:08 - Writing [{data=com.banking.dto.TransactionResponse@7909da9e, success=true, message=交易创建成功}]
2025-07-01 21:48:08 - Mapped to com.banking.controller.TransactionController#createTransaction(TransactionRequest)
2025-07-01 21:48:08 - Read "application/json;charset=UTF-8" to [com.banking.dto.TransactionRequest@49fcf198]
2025-07-01 21:48:08 - Using 'application/json', given [*/*] and supported [application/json, application/*+json]
2025-07-01 21:48:08 - Writing [{data=com.banking.dto.TransactionResponse@36820ae6, success=true, message=交易创建成功}]
2025-07-01 21:48:08 - Mapped to com.banking.controller.TransactionController#createTransaction(TransactionRequest)
2025-07-01 21:48:08 - Read "application/json;charset=UTF-8" to [com.banking.dto.TransactionRequest@4cc1ffad]
2025-07-01 21:48:08 - Using 'application/json', given [*/*] and supported [application/json, application/*+json]
2025-07-01 21:48:08 - Writing [{data=com.banking.dto.TransactionResponse@2d689dc4, success=true, message=交易创建成功}]
2025-07-01 21:48:08 - Mapped to com.banking.controller.TransactionController#createTransaction(TransactionRequest)
2025-07-01 21:48:08 - Read "application/json;charset=UTF-8" to [com.banking.dto.TransactionRequest@52a6a0c9]
2025-07-01 21:48:08 - Using 'application/json', given [*/*] and supported [application/json, application/*+json]
2025-07-01 21:48:08 - Writing [{data=com.banking.dto.TransactionResponse@56b85be4, success=true, message=交易创建成功}]
2025-07-01 21:48:08 - Mapped to com.banking.controller.TransactionController#createTransaction(TransactionRequest)
2025-07-01 21:48:08 - Read "application/json;charset=UTF-8" to [com.banking.dto.TransactionRequest@75cc4e8]
2025-07-01 21:48:08 - Using 'application/json', given [*/*] and supported [application/json, application/*+json]
2025-07-01 21:48:08 - Writing [{data=com.banking.dto.TransactionResponse@756f13d1, success=true, message=交易创建成功}]
2025-07-01 21:48:08 - Mapped to com.banking.controller.TransactionController#createTransaction(TransactionRequest)
2025-07-01 21:48:08 - Read "application/json;charset=UTF-8" to [com.banking.dto.TransactionRequest@1bf081c2]
2025-07-01 21:48:08 - Using 'application/json', given [*/*] and supported [application/json, application/*+json]
2025-07-01 21:48:08 - Writing [{data=com.banking.dto.TransactionResponse@1bff4fb3, success=true, message=交易创建成功}]
2025-07-01 21:48:08 - Mapped to com.banking.controller.TransactionController#getTransactions(int, int)
2025-07-01 21:48:08 - Mapped to com.banking.controller.TransactionController#getTransactions(int, int)
2025-07-01 21:48:08 - Mapped to com.banking.controller.TransactionController#getTransactions(int, int)
2025-07-01 21:48:08 - Mapped to com.banking.controller.TransactionController#getTransactions(int, int)
2025-07-01 21:48:08 - Mapped to com.banking.controller.TransactionController#getTransactions(int, int)
2025-07-01 21:48:08 - Mapped to com.banking.controller.TransactionController#getTransactions(int, int)
2025-07-01 21:48:08 - Mapped to com.banking.controller.TransactionController#getTransactions(int, int)
2025-07-01 21:48:08 - Mapped to com.banking.controller.TransactionController#getTransactions(int, int)
2025-07-01 21:48:08 - Mapped to com.banking.controller.TransactionController#getTransactions(int, int)
2025-07-01 21:48:08 - Mapped to com.banking.controller.TransactionController#getTransactions(int, int)
2025-07-01 21:48:08 - Mapped to com.banking.controller.TransactionController#getTransactions(int, int)
2025-07-01 21:48:08 - Mapped to com.banking.controller.TransactionController#getTransactions(int, int)
2025-07-01 21:48:08 - Mapped to com.banking.controller.TransactionController#getTransactions(int, int)
2025-07-01 21:48:08 - Mapped to com.banking.controller.TransactionController#getTransactions(int, int)
2025-07-01 21:48:08 - Mapped to com.banking.controller.TransactionController#getTransactions(int, int)
2025-07-01 21:48:08 - Mapped to com.banking.controller.TransactionController#getTransactions(int, int)
2025-07-01 21:48:08 - Mapped to com.banking.controller.TransactionController#getTransactions(int, int)
2025-07-01 21:48:08 - Mapped to com.banking.controller.TransactionController#getTransactions(int, int)
2025-07-01 21:48:08 - Mapped to com.banking.controller.TransactionController#getTransactions(int, int)
2025-07-01 21:48:08 - Mapped to com.banking.controller.TransactionController#getTransactions(int, int)
2025-07-01 21:48:08 - Mapped to com.banking.controller.TransactionController#getTransactions(int, int)
2025-07-01 21:48:08 - Mapped to com.banking.controller.TransactionController#getTransactions(int, int)
2025-07-01 21:48:08 - Mapped to com.banking.controller.TransactionController#getTransactions(int, int)
2025-07-01 21:48:08 - Mapped to com.banking.controller.TransactionController#getTransactions(int, int)
2025-07-01 21:48:08 - Mapped to com.banking.controller.TransactionController#getTransactions(int, int)
2025-07-01 21:48:08 - Mapped to com.banking.controller.TransactionController#getTransactions(int, int)
2025-07-01 21:48:08 - Mapped to com.banking.controller.TransactionController#getTransactions(int, int)
2025-07-01 21:48:08 - Mapped to com.banking.controller.TransactionController#getTransactions(int, int)
2025-07-01 21:48:08 - Mapped to com.banking.controller.TransactionController#getTransactions(int, int)
2025-07-01 21:48:08 - Mapped to com.banking.controller.TransactionController#getTransactions(int, int)
2025-07-01 21:48:08 - Mapped to com.banking.controller.TransactionController#getTransactions(int, int)
2025-07-01 21:48:08 - Mapped to com.banking.controller.TransactionController#getTransactions(int, int)
2025-07-01 21:48:08 - Mapped to com.banking.controller.TransactionController#getTransactions(int, int)
2025-07-01 21:48:08 - Mapped to com.banking.controller.TransactionController#getTransactions(int, int)
2025-07-01 21:48:08 - Mapped to com.banking.controller.TransactionController#getTransactions(int, int)
2025-07-01 21:48:08 - Mapped to com.banking.controller.TransactionController#getTransactions(int, int)
2025-07-01 21:48:08 - Mapped to com.banking.controller.TransactionController#getTransactions(int, int)
2025-07-01 21:48:08 - Mapped to com.banking.controller.TransactionController#getTransactions(int, int)
2025-07-01 21:48:08 - Mapped to com.banking.controller.TransactionController#getTransactions(int, int)
2025-07-01 21:48:08 - Mapped to com.banking.controller.TransactionController#getTransactions(int, int)
2025-07-01 21:48:08 - Mapped to com.banking.controller.TransactionController#getTransactions(int, int)
2025-07-01 21:48:08 - Mapped to com.banking.controller.TransactionController#getTransactions(int, int)
2025-07-01 21:48:08 - Mapped to com.banking.controller.TransactionController#getTransactions(int, int)
2025-07-01 21:48:08 - Mapped to com.banking.controller.TransactionController#getTransactions(int, int)
2025-07-01 21:48:08 - Mapped to com.banking.controller.TransactionController#getTransactions(int, int)
2025-07-01 21:48:08 - Mapped to com.banking.controller.TransactionController#getTransactions(int, int)
2025-07-01 21:48:08 - Mapped to com.banking.controller.TransactionController#getTransactions(int, int)
2025-07-01 21:48:08 - Mapped to com.banking.controller.TransactionController#getTransactions(int, int)
2025-07-01 21:48:08 - Mapped to com.banking.controller.TransactionController#getTransactions(int, int)
2025-07-01 21:48:08 - Mapped to com.banking.controller.TransactionController#getTransactions(int, int)
2025-07-01 21:48:08 - Mapped to com.banking.controller.TransactionController#getTransactions(int, int)
2025-07-01 21:48:08 - Mapped to com.banking.controller.TransactionController#getTransactions(int, int)
2025-07-01 21:48:08 - Mapped to com.banking.controller.TransactionController#getTransactions(int, int)
2025-07-01 21:48:08 - Mapped to com.banking.controller.TransactionController#getTransactions(int, int)
2025-07-01 21:48:08 - Mapped to com.banking.controller.TransactionController#getTransactions(int, int)
2025-07-01 21:48:08 - Mapped to com.banking.controller.TransactionController#getTransactions(int, int)
2025-07-01 21:48:08 - Mapped to com.banking.controller.TransactionController#getTransactions(int, int)
2025-07-01 21:48:08 - Mapped to com.banking.controller.TransactionController#getTransactions(int, int)
2025-07-01 21:48:08 - Mapped to com.banking.controller.TransactionController#getTransactions(int, int)
2025-07-01 21:48:08 - Mapped to com.banking.controller.TransactionController#getTransactions(int, int)
2025-07-01 21:48:08 - Mapped to com.banking.controller.TransactionController#getTransactions(int, int)
2025-07-01 21:48:08 - Mapped to com.banking.controller.TransactionController#getTransactions(int, int)
2025-07-01 21:48:08 - Mapped to com.banking.controller.TransactionController#getTransactions(int, int)
2025-07-01 21:48:08 - Mapped to com.banking.controller.TransactionController#getTransactions(int, int)
2025-07-01 21:48:08 - Mapped to com.banking.controller.TransactionController#getTransactions(int, int)
2025-07-01 21:48:08 - Mapped to com.banking.controller.TransactionController#getTransactions(int, int)
2025-07-01 21:48:08 - Mapped to com.banking.controller.TransactionController#getTransactions(int, int)
2025-07-01 21:48:08 - Mapped to com.banking.controller.TransactionController#getTransactions(int, int)
2025-07-01 21:48:08 - Mapped to com.banking.controller.TransactionController#getTransactions(int, int)
2025-07-01 21:48:08 - Mapped to com.banking.controller.TransactionController#getTransactions(int, int)
2025-07-01 21:48:08 - Mapped to com.banking.controller.TransactionController#getTransactions(int, int)
2025-07-01 21:48:08 - Mapped to com.banking.controller.TransactionController#getTransactions(int, int)
2025-07-01 21:48:08 - Mapped to com.banking.controller.TransactionController#getTransactions(int, int)
2025-07-01 21:48:08 - Mapped to com.banking.controller.TransactionController#getTransactions(int, int)
2025-07-01 21:48:08 - Mapped to com.banking.controller.TransactionController#getTransactions(int, int)
2025-07-01 21:48:08 - Mapped to com.banking.controller.TransactionController#getTransactions(int, int)
2025-07-01 21:48:08 - Mapped to com.banking.controller.TransactionController#getTransactions(int, int)
2025-07-01 21:48:08 - Mapped to com.banking.controller.TransactionController#getTransactions(int, int)
2025-07-01 21:48:08 - Mapped to com.banking.controller.TransactionController#getTransactions(int, int)
2025-07-01 21:48:08 - Mapped to com.banking.controller.TransactionController#getTransactions(int, int)
2025-07-01 21:48:08 - Mapped to com.banking.controller.TransactionController#getTransactions(int, int)
2025-07-01 21:48:08 - Mapped to com.banking.controller.TransactionController#getTransactions(int, int)
2025-07-01 21:48:08 - Mapped to com.banking.controller.TransactionController#getTransactions(int, int)
2025-07-01 21:48:08 - Mapped to com.banking.controller.TransactionController#getTransactions(int, int)
2025-07-01 21:48:08 - Mapped to com.banking.controller.TransactionController#getTransactions(int, int)
2025-07-01 21:48:08 - Mapped to com.banking.controller.TransactionController#getTransactions(int, int)
2025-07-01 21:48:08 - Mapped to com.banking.controller.TransactionController#getTransactions(int, int)
2025-07-01 21:48:08 - Mapped to com.banking.controller.TransactionController#getTransactions(int, int)
2025-07-01 21:48:08 - Mapped to com.banking.controller.TransactionController#getTransactions(int, int)
2025-07-01 21:48:08 - Mapped to com.banking.controller.TransactionController#getTransactions(int, int)
2025-07-01 21:48:08 - Mapped to com.banking.controller.TransactionController#getTransactions(int, int)
2025-07-01 21:48:08 - Mapped to com.banking.controller.TransactionController#getTransactions(int, int)
2025-07-01 21:48:08 - Mapped to com.banking.controller.TransactionController#getTransactions(int, int)
2025-07-01 21:48:08 - Mapped to com.banking.controller.TransactionController#getTransactions(int, int)
2025-07-01 21:48:08 - Mapped to com.banking.controller.TransactionController#getTransactions(int, int)
2025-07-01 21:48:08 - Mapped to com.banking.controller.TransactionController#getTransactions(int, int)
2025-07-01 21:48:08 - Mapped to com.banking.controller.TransactionController#getTransactions(int, int)
2025-07-01 21:48:08 - Mapped to com.banking.controller.TransactionController#getTransactions(int, int)
2025-07-01 21:48:08 - Mapped to com.banking.controller.TransactionController#getTransactions(int, int)
2025-07-01 21:48:08 - Mapped to com.banking.controller.TransactionController#getTransactions(int, int)
2025-07-01 21:48:08 - Using 'application/json', given [*/*] and supported [application/json, application/*+json]
2025-07-01 21:48:08 - Using 'application/json', given [*/*] and supported [application/json, application/*+json]
2025-07-01 21:48:08 - Using 'application/json', given [*/*] and supported [application/json, application/*+json]
2025-07-01 21:48:08 - Using 'application/json', given [*/*] and supported [application/json, application/*+json]
2025-07-01 21:48:08 - Using 'application/json', given [*/*] and supported [application/json, application/*+json]
2025-07-01 21:48:08 - Using 'application/json', given [*/*] and supported [application/json, application/*+json]
2025-07-01 21:48:08 - Using 'application/json', given [*/*] and supported [application/json, application/*+json]
2025-07-01 21:48:08 - Using 'application/json', given [*/*] and supported [application/json, application/*+json]
2025-07-01 21:48:08 - Using 'application/json', given [*/*] and supported [application/json, application/*+json]
2025-07-01 21:48:08 - Using 'application/json', given [*/*] and supported [application/json, application/*+json]
2025-07-01 21:48:08 - Writing [{pagination={totalPages=5, page=0, total=50, size=10}, data=[com.banking.dto.TransactionResponse@2e8 (truncated)...]
2025-07-01 21:48:08 - Writing [{pagination={totalPages=5, page=0, total=50, size=10}, data=[com.banking.dto.TransactionResponse@16c (truncated)...]
2025-07-01 21:48:08 - Writing [{pagination={totalPages=5, page=0, total=50, size=10}, data=[com.banking.dto.TransactionResponse@591 (truncated)...]
2025-07-01 21:48:08 - Writing [{pagination={totalPages=5, page=0, total=50, size=10}, data=[com.banking.dto.TransactionResponse@13b (truncated)...]
2025-07-01 21:48:08 - Writing [{pagination={totalPages=5, page=0, total=50, size=10}, data=[com.banking.dto.TransactionResponse@587 (truncated)...]
2025-07-01 21:48:08 - Writing [{pagination={totalPages=5, page=0, total=50, size=10}, data=[com.banking.dto.TransactionResponse@546 (truncated)...]
2025-07-01 21:48:08 - Writing [{pagination={totalPages=5, page=0, total=50, size=10}, data=[com.banking.dto.TransactionResponse@268 (truncated)...]
2025-07-01 21:48:08 - Writing [{pagination={totalPages=5, page=0, total=50, size=10}, data=[com.banking.dto.TransactionResponse@5ea (truncated)...]
2025-07-01 21:48:08 - Writing [{pagination={totalPages=5, page=0, total=50, size=10}, data=[com.banking.dto.TransactionResponse@4ec (truncated)...]
2025-07-01 21:48:08 - Writing [{pagination={totalPages=5, page=0, total=50, size=10}, data=[com.banking.dto.TransactionResponse@575 (truncated)...]
2025-07-01 21:48:08 - Mapped to com.banking.controller.TransactionController#getStatistics()
2025-07-01 21:48:08 - Mapped to com.banking.controller.TransactionController#getStatistics()
2025-07-01 21:48:08 - Mapped to com.banking.controller.TransactionController#getStatistics()
2025-07-01 21:48:08 - Mapped to com.banking.controller.TransactionController#getStatistics()
2025-07-01 21:48:08 - Mapped to com.banking.controller.TransactionController#getStatistics()
2025-07-01 21:48:08 - Mapped to com.banking.controller.TransactionController#getStatistics()
2025-07-01 21:48:08 - Mapped to com.banking.controller.TransactionController#getStatistics()
2025-07-01 21:48:08 - Mapped to com.banking.controller.TransactionController#getStatistics()
2025-07-01 21:48:08 - Mapped to com.banking.controller.TransactionController#getStatistics()
2025-07-01 21:48:08 - Mapped to com.banking.controller.TransactionController#getStatistics()
2025-07-01 21:48:08 - Using 'application/json', given [*/*] and supported [application/json, application/*+json]
2025-07-01 21:48:08 - Using 'application/json', given [*/*] and supported [application/json, application/*+json]
2025-07-01 21:48:08 - Using 'application/json', given [*/*] and supported [application/json, application/*+json]
2025-07-01 21:48:08 - Using 'application/json', given [*/*] and supported [application/json, application/*+json]
2025-07-01 21:48:08 - Using 'application/json', given [*/*] and supported [application/json, application/*+json]
2025-07-01 21:48:08 - Writing [{pagination={totalPages=5, page=0, total=50, size=10}, data=[com.banking.dto.TransactionResponse@72f (truncated)...]
2025-07-01 21:48:08 - Using 'application/json', given [*/*] and supported [application/json, application/*+json]
2025-07-01 21:48:08 - Writing [{pagination={totalPages=5, page=0, total=50, size=10}, data=[com.banking.dto.TransactionResponse@2d0 (truncated)...]
2025-07-01 21:48:08 - Writing [{pagination={totalPages=5, page=0, total=50, size=10}, data=[com.banking.dto.TransactionResponse@166 (truncated)...]
2025-07-01 21:48:08 - Writing [{pagination={totalPages=5, page=0, total=50, size=10}, data=[com.banking.dto.TransactionResponse@2e9 (truncated)...]
2025-07-01 21:48:08 - Writing [{pagination={totalPages=5, page=0, total=50, size=10}, data=[com.banking.dto.TransactionResponse@70c (truncated)...]
2025-07-01 21:48:08 - Using 'application/json', given [*/*] and supported [application/json, application/*+json]
2025-07-01 21:48:08 - Writing [{pagination={totalPages=5, page=0, total=50, size=10}, data=[com.banking.dto.TransactionResponse@4de (truncated)...]
2025-07-01 21:48:08 - Using 'application/json', given [*/*] and supported [application/json, application/*+json]
2025-07-01 21:48:09 - Writing [{pagination={totalPages=5, page=0, total=50, size=10}, data=[com.banking.dto.TransactionResponse@138 (truncated)...]
2025-07-01 21:48:09 - Writing [{pagination={totalPages=5, page=0, total=50, size=10}, data=[com.banking.dto.TransactionResponse@28e (truncated)...]
2025-07-01 21:48:09 - Using 'application/json', given [*/*] and supported [application/json, application/*+json]
2025-07-01 21:48:09 - Using 'application/json', given [*/*] and supported [application/json, application/*+json]
2025-07-01 21:48:09 - Writing [{pagination={totalPages=5, page=0, total=50, size=10}, data=[com.banking.dto.TransactionResponse@4d1 (truncated)...]
2025-07-01 21:48:09 - Writing [{pagination={totalPages=5, page=0, total=50, size=10}, data=[com.banking.dto.TransactionResponse@49f (truncated)...]
2025-07-01 21:48:09 - Mapped to com.banking.controller.TransactionController#getStatistics()
2025-07-01 21:48:09 - Mapped to com.banking.controller.TransactionController#getStatistics()
2025-07-01 21:48:09 - Mapped to com.banking.controller.TransactionController#getStatistics()
2025-07-01 21:48:09 - Mapped to com.banking.controller.TransactionController#getStatistics()
2025-07-01 21:48:09 - Mapped to com.banking.controller.TransactionController#getStatistics()
2025-07-01 21:48:09 - Using 'application/json', given [*/*] and supported [application/json, application/*+json]
2025-07-01 21:48:09 - Using 'application/json', given [*/*] and supported [application/json, application/*+json]
2025-07-01 21:48:09 - Writing [{data={totalTransactions=50, transactionTypes=[Lcom.banking.model.TransactionType;@502a2559}, succes (truncated)...]
2025-07-01 21:48:09 - Using 'application/json', given [*/*] and supported [application/json, application/*+json]
2025-07-01 21:48:09 - Writing [{data={totalTransactions=50, transactionTypes=[Lcom.banking.model.TransactionType;@6134bbcc}, succes (truncated)...]
2025-07-01 21:48:09 - Writing [{data={totalTransactions=50, transactionTypes=[Lcom.banking.model.TransactionType;@1b1697bb}, succes (truncated)...]
2025-07-01 21:48:09 - Mapped to com.banking.controller.TransactionController#getStatistics()
2025-07-01 21:48:09 - Using 'application/json', given [*/*] and supported [application/json, application/*+json]
2025-07-01 21:48:09 - Writing [{data={totalTransactions=50, transactionTypes=[Lcom.banking.model.TransactionType;@4ce513e7}, succes (truncated)...]
2025-07-01 21:48:09 - Using 'application/json', given [*/*] and supported [application/json, application/*+json]
2025-07-01 21:48:09 - Writing [{data={totalTransactions=50, transactionTypes=[Lcom.banking.model.TransactionType;@2f25ce35}, succes (truncated)...]
2025-07-01 21:48:09 - Mapped to com.banking.controller.TransactionController#getTransactionsByType(TransactionType)
2025-07-01 21:48:09 - Mapped to com.banking.controller.TransactionController#getTransactionsByType(TransactionType)
2025-07-01 21:48:09 - Mapped to com.banking.controller.TransactionController#getTransactionsByType(TransactionType)
2025-07-01 21:48:09 - Mapped to com.banking.controller.TransactionController#getStatistics()
2025-07-01 21:48:09 - Mapped to com.banking.controller.TransactionController#getStatistics()
2025-07-01 21:48:09 - Mapped to com.banking.controller.TransactionController#getStatistics()
2025-07-01 21:48:09 - Mapped to com.banking.controller.TransactionController#getTransactionsByType(TransactionType)
2025-07-01 21:48:09 - Mapped to com.banking.controller.TransactionController#getTransactionsByType(TransactionType)
2025-07-01 21:48:09 - Mapped to com.banking.controller.TransactionController#getStatistics()
2025-07-01 21:48:09 - Using 'application/json', given [*/*] and supported [application/json, application/*+json]
2025-07-01 21:48:09 - Using 'application/json', given [*/*] and supported [application/json, application/*+json]
2025-07-01 21:48:09 - Using 'application/json', given [*/*] and supported [application/json, application/*+json]
2025-07-01 21:48:09 - Writing [{pagination={totalPages=5, page=0, total=50, size=10}, data=[com.banking.dto.TransactionResponse@149 (truncated)...]
2025-07-01 21:48:09 - Writing [{pagination={totalPages=5, page=0, total=50, size=10}, data=[com.banking.dto.TransactionResponse@480 (truncated)...]
2025-07-01 21:48:09 - Using 'application/json', given [*/*] and supported [application/json, application/*+json]
2025-07-01 21:48:09 - Writing [{data={totalTransactions=50, transactionTypes=[Lcom.banking.model.TransactionType;@4e646860}, succes (truncated)...]
2025-07-01 21:48:09 - Writing [{data={totalTransactions=50, transactionTypes=[Lcom.banking.model.TransactionType;@1cf1f172}, succes (truncated)...]
2025-07-01 21:48:09 - Using 'application/json', given [*/*] and supported [application/json, application/*+json]
2025-07-01 21:48:09 - Writing [{pagination={totalPages=5, page=0, total=50, size=10}, data=[com.banking.dto.TransactionResponse@25a (truncated)...]
2025-07-01 21:48:09 - Mapped to com.banking.controller.TransactionController#getTransactionsByType(TransactionType)
2025-07-01 21:48:09 - Mapped to com.banking.controller.TransactionController#getStatistics()
2025-07-01 21:48:09 - Mapped to com.banking.controller.TransactionController#getStatistics()
2025-07-01 21:48:09 - Mapped to com.banking.controller.TransactionController#getTransactionsByType(TransactionType)
2025-07-01 21:48:09 - Using 'application/json', given [*/*] and supported [application/json, application/*+json]
2025-07-01 21:48:09 - Writing [{pagination={totalPages=5, page=0, total=50, size=10}, data=[com.banking.dto.TransactionResponse@412 (truncated)...]
2025-07-01 21:48:09 - Using 'application/json', given [*/*] and supported [application/json, application/*+json]
2025-07-01 21:48:09 - Using 'application/json', given [*/*] and supported [application/json, application/*+json]
2025-07-01 21:48:09 - Using 'application/json', given [*/*] and supported [application/json, application/*+json]
2025-07-01 21:48:09 - Mapped to com.banking.controller.TransactionController#getStatistics()
2025-07-01 21:48:09 - Using 'application/json', given [*/*] and supported [application/json, application/*+json]
2025-07-01 21:48:09 - Writing [{pagination={totalPages=5, page=0, total=50, size=10}, data=[com.banking.dto.TransactionResponse@7f7 (truncated)...]
2025-07-01 21:48:09 - Writing [{pagination={totalPages=5, page=0, total=50, size=10}, data=[com.banking.dto.TransactionResponse@60c (truncated)...]
2025-07-01 21:48:09 - Writing [{pagination={totalPages=5, page=0, total=50, size=10}, data=[com.banking.dto.TransactionResponse@1b8 (truncated)...]
2025-07-01 21:48:09 - Writing [{pagination={totalPages=5, page=0, total=50, size=10}, data=[com.banking.dto.TransactionResponse@2e1 (truncated)...]
2025-07-01 21:48:09 - Mapped to com.banking.controller.TransactionController#getStatistics()
2025-07-01 21:48:09 - Using 'application/json', given [*/*] and supported [application/json, application/*+json]
2025-07-01 21:48:09 - Mapped to com.banking.controller.TransactionController#getStatistics()
2025-07-01 21:48:09 - Using 'application/json', given [*/*] and supported [application/json, application/*+json]
2025-07-01 21:48:09 - Writing [{pagination={totalPages=5, page=0, total=50, size=10}, data=[com.banking.dto.TransactionResponse@268 (truncated)...]
2025-07-01 21:48:09 - Writing [{pagination={totalPages=5, page=0, total=50, size=10}, data=[com.banking.dto.TransactionResponse@441 (truncated)...]
2025-07-01 21:48:09 - Using 'application/json', given [*/*] and supported [application/json, application/*+json]
2025-07-01 21:48:09 - Writing [{pagination={totalPages=5, page=0, total=50, size=10}, data=[com.banking.dto.TransactionResponse@6af (truncated)...]
2025-07-01 21:48:09 - Using 'application/json', given [*/*] and supported [application/json, application/*+json]
2025-07-01 21:48:09 - Writing [{pagination={totalPages=5, page=0, total=50, size=10}, data=[com.banking.dto.TransactionResponse@18d (truncated)...]
2025-07-01 21:48:09 - Mapped to com.banking.controller.TransactionController#getStatistics()
2025-07-01 21:48:09 - Using 'application/json', given [*/*] and supported [application/json, application/*+json]
2025-07-01 21:48:09 - Writing [{data={totalTransactions=50, transactionTypes=[Lcom.banking.model.TransactionType;@9b1975b}, success (truncated)...]
2025-07-01 21:48:09 - Mapped to com.banking.controller.TransactionController#getStatistics()
2025-07-01 21:48:09 - Mapped to com.banking.controller.TransactionController#getStatistics()
2025-07-01 21:48:09 - Mapped to com.banking.controller.TransactionController#getTransactionsByType(TransactionType)
2025-07-01 21:48:09 - Mapped to com.banking.controller.TransactionController#getStatistics()
2025-07-01 21:48:09 - Mapped to com.banking.controller.TransactionController#getStatistics()
2025-07-01 21:48:09 - Mapped to com.banking.controller.TransactionController#getStatistics()
2025-07-01 21:48:09 - Using 'application/json', given [*/*] and supported [application/json, application/*+json]
2025-07-01 21:48:09 - Using 'application/json', given [*/*] and supported [application/json, application/*+json]
2025-07-01 21:48:09 - Using 'application/json', given [*/*] and supported [application/json, application/*+json]
2025-07-01 21:48:09 - Writing [{pagination={totalPages=5, page=0, total=50, size=10}, data=[com.banking.dto.TransactionResponse@5d5 (truncated)...]
2025-07-01 21:48:09 - Writing [{data={totalTransactions=50, transactionTypes=[Lcom.banking.model.TransactionType;@3cf394cf}, succes (truncated)...]
2025-07-01 21:48:09 - Writing [{pagination={totalPages=5, page=0, total=50, size=10}, data=[com.banking.dto.TransactionResponse@1b5 (truncated)...]
2025-07-01 21:48:09 - Using 'application/json', given [*/*] and supported [application/json, application/*+json]
2025-07-01 21:48:09 - Writing [{data={totalTransactions=50, transactionTypes=[Lcom.banking.model.TransactionType;@1dbf309f}, succes (truncated)...]
2025-07-01 21:48:09 - Mapped to com.banking.controller.TransactionController#getStatistics()
2025-07-01 21:48:09 - Mapped to com.banking.controller.TransactionController#getTransactionsByType(TransactionType)
2025-07-01 21:48:09 - Using 'application/json', given [*/*] and supported [application/json, application/*+json]
2025-07-01 21:48:09 - Writing [{data={totalTransactions=50, transactionTypes=[Lcom.banking.model.TransactionType;@2f1968a1}, succes (truncated)...]
2025-07-01 21:48:09 - Mapped to com.banking.controller.TransactionController#getTransactionsByType(TransactionType)
2025-07-01 21:48:09 - Mapped to com.banking.controller.TransactionController#getStatistics()
2025-07-01 21:48:09 - Mapped to com.banking.controller.TransactionController#getStatistics()
2025-07-01 21:48:09 - Mapped to com.banking.controller.TransactionController#getTransactionsByType(TransactionType)
2025-07-01 21:48:09 - Using 'application/json', given [*/*] and supported [application/json, application/*+json]
2025-07-01 21:48:09 - Writing [{pagination={totalPages=5, page=0, total=50, size=10}, data=[com.banking.dto.TransactionResponse@71f (truncated)...]
2025-07-01 21:48:09 - Using 'application/json', given [*/*] and supported [application/json, application/*+json]
2025-07-01 21:48:09 - Using 'application/json', given [*/*] and supported [application/json, application/*+json]
2025-07-01 21:48:09 - Writing [{pagination={totalPages=5, page=0, total=50, size=10}, data=[com.banking.dto.TransactionResponse@379 (truncated)...]
2025-07-01 21:48:09 - Writing [{pagination={totalPages=5, page=0, total=50, size=10}, data=[com.banking.dto.TransactionResponse@19d (truncated)...]
2025-07-01 21:48:09 - Using 'application/json', given [*/*] and supported [application/json, application/*+json]
2025-07-01 21:48:09 - Writing [{pagination={totalPages=5, page=0, total=50, size=10}, data=[com.banking.dto.TransactionResponse@c3b (truncated)...]
2025-07-01 21:48:09 - Using 'application/json', given [*/*] and supported [application/json, application/*+json]
2025-07-01 21:48:09 - Writing [{pagination={totalPages=5, page=0, total=50, size=10}, data=[com.banking.dto.TransactionResponse@692 (truncated)...]
2025-07-01 21:48:09 - Using 'application/json', given [*/*] and supported [application/json, application/*+json]
2025-07-01 21:48:09 - Writing [{pagination={totalPages=5, page=0, total=50, size=10}, data=[com.banking.dto.TransactionResponse@155 (truncated)...]
2025-07-01 21:48:09 - Mapped to com.banking.controller.TransactionController#getStatistics()
2025-07-01 21:48:09 - Mapped to com.banking.controller.TransactionController#getStatistics()
2025-07-01 21:48:09 - Using 'application/json', given [*/*] and supported [application/json, application/*+json]
2025-07-01 21:48:09 - Mapped to com.banking.controller.TransactionController#getStatistics()
2025-07-01 21:48:09 - Mapped to com.banking.controller.TransactionController#getStatistics()
2025-07-01 21:48:09 - Writing [{pagination={totalPages=5, page=0, total=50, size=10}, data=[com.banking.dto.TransactionResponse@5e3 (truncated)...]
2025-07-01 21:48:09 - Mapped to com.banking.controller.TransactionController#getStatistics()
2025-07-01 21:48:09 - Mapped to com.banking.controller.TransactionController#getStatistics()
2025-07-01 21:48:09 - Using 'application/json', given [*/*] and supported [application/json, application/*+json]
2025-07-01 21:48:09 - Writing [{pagination={totalPages=5, page=0, total=50, size=10}, data=[com.banking.dto.TransactionResponse@67b (truncated)...]
2025-07-01 21:48:09 - Mapped to com.banking.controller.TransactionController#getStatistics()
2025-07-01 21:48:09 - Using 'application/json', given [*/*] and supported [application/json, application/*+json]
2025-07-01 21:48:09 - Writing [{pagination={totalPages=5, page=0, total=50, size=10}, data=[com.banking.dto.TransactionResponse@6ea (truncated)...]
2025-07-01 21:48:09 - Mapped to com.banking.controller.TransactionController#getStatistics()
2025-07-01 21:48:09 - Using 'application/json', given [*/*] and supported [application/json, application/*+json]
2025-07-01 21:48:09 - Using 'application/json', given [*/*] and supported [application/json, application/*+json]
2025-07-01 21:48:09 - Using 'application/json', given [*/*] and supported [application/json, application/*+json]
2025-07-01 21:48:09 - Writing [{pagination={totalPages=5, page=0, total=50, size=10}, data=[com.banking.dto.TransactionResponse@7e2 (truncated)...]
2025-07-01 21:48:09 - Writing [{pagination={totalPages=5, page=0, total=50, size=10}, data=[com.banking.dto.TransactionResponse@791 (truncated)...]
2025-07-01 21:48:09 - Writing [{pagination={totalPages=5, page=0, total=50, size=10}, data=[com.banking.dto.TransactionResponse@4f6 (truncated)...]
2025-07-01 21:48:09 - Using 'application/json', given [*/*] and supported [application/json, application/*+json]
2025-07-01 21:48:09 - Writing [{pagination={totalPages=5, page=0, total=50, size=10}, data=[com.banking.dto.TransactionResponse@43b (truncated)...]
2025-07-01 21:48:09 - Using 'application/json', given [*/*] and supported [application/json, application/*+json]
2025-07-01 21:48:09 - Writing [{pagination={totalPages=5, page=0, total=50, size=10}, data=[com.banking.dto.TransactionResponse@7d8 (truncated)...]
2025-07-01 21:48:09 - Using 'application/json', given [*/*] and supported [application/json, application/*+json]
2025-07-01 21:48:09 - Writing [{pagination={totalPages=5, page=0, total=50, size=10}, data=[com.banking.dto.TransactionResponse@5a6 (truncated)...]
2025-07-01 21:48:09 - Mapped to com.banking.controller.TransactionController#getStatistics()
2025-07-01 21:48:09 - Mapped to com.banking.controller.TransactionController#getStatistics()
2025-07-01 21:48:09 - Mapped to com.banking.controller.TransactionController#getStatistics()
2025-07-01 21:48:09 - Using 'application/json', given [*/*] and supported [application/json, application/*+json]
2025-07-01 21:48:09 - Writing [{pagination={totalPages=5, page=0, total=50, size=10}, data=[com.banking.dto.TransactionResponse@7f8 (truncated)...]
2025-07-01 21:48:09 - Mapped to com.banking.controller.TransactionController#getStatistics()
2025-07-01 21:48:09 - Mapped to com.banking.controller.TransactionController#getStatistics()
2025-07-01 21:48:09 - Mapped to com.banking.controller.TransactionController#getStatistics()
2025-07-01 21:48:09 - Mapped to com.banking.controller.TransactionController#getStatistics()
2025-07-01 21:48:09 - Using 'application/json', given [*/*] and supported [application/json, application/*+json]
2025-07-01 21:48:09 - Writing [{pagination={totalPages=5, page=0, total=50, size=10}, data=[com.banking.dto.TransactionResponse@4e8 (truncated)...]
2025-07-01 21:48:09 - Using 'application/json', given [*/*] and supported [application/json, application/*+json]
2025-07-01 21:48:09 - Writing [{pagination={totalPages=5, page=0, total=50, size=10}, data=[com.banking.dto.TransactionResponse@31b (truncated)...]
2025-07-01 21:48:09 - Mapped to com.banking.controller.TransactionController#getStatistics()
2025-07-01 21:48:09 - Using 'application/json', given [*/*] and supported [application/json, application/*+json]
2025-07-01 21:48:09 - Writing [{data={totalTransactions=50, transactionTypes=[Lcom.banking.model.TransactionType;@12559bda}, succes (truncated)...]
2025-07-01 21:48:09 - Mapped to com.banking.controller.TransactionController#getStatistics()
2025-07-01 21:48:09 - Mapped to com.banking.controller.TransactionController#getTransactionsByType(TransactionType)
2025-07-01 21:48:09 - Mapped to com.banking.controller.TransactionController#getStatistics()
2025-07-01 21:48:09 - Using 'application/json', given [*/*] and supported [application/json, application/*+json]
2025-07-01 21:48:09 - Writing [{pagination={totalPages=5, page=0, total=50, size=10}, data=[com.banking.dto.TransactionResponse@3a0 (truncated)...]
2025-07-01 21:48:09 - Using 'application/json', given [*/*] and supported [application/json, application/*+json]
2025-07-01 21:48:09 - Using 'application/json', given [*/*] and supported [application/json, application/*+json]
2025-07-01 21:48:09 - Mapped to com.banking.controller.TransactionController#getStatistics()
2025-07-01 21:48:09 - Using 'application/json', given [*/*] and supported [application/json, application/*+json]
2025-07-01 21:48:09 - Writing [{pagination={totalPages=5, page=0, total=50, size=10}, data=[com.banking.dto.TransactionResponse@283 (truncated)...]
2025-07-01 21:48:09 - Using 'application/json', given [*/*] and supported [application/json, application/*+json]
2025-07-01 21:48:09 - Writing [{pagination={totalPages=5, page=0, total=50, size=10}, data=[com.banking.dto.TransactionResponse@7c7 (truncated)...]
2025-07-01 21:48:09 - Writing [{pagination={totalPages=5, page=0, total=50, size=10}, data=[com.banking.dto.TransactionResponse@19e (truncated)...]
2025-07-01 21:48:09 - Writing [{pagination={totalPages=5, page=0, total=50, size=10}, data=[com.banking.dto.TransactionResponse@225 (truncated)...]
2025-07-01 21:48:09 - Using 'application/json', given [*/*] and supported [application/json, application/*+json]
2025-07-01 21:48:09 - Writing [{pagination={totalPages=5, page=0, total=50, size=10}, data=[com.banking.dto.TransactionResponse@44d (truncated)...]
2025-07-01 21:48:09 - Using 'application/json', given [*/*] and supported [application/json, application/*+json]
2025-07-01 21:48:09 - Using 'application/json', given [*/*] and supported [application/json, application/*+json]
2025-07-01 21:48:09 - Writing [{pagination={totalPages=5, page=0, total=50, size=10}, data=[com.banking.dto.TransactionResponse@327 (truncated)...]
2025-07-01 21:48:09 - Writing [{pagination={totalPages=5, page=0, total=50, size=10}, data=[com.banking.dto.TransactionResponse@595 (truncated)...]
2025-07-01 21:48:09 - Using 'application/json', given [*/*] and supported [application/json, application/*+json]
2025-07-01 21:48:09 - Writing [{pagination={totalPages=5, page=0, total=50, size=10}, data=[com.banking.dto.TransactionResponse@471 (truncated)...]
2025-07-01 21:48:09 - Using 'application/json', given [*/*] and supported [application/json, application/*+json]
2025-07-01 21:48:09 - Writing [{pagination={totalPages=5, page=0, total=50, size=10}, data=[com.banking.dto.TransactionResponse@1f1 (truncated)...]
2025-07-01 21:48:09 - Mapped to com.banking.controller.TransactionController#getStatistics()
2025-07-01 21:48:09 - Mapped to com.banking.controller.TransactionController#getStatistics()
2025-07-01 21:48:09 - Mapped to com.banking.controller.TransactionController#getStatistics()
2025-07-01 21:48:09 - Mapped to com.banking.controller.TransactionController#getStatistics()
2025-07-01 21:48:09 - Using 'application/json', given [*/*] and supported [application/json, application/*+json]
2025-07-01 21:48:09 - Mapped to com.banking.controller.TransactionController#getStatistics()
2025-07-01 21:48:09 - Mapped to com.banking.controller.TransactionController#getStatistics()
2025-07-01 21:48:09 - Mapped to com.banking.controller.TransactionController#getStatistics()
2025-07-01 21:48:09 - Mapped to com.banking.controller.TransactionController#getStatistics()
2025-07-01 21:48:09 - Writing [{pagination={totalPages=5, page=0, total=50, size=10}, data=[com.banking.dto.TransactionResponse@315 (truncated)...]
2025-07-01 21:48:09 - Mapped to com.banking.controller.TransactionController#getStatistics()
2025-07-01 21:48:09 - Mapped to com.banking.controller.TransactionController#getStatistics()
2025-07-01 21:48:09 - Using 'application/json', given [*/*] and supported [application/json, application/*+json]
2025-07-01 21:48:09 - Using 'application/json', given [*/*] and supported [application/json, application/*+json]
2025-07-01 21:48:09 - Using 'application/json', given [*/*] and supported [application/json, application/*+json]
2025-07-01 21:48:09 - Writing [{pagination={totalPages=5, page=0, total=50, size=10}, data=[com.banking.dto.TransactionResponse@4dd (truncated)...]
2025-07-01 21:48:09 - Writing [{pagination={totalPages=5, page=0, total=50, size=10}, data=[com.banking.dto.TransactionResponse@465 (truncated)...]
2025-07-01 21:48:09 - Writing [{pagination={totalPages=5, page=0, total=50, size=10}, data=[com.banking.dto.TransactionResponse@40e (truncated)...]
2025-07-01 21:48:09 - Using 'application/json', given [*/*] and supported [application/json, application/*+json]
2025-07-01 21:48:09 - Using 'application/json', given [*/*] and supported [application/json, application/*+json]
2025-07-01 21:48:09 - Writing [{pagination={totalPages=5, page=0, total=50, size=10}, data=[com.banking.dto.TransactionResponse@6ef (truncated)...]
2025-07-01 21:48:09 - Writing [{pagination={totalPages=5, page=0, total=50, size=10}, data=[com.banking.dto.TransactionResponse@5fd (truncated)...]
2025-07-01 21:48:09 - Using 'application/json', given [*/*] and supported [application/json, application/*+json]
2025-07-01 21:48:09 - Writing [{pagination={totalPages=5, page=0, total=50, size=10}, data=[com.banking.dto.TransactionResponse@302 (truncated)...]
2025-07-01 21:48:09 - Using 'application/json', given [*/*] and supported [application/json, application/*+json]
2025-07-01 21:48:09 - Writing [{pagination={totalPages=5, page=0, total=50, size=10}, data=[com.banking.dto.TransactionResponse@369 (truncated)...]
2025-07-01 21:48:09 - Using 'application/json', given [*/*] and supported [application/json, application/*+json]
2025-07-01 21:48:09 - Using 'application/json', given [*/*] and supported [application/json, application/*+json]
2025-07-01 21:48:09 - Writing [{pagination={totalPages=5, page=0, total=50, size=10}, data=[com.banking.dto.TransactionResponse@382 (truncated)...]
2025-07-01 21:48:09 - Writing [{pagination={totalPages=5, page=0, total=50, size=10}, data=[com.banking.dto.TransactionResponse@545 (truncated)...]
2025-07-01 21:48:09 - Mapped to com.banking.controller.TransactionController#getStatistics()
2025-07-01 21:48:09 - Mapped to com.banking.controller.TransactionController#getStatistics()
2025-07-01 21:48:09 - Using 'application/json', given [*/*] and supported [application/json, application/*+json]
2025-07-01 21:48:09 - Writing [{pagination={totalPages=5, page=0, total=50, size=10}, data=[com.banking.dto.TransactionResponse@3a3 (truncated)...]
2025-07-01 21:48:09 - Mapped to com.banking.controller.TransactionController#getStatistics()
2025-07-01 21:48:09 - Mapped to com.banking.controller.TransactionController#getStatistics()
2025-07-01 21:48:09 - Mapped to com.banking.controller.TransactionController#getStatistics()
2025-07-01 21:48:09 - Mapped to com.banking.controller.TransactionController#getStatistics()
2025-07-01 21:48:09 - Using 'application/json', given [*/*] and supported [application/json, application/*+json]
2025-07-01 21:48:09 - Mapped to com.banking.controller.TransactionController#getStatistics()
2025-07-01 21:48:09 - Writing [{data={totalTransactions=50, transactionTypes=[Lcom.banking.model.TransactionType;@35a3a653}, succes (truncated)...]
2025-07-01 21:48:09 - Mapped to com.banking.controller.TransactionController#getStatistics()
2025-07-01 21:48:09 - Mapped to com.banking.controller.TransactionController#getStatistics()
2025-07-01 21:48:09 - Using 'application/json', given [*/*] and supported [application/json, application/*+json]
2025-07-01 21:48:09 - Writing [{data={totalTransactions=50, transactionTypes=[Lcom.banking.model.TransactionType;@144ce265}, succes (truncated)...]
2025-07-01 21:48:09 - Mapped to com.banking.controller.TransactionController#getStatistics()
2025-07-01 21:48:09 - Mapped to com.banking.controller.TransactionController#getTransactionsByType(TransactionType)
2025-07-01 21:48:09 - Using 'application/json', given [*/*] and supported [application/json, application/*+json]
2025-07-01 21:48:09 - Writing [{data={totalTransactions=50, transactionTypes=[Lcom.banking.model.TransactionType;@60484a56}, succes (truncated)...]
2025-07-01 21:48:09 - Mapped to com.banking.controller.TransactionController#getTransactionsByType(TransactionType)
2025-07-01 21:48:09 - Using 'application/json', given [*/*] and supported [application/json, application/*+json]
2025-07-01 21:48:09 - Writing [{data={totalTransactions=50, transactionTypes=[Lcom.banking.model.TransactionType;@6cf62fd}, success (truncated)...]
2025-07-01 21:48:09 - Mapped to com.banking.controller.TransactionController#getTransactionsByType(TransactionType)
2025-07-01 21:48:09 - Using 'application/json', given [*/*] and supported [application/json, application/*+json]
2025-07-01 21:48:09 - Writing [{pagination={totalPages=5, page=0, total=50, size=10}, data=[com.banking.dto.TransactionResponse@1f4 (truncated)...]
2025-07-01 21:48:09 - Using 'application/json', given [*/*] and supported [application/json, application/*+json]
2025-07-01 21:48:09 - Writing [{pagination={totalPages=5, page=0, total=50, size=10}, data=[com.banking.dto.TransactionResponse@705 (truncated)...]
2025-07-01 21:48:09 - Mapped to com.banking.controller.TransactionController#getTransactionsByType(TransactionType)
2025-07-01 21:48:09 - Using 'application/json', given [*/*] and supported [application/json, application/*+json]
2025-07-01 21:48:09 - Using 'application/json', given [*/*] and supported [application/json, application/*+json]
2025-07-01 21:48:09 - Using 'application/json', given [*/*] and supported [application/json, application/*+json]
2025-07-01 21:48:09 - Writing [{pagination={totalPages=5, page=0, total=50, size=10}, data=[com.banking.dto.TransactionResponse@6e1 (truncated)...]
2025-07-01 21:48:09 - Writing [{pagination={totalPages=5, page=0, total=50, size=10}, data=[com.banking.dto.TransactionResponse@31c (truncated)...]
2025-07-01 21:48:09 - Writing [{data={totalTransactions=50, transactionTypes=[Lcom.banking.model.TransactionType;@701103be}, succes (truncated)...]
2025-07-01 21:48:09 - Using 'application/json', given [*/*] and supported [application/json, application/*+json]
2025-07-01 21:48:09 - Writing [{pagination={totalPages=5, page=0, total=50, size=10}, data=[com.banking.dto.TransactionResponse@d26 (truncated)...]
2025-07-01 21:48:09 - Using 'application/json', given [*/*] and supported [application/json, application/*+json]
2025-07-01 21:48:09 - Writing [{pagination={totalPages=5, page=0, total=50, size=10}, data=[com.banking.dto.TransactionResponse@6da (truncated)...]
2025-07-01 21:48:09 - Using 'application/json', given [*/*] and supported [application/json, application/*+json]
2025-07-01 21:48:09 - Mapped to com.banking.controller.TransactionController#getTransactionsByType(TransactionType)
2025-07-01 21:48:09 - Writing [{pagination={totalPages=5, page=0, total=50, size=10}, data=[com.banking.dto.TransactionResponse@14a (truncated)...]
2025-07-01 21:48:09 - Mapped to com.banking.controller.TransactionController#getStatistics()
2025-07-01 21:48:09 - Using 'application/json', given [*/*] and supported [application/json, application/*+json]
2025-07-01 21:48:09 - Mapped to com.banking.controller.TransactionController#getStatistics()
2025-07-01 21:48:09 - Writing [{data={totalTransactions=50, transactionTypes=[Lcom.banking.model.TransactionType;@1bd3cf46}, succes (truncated)...]
2025-07-01 21:48:09 - Using 'application/json', given [*/*] and supported [application/json, application/*+json]
2025-07-01 21:48:09 - Writing [{data={totalTransactions=50, transactionTypes=[Lcom.banking.model.TransactionType;@66586da3}, succes (truncated)...]
2025-07-01 21:48:09 - Mapped to com.banking.controller.TransactionController#getStatistics()
2025-07-01 21:48:09 - Using 'application/json', given [*/*] and supported [application/json, application/*+json]
2025-07-01 21:48:09 - Mapped to com.banking.controller.TransactionController#getStatistics()
2025-07-01 21:48:09 - Writing [{data={totalTransactions=50, transactionTypes=[Lcom.banking.model.TransactionType;@47d085ff}, succes (truncated)...]
2025-07-01 21:48:09 - Using 'application/json', given [*/*] and supported [application/json, application/*+json]
2025-07-01 21:48:09 - Mapped to com.banking.controller.TransactionController#getStatistics()
2025-07-01 21:48:09 - Using 'application/json', given [*/*] and supported [application/json, application/*+json]
2025-07-01 21:48:09 - Writing [{data={totalTransactions=50, transactionTypes=[Lcom.banking.model.TransactionType;@596c622}, success (truncated)...]
2025-07-01 21:48:09 - Mapped to com.banking.controller.TransactionController#getStatistics()
2025-07-01 21:48:09 - Using 'application/json', given [*/*] and supported [application/json, application/*+json]
2025-07-01 21:48:09 - Writing [{data={totalTransactions=50, transactionTypes=[Lcom.banking.model.TransactionType;@4332bb4f}, succes (truncated)...]
2025-07-01 21:48:09 - Writing [{data={totalTransactions=50, transactionTypes=[Lcom.banking.model.TransactionType;@64098f3f}, succes (truncated)...]
2025-07-01 21:48:09 - Using 'application/json', given [*/*] and supported [application/json, application/*+json]
2025-07-01 21:48:09 - Writing [{pagination={totalPages=5, page=0, total=50, size=10}, data=[com.banking.dto.TransactionResponse@414 (truncated)...]
2025-07-01 21:48:09 - Mapped to com.banking.controller.TransactionController#getStatistics()
2025-07-01 21:48:09 - Mapped to com.banking.controller.TransactionController#getTransactionsByType(TransactionType)
2025-07-01 21:48:09 - Using 'application/json', given [*/*] and supported [application/json, application/*+json]
2025-07-01 21:48:09 - Writing [{data={totalTransactions=50, transactionTypes=[Lcom.banking.model.TransactionType;@97b01c2}, success (truncated)...]
2025-07-01 21:48:09 - Mapped to com.banking.controller.TransactionController#getTransactionsByType(TransactionType)
2025-07-01 21:48:09 - Using 'application/json', given [*/*] and supported [application/json, application/*+json]
2025-07-01 21:48:09 - Using 'application/json', given [*/*] and supported [application/json, application/*+json]
2025-07-01 21:48:09 - Using 'application/json', given [*/*] and supported [application/json, application/*+json]
2025-07-01 21:48:09 - Writing [{data={totalTransactions=50, transactionTypes=[Lcom.banking.model.TransactionType;@3f527727}, succes (truncated)...]
2025-07-01 21:48:09 - Mapped to com.banking.controller.TransactionController#getTransactionsByType(TransactionType)
2025-07-01 21:48:09 - Using 'application/json', given [*/*] and supported [application/json, application/*+json]
2025-07-01 21:48:09 - Writing [{pagination={totalPages=5, page=0, total=50, size=10}, data=[com.banking.dto.TransactionResponse@4a3 (truncated)...]
2025-07-01 21:48:09 - Writing [{data={totalTransactions=50, transactionTypes=[Lcom.banking.model.TransactionType;@7d874992}, succes (truncated)...]
2025-07-01 21:48:09 - Writing [{data={totalTransactions=50, transactionTypes=[Lcom.banking.model.TransactionType;@26c22a79}, succes (truncated)...]
2025-07-01 21:48:09 - Mapped to com.banking.controller.TransactionController#getTransactionsByType(TransactionType)
2025-07-01 21:48:09 - Mapped to com.banking.controller.TransactionController#getTransactionsByType(TransactionType)
2025-07-01 21:48:09 - Mapped to com.banking.controller.TransactionController#getTransactionsByType(TransactionType)
2025-07-01 21:48:09 - Using 'application/json', given [*/*] and supported [application/json, application/*+json]
2025-07-01 21:48:09 - Mapped to com.banking.controller.TransactionController#getTransactionsByType(TransactionType)
2025-07-01 21:48:09 - Writing [{data={totalTransactions=50, transactionTypes=[Lcom.banking.model.TransactionType;@4e572397}, succes (truncated)...]
2025-07-01 21:48:09 - Mapped to com.banking.controller.TransactionController#getTransactionsByType(TransactionType)
2025-07-01 21:48:09 - Mapped to com.banking.controller.TransactionController#getStatistics()
2025-07-01 21:48:09 - Mapped to com.banking.controller.TransactionController#getTransactionsByType(TransactionType)
2025-07-01 21:48:09 - Mapped to com.banking.controller.TransactionController#getTransactionsByType(TransactionType)
2025-07-01 21:48:09 - Mapped to com.banking.controller.TransactionController#getStatistics()
2025-07-01 21:48:09 - Using 'application/json', given [*/*] and supported [application/json, application/*+json]
2025-07-01 21:48:09 - Mapped to com.banking.controller.TransactionController#getTransactionsByType(TransactionType)
2025-07-01 21:48:09 - Writing [{data={totalTransactions=50, transactionTypes=[Lcom.banking.model.TransactionType;@53069e28}, succes (truncated)...]
2025-07-01 21:48:09 - Using 'application/json', given [*/*] and supported [application/json, application/*+json]
2025-07-01 21:48:09 - Using 'application/json', given [*/*] and supported [application/json, application/*+json]
2025-07-01 21:48:09 - Using 'application/json', given [*/*] and supported [application/json, application/*+json]
2025-07-01 21:48:09 - Writing [{pagination={totalPages=5, page=0, total=50, size=10}, data=[com.banking.dto.TransactionResponse@10b (truncated)...]
2025-07-01 21:48:09 - Writing [{data={totalTransactions=50, transactionTypes=[Lcom.banking.model.TransactionType;@48c01e08}, succes (truncated)...]
2025-07-01 21:48:09 - Writing [{data={totalTransactions=50, transactionTypes=[Lcom.banking.model.TransactionType;@4affb993}, succes (truncated)...]
2025-07-01 21:48:09 - Mapped to com.banking.controller.TransactionController#getTransactionsByType(TransactionType)
2025-07-01 21:48:09 - Using 'application/json', given [*/*] and supported [application/json, application/*+json]
2025-07-01 21:48:09 - Mapped to com.banking.controller.TransactionController#getTransactionsByType(TransactionType)
2025-07-01 21:48:09 - Mapped to com.banking.controller.TransactionController#getTransactionsByType(TransactionType)
2025-07-01 21:48:09 - Using 'application/json', given [*/*] and supported [application/json, application/*+json]
2025-07-01 21:48:09 - Writing [{data={totalTransactions=50, transactionTypes=[Lcom.banking.model.TransactionType;@405180db}, succes (truncated)...]
2025-07-01 21:48:09 - Using 'application/json', given [*/*] and supported [application/json, application/*+json]
2025-07-01 21:48:09 - Writing [{data={totalTransactions=50, transactionTypes=[Lcom.banking.model.TransactionType;@4fd35bc6}, succes (truncated)...]
2025-07-01 21:48:09 - Writing [{data={totalTransactions=50, transactionTypes=[Lcom.banking.model.TransactionType;@2a15e1de}, succes (truncated)...]
2025-07-01 21:48:09 - Mapped to com.banking.controller.TransactionController#getStatistics()
2025-07-01 21:48:09 - Using 'application/json', given [*/*] and supported [application/json, application/*+json]
2025-07-01 21:48:09 - Writing [{data={totalTransactions=50, transactionTypes=[Lcom.banking.model.TransactionType;@58ede3d2}, succes (truncated)...]
2025-07-01 21:48:09 - Using 'application/json', given [*/*] and supported [application/json, application/*+json]
2025-07-01 21:48:09 - Writing [{pagination={totalPages=5, page=0, total=50, size=10}, data=[com.banking.dto.TransactionResponse@67a (truncated)...]
2025-07-01 21:48:09 - Using 'application/json', given [*/*] and supported [application/json, application/*+json]
2025-07-01 21:48:09 - Using 'application/json', given [*/*] and supported [application/json, application/*+json]
2025-07-01 21:48:09 - Mapped to com.banking.controller.TransactionController#getTransactionsByType(TransactionType)
2025-07-01 21:48:09 - Writing [{pagination={totalPages=5, page=0, total=50, size=10}, data=[com.banking.dto.TransactionResponse@2e9 (truncated)...]
2025-07-01 21:48:09 - Mapped to com.banking.controller.TransactionController#getTransactionsByType(TransactionType)
2025-07-01 21:48:09 - Writing [{pagination={totalPages=5, page=0, total=50, size=10}, data=[com.banking.dto.TransactionResponse@444 (truncated)...]
2025-07-01 21:48:09 - Mapped to com.banking.controller.TransactionController#getTransactionsByType(TransactionType)
2025-07-01 21:48:09 - Using 'application/json', given [*/*] and supported [application/json, application/*+json]
[...]
2025-07-01 21:48:14 - Using 'application/json', given [*/*] and supported [application/json, application/*+json]
2025-07-01 21:48:14 - Writing [{data={transDate=2025-07-01, securityCode=000001, buyStatistics={averagePrice=10.0000, totalAmount=1 (truncated)...]
2025-07-01 21:48:14 - Mapped to com.banking.controller.TransactionController#getTransactionsByAccount(String)
2025-07-01 21:48:14 - Using 'application/json', given [*/*] and supported [application/json, application/*+json]
2025-07-01 21:48:14 - Writing [{data=[com.banking.dto.TransactionResponse@322366c, com.banking.dto.TransactionResponse@57f0e1cb, co (truncated)...]
2025-07-01 21:48:14 - Mapped to com.banking.controller.TransactionController#getSecurityStatistics(String, String)
2025-07-01 21:48:14 - Using 'application/json', given [*/*] and supported [application/json, application/*+json]
2025-07-01 21:48:14 - Writing [{data={transDate=2025-07-01, securityCode=000001, buyStatistics={averagePrice=10.0000, totalAmount=1 (truncated)...]
2025-07-01 21:48:14 - Mapped to com.banking.controller.TransactionController#getTransactionsByAccount(String)
2025-07-01 21:48:14 - Using 'application/json', given [*/*] and supported [application/json, application/*+json]
2025-07-01 21:48:14 - Writing [{data=[com.banking.dto.TransactionResponse@9541ab1, com.banking.dto.TransactionResponse@3ad381e1, co (truncated)...]
2025-07-01 21:48:14 - Mapped to com.banking.controller.TransactionController#getSecurityStatistics(String, String)
2025-07-01 21:48:14 - Using 'application/json', given [*/*] and supported [application/json, application/*+json]
2025-07-01 21:48:14 - Writing [{data=[], success=true, message=获取账户交易成功}]
2025-07-01 21:48:14 - Using 'application/json', given [*/*] and supported [application/json, application/*+json]
2025-07-01 21:48:14 - Writing [{data={transDate=2025-07-01, securityCode=000001, buyStatistics={averagePrice=10.0000, totalAmount=1 (truncated)...]
2025-07-01 21:48:14 - Using 'application/json', given [*/*] and supported [application/json, application/*+json]
2025-07-01 21:48:14 - Writing [{data=[com.banking.dto.TransactionResponse@2ffae9c9], success=true, message=获取账户交易成功}]
2025-07-01 21:48:14 - Mapped to com.banking.controller.TransactionController#getTransactionsByAccount(String)
2025-07-01 21:48:14 - Using 'application/json', given [*/*] and supported [application/json, application/*+json]
2025-07-01 21:48:14 - Writing [{data=[], success=true, message=获取账户交易成功}]
2025-07-01 21:48:14 - Using 'application/json', given [*/*] and supported [application/json, application/*+json]
2025-07-01 21:48:14 - Writing [{data=[com.banking.dto.TransactionResponse@7c8bae23], success=true, message=获取账户交易成功}]
2025-07-01 21:48:14 - Using 'application/json', given [*/*] and supported [application/json, application/*+json]
2025-07-01 21:48:14 - Writing [{data=[], success=true, message=获取账户交易成功}]
2025-07-01 21:48:14 - Using 'application/json', given [*/*] and supported [application/json, application/*+json]
2025-07-01 21:48:14 - Writing [{data=[com.banking.dto.TransactionResponse@6e8847ad, com.banking.dto.TransactionResponse@649e59d7, c (truncated)...]
2025-07-01 21:48:14 - Mapped to com.banking.controller.TransactionController#getSecurityStatistics(String, String)
2025-07-01 21:48:14 - Using 'application/json', given [*/*] and supported [application/json, application/*+json]
2025-07-01 21:48:14 - Writing [{data={transDate=2025-07-01, securityCode=000001, buyStatistics={averagePrice=10.0000, totalAmount=1 (truncated)...]
2025-07-01 21:48:14 - Mapped to com.banking.controller.TransactionController#getTransactionsByAccount(String)
2025-07-01 21:48:14 - Using 'application/json', given [*/*] and supported [application/json, application/*+json]
2025-07-01 21:48:14 - Writing [{data=[com.banking.dto.TransactionResponse@3b87547f, com.banking.dto.TransactionResponse@531f4a97, c (truncated)...]
2025-07-01 21:48:14 - Using 'application/json', given [*/*] and supported [application/json, application/*+json]
2025-07-01 21:48:14 - Writing [{data=[], success=true, message=获取账户交易成功}]
2025-07-01 21:48:14 - Mapped to com.banking.controller.TransactionController#getSecurityStatistics(String, String)
2025-07-01 21:48:14 - Using 'application/json', given [*/*] and supported [application/json, application/*+json]
2025-07-01 21:48:14 - Writing [{data={transDate=2025-07-01, securityCode=000001, buyStatistics={averagePrice=10.0000, totalAmount=1 (truncated)...]
2025-07-01 21:48:14 - Mapped to com.banking.controller.TransactionController#getTransactionsByAccount(String)
2025-07-01 21:48:14 - Using 'application/json', given [*/*] and supported [application/json, application/*+json]
2025-07-01 21:48:14 - Writing [{data=[com.banking.dto.TransactionResponse@3e49e872, com.banking.dto.TransactionResponse@685ad460, c (truncated)...]
2025-07-01 21:48:14 - Using 'application/json', given [*/*] and supported [application/json, application/*+json]
2025-07-01 21:48:14 - Writing [{data=[], success=true, message=获取账户交易成功}]
2025-07-01 21:48:14 - Using 'application/json', given [*/*] and supported [application/json, application/*+json]
2025-07-01 21:48:14 - Writing [{data=[], success=true, message=获取账户交易成功}]
2025-07-01 21:48:14 - Mapped to com.banking.controller.TransactionController#getSecurityStatistics(String, String)
2025-07-01 21:48:14 - Using 'application/json', given [*/*] and supported [application/json, application/*+json]
2025-07-01 21:48:14 - Writing [{data=[], success=true, message=获取账户交易成功}]
2025-07-01 21:48:14 - Using 'application/json', given [*/*] and supported [application/json, application/*+json]
2025-07-01 21:48:14 - Writing [{data={transDate=2025-07-01, securityCode=000001, buyStatistics={averagePrice=10.0000, totalAmount=1 (truncated)...]
2025-07-01 21:48:14 - Using 'application/json', given [*/*] and supported [application/json, application/*+json]
2025-07-01 21:48:14 - Mapped to com.banking.controller.TransactionController#getTransactionsByAccount(String)
2025-07-01 21:48:14 - Writing [{data=[com.banking.dto.TransactionResponse@105f244b], success=true, message=获取账户交易成功}]
2025-07-01 21:48:14 - Using 'application/json', given [*/*] and supported [application/json, application/*+json]
2025-07-01 21:48:14 - Writing [{data=[com.banking.dto.TransactionResponse@3608a13e], success=true, message=获取账户交易成功}]
2025-07-01 21:48:14 - Using 'application/json', given [*/*] and supported [application/json, application/*+json]
2025-07-01 21:48:14 - Writing [{data=[com.banking.dto.TransactionResponse@bdd2123], success=true, message=获取账户交易成功}]
2025-07-01 21:48:14 - Using 'application/json', given [*/*] and supported [application/json, application/*+json]
2025-07-01 21:48:14 - Writing [{data=[], success=true, message=获取账户交易成功}]
2025-07-01 21:48:14 - Using 'application/json', given [*/*] and supported [application/json, application/*+json]
2025-07-01 21:48:14 - Writing [{data=[], success=true, message=获取账户交易成功}]
2025-07-01 21:48:14 - Using 'application/json', given [*/*] and supported [application/json, application/*+json]
2025-07-01 21:48:14 - Writing [{data=[com.banking.dto.TransactionResponse@3f23b5f9], success=true, message=获取账户交易成功}]
2025-07-01 21:48:14 - Using 'application/json', given [*/*] and supported [application/json, application/*+json]
2025-07-01 21:48:14 - Writing [{data=[com.banking.dto.TransactionResponse@1361248e], success=true, message=获取账户交易成功}]
2025-07-01 21:48:14 - Using 'application/json', given [*/*] and supported [application/json, application/*+json]
2025-07-01 21:48:14 - Writing [{data=[com.banking.dto.TransactionResponse@2626e627], success=true, message=获取账户交易成功}]
2025-07-01 21:48:14 - Using 'application/json', given [*/*] and supported [application/json, application/*+json]
2025-07-01 21:48:14 - Writing [{data=[com.banking.dto.TransactionResponse@1e5b41e1, com.banking.dto.TransactionResponse@3d4776f4, c (truncated)...]
2025-07-01 21:48:14 - Mapped to com.banking.controller.TransactionController#getSecurityStatistics(String, String)
2025-07-01 21:48:14 - Using 'application/json', given [*/*] and supported [application/json, application/*+json]
2025-07-01 21:48:14 - Writing [{data=[com.banking.dto.TransactionResponse@18551578], success=true, message=获取账户交易成功}]
2025-07-01 21:48:14 - Using 'application/json', given [*/*] and supported [application/json, application/*+json]
2025-07-01 21:48:14 - Writing [{data={transDate=2025-07-01, securityCode=000001, buyStatistics={averagePrice=10.0000, totalAmount=1 (truncated)...]
2025-07-01 21:48:14 - Mapped to com.banking.controller.TransactionController#getTransactionsByAccount(String)
2025-07-01 21:48:14 - Using 'application/json', given [*/*] and supported [application/json, application/*+json]
2025-07-01 21:48:14 - Writing [{data=[com.banking.dto.TransactionResponse@f527994, com.banking.dto.TransactionResponse@6fdf4871, co (truncated)...]
2025-07-01 21:48:14 - Using 'application/json', given [*/*] and supported [application/json, application/*+json]
2025-07-01 21:48:14 - Mapped to com.banking.controller.TransactionController#getSecurityStatistics(String, String)
2025-07-01 21:48:14 - Writing [{data=[com.banking.dto.TransactionResponse@3343e332], success=true, message=获取账户交易成功}]
2025-07-01 21:48:14 - Using 'application/json', given [*/*] and supported [application/json, application/*+json]
2025-07-01 21:48:14 - Writing [{data={transDate=2025-07-01, securityCode=000001, buyStatistics={averagePrice=10.0000, totalAmount=1 (truncated)...]
2025-07-01 21:48:14 - Mapped to com.banking.controller.TransactionController#getTransactionsByAccount(String)
2025-07-01 21:48:14 - Using 'application/json', given [*/*] and supported [application/json, application/*+json]
2025-07-01 21:48:14 - Writing [{data=[com.banking.dto.TransactionResponse@4991ea1a, com.banking.dto.TransactionResponse@ddffcfe, co (truncated)...]
2025-07-01 21:48:14 - Mapped to com.banking.controller.TransactionController#getSecurityStatistics(String, String)
2025-07-01 21:48:14 - Using 'application/json', given [*/*] and supported [application/json, application/*+json]
2025-07-01 21:48:14 - Writing [{data={transDate=2025-07-01, securityCode=000001, buyStatistics={averagePrice=10.0000, totalAmount=1 (truncated)...]
2025-07-01 21:48:14 - Using 'application/json', given [*/*] and supported [application/json, application/*+json]
2025-07-01 21:48:14 - Writing [{data=[], success=true, message=获取账户交易成功}]
2025-07-01 21:48:14 - Mapped to com.banking.controller.TransactionController#getTransactionsByAccount(String)
2025-07-01 21:48:14 - Using 'application/json', given [*/*] and supported [application/json, application/*+json]
2025-07-01 21:48:14 - Writing [{data=[com.banking.dto.TransactionResponse@9793595], success=true, message=获取账户交易成功}]
2025-07-01 21:48:14 - Using 'application/json', given [*/*] and supported [application/json, application/*+json]
2025-07-01 21:48:14 - Writing [{data=[com.banking.dto.TransactionResponse@7011a96a], success=true, message=获取账户交易成功}]
2025-07-01 21:48:14 - Using 'application/json', given [*/*] and supported [application/json, application/*+json]
2025-07-01 21:48:14 - Writing [{data=[com.banking.dto.TransactionResponse@1bd5fafc], success=true, message=获取账户交易成功}]
2025-07-01 21:48:14 - Using 'application/json', given [*/*] and supported [application/json, application/*+json]
2025-07-01 21:48:14 - Writing [{data=[com.banking.dto.TransactionResponse@429bf01b], success=true, message=获取账户交易成功}]
2025-07-01 21:48:14 - Using 'application/json', given [*/*] and supported [application/json, application/*+json]
2025-07-01 21:48:14 - Writing [{data=[com.banking.dto.TransactionResponse@79da8b13], success=true, message=获取账户交易成功}]
2025-07-01 21:48:14 - Using 'application/json', given [*/*] and supported [application/json, application/*+json]
2025-07-01 21:48:14 - Writing [{data=[com.banking.dto.TransactionResponse@24529fff], success=true, message=获取账户交易成功}]
2025-07-01 21:48:14 - Using 'application/json', given [*/*] and supported [application/json, application/*+json]
2025-07-01 21:48:14 - Writing [{data=[com.banking.dto.TransactionResponse@6d0ade21], success=true, message=获取账户交易成功}]
2025-07-01 21:48:14 - Using 'application/json', given [*/*] and supported [application/json, application/*+json]
2025-07-01 21:48:14 - Writing [{data=[], success=true, message=获取账户交易成功}]
2025-07-01 21:48:14 - Using 'application/json', given [*/*] and supported [application/json, application/*+json]
2025-07-01 21:48:14 - Writing [{data=[], success=true, message=获取账户交易成功}]
2025-07-01 21:48:14 - Using 'application/json', given [*/*] and supported [application/json, application/*+json]
2025-07-01 21:48:14 - Writing [{data=[com.banking.dto.TransactionResponse@8e3f022], success=true, message=获取账户交易成功}]
2025-07-01 21:48:14 - Using 'application/json', given [*/*] and supported [application/json, application/*+json]
2025-07-01 21:48:14 - Writing [{data=[com.banking.dto.TransactionResponse@1de2a2e0], success=true, message=获取账户交易成功}]
2025-07-01 21:48:14 - Using 'application/json', given [*/*] and supported [application/json, application/*+json]
2025-07-01 21:48:14 - Writing [{data=[com.banking.dto.TransactionResponse@215091c9], success=true, message=获取账户交易成功}]
2025-07-01 21:48:14 - Using 'application/json', given [*/*] and supported [application/json, application/*+json]
2025-07-01 21:48:14 - Writing [{data=[com.banking.dto.TransactionResponse@691f4bb1], success=true, message=获取账户交易成功}]
2025-07-01 21:48:14 - Mapped to com.banking.controller.TransactionController#getSecurityStatistics(String, String)
2025-07-01 21:48:14 - Using 'application/json', given [*/*] and supported [application/json, application/*+json]
2025-07-01 21:48:14 - Writing [{data={transDate=2025-07-01, securityCode=000001, buyStatistics={averagePrice=10.0000, totalAmount=1 (truncated)...]
2025-07-01 21:48:14 - Mapped to com.banking.controller.TransactionController#getTransactionsByAccount(String)
2025-07-01 21:48:14 - Using 'application/json', given [*/*] and supported [application/json, application/*+json]
2025-07-01 21:48:14 - Writing [{data=[com.banking.dto.TransactionResponse@3d615054], success=true, message=获取账户交易成功}]
2025-07-01 21:48:14 - Mapped to com.banking.controller.TransactionController#getSecurityStatistics(String, String)
2025-07-01 21:48:14 - Using 'application/json', given [*/*] and supported [application/json, application/*+json]
2025-07-01 21:48:14 - Writing [{data={transDate=2025-07-01, securityCode=000001, buyStatistics={averagePrice=10.0000, totalAmount=1 (truncated)...]
2025-07-01 21:48:14 - Mapped to com.banking.controller.TransactionController#getTransactionsByAccount(String)
2025-07-01 21:48:14 - Mapped to com.banking.controller.TransactionController#getSecurityStatistics(String, String)
2025-07-01 21:48:14 - Using 'application/json', given [*/*] and supported [application/json, application/*+json]
2025-07-01 21:48:14 - Writing [{data={transDate=2025-07-01, securityCode=000001, buyStatistics={averagePrice=10.0000, totalAmount=1 (truncated)...]
2025-07-01 21:48:14 - Mapped to com.banking.controller.TransactionController#getTransactionsByAccount(String)
2025-07-01 21:48:14 - Using 'application/json', given [*/*] and supported [application/json, application/*+json]
2025-07-01 21:48:14 - Writing [{data=[com.banking.dto.TransactionResponse@2d64a45b], success=true, message=获取账户交易成功}]
2025-07-01 21:48:14 - Using 'application/json', given [*/*] and supported [application/json, application/*+json]
2025-07-01 21:48:14 - Writing [{data=[com.banking.dto.TransactionResponse@2ae82c86], success=true, message=获取账户交易成功}]
2025-07-01 21:48:14 - Mapped to com.banking.controller.TransactionController#getSecurityStatistics(String, String)
2025-07-01 21:48:14 - Using 'application/json', given [*/*] and supported [application/json, application/*+json]
2025-07-01 21:48:14 - Writing [{data={transDate=2025-07-01, securityCode=000001, buyStatistics={averagePrice=10.0000, totalAmount=1 (truncated)...]
2025-07-01 21:48:14 - Mapped to com.banking.controller.TransactionController#getTransactionsByAccount(String)
2025-07-01 21:48:14 - Using 'application/json', given [*/*] and supported [application/json, application/*+json]
2025-07-01 21:48:14 - Writing [{data=[com.banking.dto.TransactionResponse@2401ada9], success=true, message=获取账户交易成功}]
2025-07-01 21:48:14 - Mapped to com.banking.controller.TransactionController#getSecurityStatistics(String, String)
2025-07-01 21:48:14 - Using 'application/json', given [*/*] and supported [application/json, application/*+json]
2025-07-01 21:48:14 - Writing [{data={transDate=2025-07-01, securityCode=000001, buyStatistics={averagePrice=10.0000, totalAmount=1 (truncated)...]
2025-07-01 21:48:14 - Mapped to com.banking.controller.TransactionController#getTransactionsByAccount(String)
2025-07-01 21:48:14 - Using 'application/json', given [*/*] and supported [application/json, application/*+json]
2025-07-01 21:48:14 - Writing [{data=[com.banking.dto.TransactionResponse@5ee0ad1c], success=true, message=获取账户交易成功}]
2025-07-01 21:48:14 - Mapped to com.banking.controller.TransactionController#getSecurityStatistics(String, String)
2025-07-01 21:48:14 - Using 'application/json', given [*/*] and supported [application/json, application/*+json]
2025-07-01 21:48:14 - Writing [{data={transDate=2025-07-01, securityCode=000001, buyStatistics={averagePrice=10.0000, totalAmount=1 (truncated)...]
2025-07-01 21:48:14 - Mapped to com.banking.controller.TransactionController#getTransactionsByAccount(String)
2025-07-01 21:48:14 - Using 'application/json', given [*/*] and supported [application/json, application/*+json]
2025-07-01 21:48:14 - Writing [{data=[com.banking.dto.TransactionResponse@eb9ac51], success=true, message=获取账户交易成功}]
2025-07-01 21:48:14 - Mapped to com.banking.controller.TransactionController#getSecurityStatistics(String, String)
2025-07-01 21:48:14 - Using 'application/json', given [*/*] and supported [application/json, application/*+json]
2025-07-01 21:48:14 - Writing [{data={transDate=2025-07-01, securityCode=000001, buyStatistics={averagePrice=10.0000, totalAmount=1 (truncated)...]
2025-07-01 21:48:14 - Mapped to com.banking.controller.TransactionController#getSecurityStatistics(String, String)
2025-07-01 21:48:14 - Mapped to com.banking.controller.TransactionController#getTransactionsByAccount(String)
2025-07-01 21:48:14 - Using 'application/json', given [*/*] and supported [application/json, application/*+json]
2025-07-01 21:48:14 - Mapped to com.banking.controller.TransactionController#getSecurityStatistics(String, String)
2025-07-01 21:48:14 - Writing [{data={transDate=2025-07-01, securityCode=000001, buyStatistics={averagePrice=10.0000, totalAmount=1 (truncated)...]
2025-07-01 21:48:14 - Using 'application/json', given [*/*] and supported [application/json, application/*+json]
2025-07-01 21:48:14 - Writing [{data={transDate=2025-07-01, securityCode=000001, buyStatistics={averagePrice=10.0000, totalAmount=1 (truncated)...]
2025-07-01 21:48:14 - Mapped to com.banking.controller.TransactionController#getTransactionsByAccount(String)
2025-07-01 21:48:14 - Mapped to com.banking.controller.TransactionController#getTransactionsByAccount(String)
2025-07-01 21:48:14 - Using 'application/json', given [*/*] and supported [application/json, application/*+json]
2025-07-01 21:48:14 - Writing [{data=[com.banking.dto.TransactionResponse@1f4d0d3f], success=true, message=获取账户交易成功}]
2025-07-01 21:48:14 - Using 'application/json', given [*/*] and supported [application/json, application/*+json]
2025-07-01 21:48:14 - Using 'application/json', given [*/*] and supported [application/json, application/*+json]
2025-07-01 21:48:14 - Writing [{data=[com.banking.dto.TransactionResponse@417a92db], success=true, message=获取账户交易成功}]
2025-07-01 21:48:14 - Writing [{data=[com.banking.dto.TransactionResponse@7b67f92], success=true, message=获取账户交易成功}]
=== 混合操作测试结果 ===
并发用户数: 100
总耗时: 3703ms
========================
]]></system-out>
  </testcase>
</testsuite>