<?xml version="1.0" encoding="UTF-8"?>
<testsuite xmlns:xsi="http://www.w3.org/2001/XMLSchema-instance" xsi:noNamespaceSchemaLocation="https://maven.apache.org/surefire/maven-surefire-plugin/xsd/surefire-test-report-3.0.xsd" version="3.0" name="com.banking.StressTest" time="17.395" tests="3" errors="0" skipped="0" failures="0">
  <properties>
[...]
</properties>
  <testcase name="testConcurrentReadOperations" classname="com.banking.StressTest" time="1.862">
    <system-out><![CDATA[2025-07-01 12:18:58 - Could not detect default configuration classes for test class [com.banking.StressTest]: StressTest does not declare any static, non-private, non-final, nested classes annotated with @Configuration.
2025-07-01 12:18:58 - Found @SpringBootConfiguration com.banking.TransactionManagementApplication for test class com.banking.StressTest

  .   ____          _            __ _ _
 /\\ / ___'_ __ _ _(_)_ __  __ _ \ \ \ \
( ( )\___ | '_ | '_| | '_ \/ _` | \ \ \ \
 \\/  ___)| |_)| | | | | || (_| |  ) ) ) )
  '  |____| .__|_| |_|_| |_\__, | / / / /
 =========|_|==============|___/=/_/_/_/
 :: Spring Boot ::                (v3.2.0)

2025-07-01 12:18:58 - Starting StressTest using Java 21.0.7 with PID 2200 (started by JBY in C:\Users\JBY\My Python\My Java\TransManagement\backend)
2025-07-01 12:18:58 - Running with Spring Boot v3.2.0, Spring v6.1.1
2025-07-01 12:18:58 - The following 1 profile is active: "test"
2025-07-01 12:18:58 - Refreshing org.springframework.web.context.support.GenericWebApplicationContext@5415ed48
2025-07-01 12:19:00 - Bootstrapping Spring Data JPA repositories in DEFAULT mode.
2025-07-01 12:19:00 - Finished Spring Data repository scanning in 130 ms. Found 1 JPA repository interface.
2025-07-01 12:19:01 - HHH000204: Processing PersistenceUnitInfo [name: default]
2025-07-01 12:19:02 - HHH000412: Hibernate ORM core version 6.3.1.Final
2025-07-01 12:19:02 - HHH000026: Second-level cache disabled
2025-07-01 12:19:02 - No LoadTimeWeaver setup: ignoring JPA class transformer
2025-07-01 12:19:02 - HikariPool-1 - Starting...
2025-07-01 12:19:02 - HikariPool-1 - Added connection conn0: url=jdbc:h2:mem:testdb user=SA
2025-07-01 12:19:02 - HikariPool-1 - Start completed.
2025-07-01 12:19:03 - HHH90000025: H2Dialect does not need to be specified explicitly using 'hibernate.dialect' (remove the property setting and it will be selected by default)
2025-07-01 12:19:04 - HHH000489: No JTA platform available (set 'hibernate.transaction.jta.platform' to enable JTA platform integration)
2025-07-01 12:19:04 - Initialized JPA EntityManagerFactory for persistence unit 'default'
2025-07-01 12:19:05 - Hibernate is in classpath; If applicable, HQL parser will be used.
2025-07-01 12:19:07 - spring.jpa.open-in-view is enabled by default. Therefore, database queries may be performed during view rendering. Explicitly configure spring.jpa.open-in-view to disable this warning
2025-07-01 12:19:07 - 15 mappings in 'requestMappingHandlerMapping'
2025-07-01 12:19:07 - Patterns [/webjars/**, /**, /swagger-ui*/*swagger-initializer.js, /swagger-ui*/**] in 'resourceHandlerMapping'
2025-07-01 12:19:07 - ControllerAdvice beans: 0 @ModelAttribute, 0 @InitBinder, 1 RequestBodyAdvice, 1 ResponseBodyAdvice
2025-07-01 12:19:07 - ControllerAdvice beans: 2 @ExceptionHandler, 1 ResponseBodyAdvice
2025-07-01 12:19:09 - Filter 'webMvcObservationFilter' configured for use
2025-07-01 12:19:09 - Initializing Spring TestDispatcherServlet ''
2025-07-01 12:19:09 - Initializing Servlet ''
2025-07-01 12:19:09 - Exposing 3 endpoint(s) beneath base path '/actuator'
2025-07-01 12:19:09 - Completed initialization in 63 ms
2025-07-01 12:19:09 - Started StressTest in 10.77 seconds (process running for 21.885)
开始新的压力测试...
2025-07-01 12:19:09 - Mapped to com.banking.controller.TransactionController#createTransaction(TransactionRequest)
2025-07-01 12:19:09 - Read "application/json;charset=UTF-8" to [com.banking.dto.TransactionRequest@c580111]
2025-07-01 12:19:10 - Using 'application/json', given [*/*] and supported [application/json, application/*+json]
2025-07-01 12:19:10 - Writing [{data=com.banking.dto.TransactionResponse@10e07fa9, success=true, message=交易创建成功}]
2025-07-01 12:19:10 - Mapped to com.banking.controller.TransactionController#createTransaction(TransactionRequest)
2025-07-01 12:19:10 - Read "application/json;charset=UTF-8" to [com.banking.dto.TransactionRequest@544cb96]
2025-07-01 12:19:10 - Using 'application/json', given [*/*] and supported [application/json, application/*+json]
2025-07-01 12:19:10 - Writing [{data=com.banking.dto.TransactionResponse@5b51668e, success=true, message=交易创建成功}]
2025-07-01 12:19:10 - Mapped to com.banking.controller.TransactionController#createTransaction(TransactionRequest)
2025-07-01 12:19:10 - Read "application/json;charset=UTF-8" to [com.banking.dto.TransactionRequest@351b3194]
2025-07-01 12:19:10 - Using 'application/json', given [*/*] and supported [application/json, application/*+json]
2025-07-01 12:19:10 - Writing [{data=com.banking.dto.TransactionResponse@3f22fec4, success=true, message=交易创建成功}]
2025-07-01 12:19:10 - Mapped to com.banking.controller.TransactionController#createTransaction(TransactionRequest)
2025-07-01 12:19:10 - Read "application/json;charset=UTF-8" to [com.banking.dto.TransactionRequest@f5341c6]
2025-07-01 12:19:10 - Using 'application/json', given [*/*] and supported [application/json, application/*+json]
2025-07-01 12:19:10 - Writing [{data=com.banking.dto.TransactionResponse@3574f8f4, success=true, message=交易创建成功}]
2025-07-01 12:19:10 - Mapped to com.banking.controller.TransactionController#createTransaction(TransactionRequest)
2025-07-01 12:19:10 - Read "application/json;charset=UTF-8" to [com.banking.dto.TransactionRequest@10939ffc]
2025-07-01 12:19:10 - Using 'application/json', given [*/*] and supported [application/json, application/*+json]
2025-07-01 12:19:10 - Writing [{data=com.banking.dto.TransactionResponse@428f1f6e, success=true, message=交易创建成功}]
2025-07-01 12:19:10 - Mapped to com.banking.controller.TransactionController#createTransaction(TransactionRequest)
2025-07-01 12:19:10 - Read "application/json;charset=UTF-8" to [com.banking.dto.TransactionRequest@7353a0fb]
2025-07-01 12:19:10 - Using 'application/json', given [*/*] and supported [application/json, application/*+json]
2025-07-01 12:19:10 - Writing [{data=com.banking.dto.TransactionResponse@2471d63c, success=true, message=交易创建成功}]
2025-07-01 12:19:10 - Mapped to com.banking.controller.TransactionController#createTransaction(TransactionRequest)
2025-07-01 12:19:10 - Read "application/json;charset=UTF-8" to [com.banking.dto.TransactionRequest@4663d67]
2025-07-01 12:19:10 - Using 'application/json', given [*/*] and supported [application/json, application/*+json]
2025-07-01 12:19:10 - Writing [{data=com.banking.dto.TransactionResponse@4cfad63d, success=true, message=交易创建成功}]
2025-07-01 12:19:10 - Mapped to com.banking.controller.TransactionController#createTransaction(TransactionRequest)
2025-07-01 12:19:10 - Read "application/json;charset=UTF-8" to [com.banking.dto.TransactionRequest@4b60c1b3]
2025-07-01 12:19:10 - Using 'application/json', given [*/*] and supported [application/json, application/*+json]
2025-07-01 12:19:10 - Writing [{data=com.banking.dto.TransactionResponse@3f9d894b, success=true, message=交易创建成功}]
2025-07-01 12:19:10 - Mapped to com.banking.controller.TransactionController#createTransaction(TransactionRequest)
2025-07-01 12:19:10 - Read "application/json;charset=UTF-8" to [com.banking.dto.TransactionRequest@421af1b4]
2025-07-01 12:19:10 - Using 'application/json', given [*/*] and supported [application/json, application/*+json]
2025-07-01 12:19:10 - Writing [{data=com.banking.dto.TransactionResponse@267d4494, success=true, message=交易创建成功}]
2025-07-01 12:19:10 - Mapped to com.banking.controller.TransactionController#createTransaction(TransactionRequest)
2025-07-01 12:19:10 - Read "application/json;charset=UTF-8" to [com.banking.dto.TransactionRequest@24e6b5c9]
2025-07-01 12:19:10 - Using 'application/json', given [*/*] and supported [application/json, application/*+json]
2025-07-01 12:19:10 - Writing [{data=com.banking.dto.TransactionResponse@56d63ab0, success=true, message=交易创建成功}]
2025-07-01 12:19:10 - Mapped to com.banking.controller.TransactionController#createTransaction(TransactionRequest)
2025-07-01 12:19:10 - Read "application/json;charset=UTF-8" to [com.banking.dto.TransactionRequest@49878e36]
2025-07-01 12:19:10 - Using 'application/json', given [*/*] and supported [application/json, application/*+json]
2025-07-01 12:19:10 - Writing [{data=com.banking.dto.TransactionResponse@78b9785d, success=true, message=交易创建成功}]
2025-07-01 12:19:10 - Mapped to com.banking.controller.TransactionController#createTransaction(TransactionRequest)
2025-07-01 12:19:10 - Read "application/json;charset=UTF-8" to [com.banking.dto.TransactionRequest@176246e8]
2025-07-01 12:19:10 - Using 'application/json', given [*/*] and supported [application/json, application/*+json]
2025-07-01 12:19:10 - Writing [{data=com.banking.dto.TransactionResponse@7f82e3d8, success=true, message=交易创建成功}]
2025-07-01 12:19:10 - Mapped to com.banking.controller.TransactionController#createTransaction(TransactionRequest)
2025-07-01 12:19:10 - Read "application/json;charset=UTF-8" to [com.banking.dto.TransactionRequest@32da4a36]
2025-07-01 12:19:10 - Using 'application/json', given [*/*] and supported [application/json, application/*+json]
2025-07-01 12:19:10 - Writing [{data=com.banking.dto.TransactionResponse@1e87f5c0, success=true, message=交易创建成功}]
2025-07-01 12:19:10 - Mapped to com.banking.controller.TransactionController#createTransaction(TransactionRequest)
2025-07-01 12:19:10 - Read "application/json;charset=UTF-8" to [com.banking.dto.TransactionRequest@6ee5460f]
2025-07-01 12:19:10 - Using 'application/json', given [*/*] and supported [application/json, application/*+json]
2025-07-01 12:19:10 - Writing [{data=com.banking.dto.TransactionResponse@dc61daa, success=true, message=交易创建成功}]
2025-07-01 12:19:10 - Mapped to com.banking.controller.TransactionController#createTransaction(TransactionRequest)
2025-07-01 12:19:10 - Read "application/json;charset=UTF-8" to [com.banking.dto.TransactionRequest@23946b4e]
2025-07-01 12:19:10 - Using 'application/json', given [*/*] and supported [application/json, application/*+json]
2025-07-01 12:19:10 - Writing [{data=com.banking.dto.TransactionResponse@740ff2bd, success=true, message=交易创建成功}]
2025-07-01 12:19:10 - Mapped to com.banking.controller.TransactionController#createTransaction(TransactionRequest)
2025-07-01 12:19:10 - Read "application/json;charset=UTF-8" to [com.banking.dto.TransactionRequest@1de9051d]
2025-07-01 12:19:10 - Using 'application/json', given [*/*] and supported [application/json, application/*+json]
2025-07-01 12:19:10 - Writing [{data=com.banking.dto.TransactionResponse@66d9ac21, success=true, message=交易创建成功}]
2025-07-01 12:19:10 - Mapped to com.banking.controller.TransactionController#createTransaction(TransactionRequest)
2025-07-01 12:19:10 - Read "application/json;charset=UTF-8" to [com.banking.dto.TransactionRequest@3ef4d1e9]
2025-07-01 12:19:10 - Using 'application/json', given [*/*] and supported [application/json, application/*+json]
2025-07-01 12:19:10 - Writing [{data=com.banking.dto.TransactionResponse@3467b97b, success=true, message=交易创建成功}]
2025-07-01 12:19:10 - Mapped to com.banking.controller.TransactionController#createTransaction(TransactionRequest)
2025-07-01 12:19:10 - Read "application/json;charset=UTF-8" to [com.banking.dto.TransactionRequest@3b74b104]
2025-07-01 12:19:10 - Using 'application/json', given [*/*] and supported [application/json, application/*+json]
2025-07-01 12:19:10 - Writing [{data=com.banking.dto.TransactionResponse@2d29ab00, success=true, message=交易创建成功}]
2025-07-01 12:19:10 - Mapped to com.banking.controller.TransactionController#createTransaction(TransactionRequest)
2025-07-01 12:19:10 - Read "application/json;charset=UTF-8" to [com.banking.dto.TransactionRequest@1bcc9771]
2025-07-01 12:19:10 - Using 'application/json', given [*/*] and supported [application/json, application/*+json]
2025-07-01 12:19:10 - Writing [{data=com.banking.dto.TransactionResponse@685a4baf, success=true, message=交易创建成功}]
2025-07-01 12:19:10 - Mapped to com.banking.controller.TransactionController#createTransaction(TransactionRequest)
2025-07-01 12:19:10 - Read "application/json;charset=UTF-8" to [com.banking.dto.TransactionRequest@23a6da10]
2025-07-01 12:19:10 - Using 'application/json', given [*/*] and supported [application/json, application/*+json]
2025-07-01 12:19:10 - Writing [{data=com.banking.dto.TransactionResponse@1bcc606d, success=true, message=交易创建成功}]
2025-07-01 12:19:10 - Mapped to com.banking.controller.TransactionController#createTransaction(TransactionRequest)
2025-07-01 12:19:10 - Read "application/json;charset=UTF-8" to [com.banking.dto.TransactionRequest@2287a118]
2025-07-01 12:19:10 - Using 'application/json', given [*/*] and supported [application/json, application/*+json]
2025-07-01 12:19:10 - Writing [{data=com.banking.dto.TransactionResponse@31d5b726, success=true, message=交易创建成功}]
2025-07-01 12:19:10 - Mapped to com.banking.controller.TransactionController#createTransaction(TransactionRequest)
2025-07-01 12:19:10 - Read "application/json;charset=UTF-8" to [com.banking.dto.TransactionRequest@4a155fe1]
2025-07-01 12:19:10 - Using 'application/json', given [*/*] and supported [application/json, application/*+json]
2025-07-01 12:19:10 - Writing [{data=com.banking.dto.TransactionResponse@74a54e7f, success=true, message=交易创建成功}]
2025-07-01 12:19:10 - Mapped to com.banking.controller.TransactionController#createTransaction(TransactionRequest)
2025-07-01 12:19:10 - Read "application/json;charset=UTF-8" to [com.banking.dto.TransactionRequest@474d6f81]
2025-07-01 12:19:10 - Using 'application/json', given [*/*] and supported [application/json, application/*+json]
2025-07-01 12:19:10 - Writing [{data=com.banking.dto.TransactionResponse@426a83e9, success=true, message=交易创建成功}]
2025-07-01 12:19:10 - Mapped to com.banking.controller.TransactionController#createTransaction(TransactionRequest)
2025-07-01 12:19:10 - Read "application/json;charset=UTF-8" to [com.banking.dto.TransactionRequest@494de3b4]
2025-07-01 12:19:10 - Using 'application/json', given [*/*] and supported [application/json, application/*+json]
2025-07-01 12:19:10 - Writing [{data=com.banking.dto.TransactionResponse@3b7cf6f, success=true, message=交易创建成功}]
2025-07-01 12:19:10 - Mapped to com.banking.controller.TransactionController#createTransaction(TransactionRequest)
2025-07-01 12:19:10 - Read "application/json;charset=UTF-8" to [com.banking.dto.TransactionRequest@65ebd4b8]
2025-07-01 12:19:10 - Using 'application/json', given [*/*] and supported [application/json, application/*+json]
2025-07-01 12:19:10 - Writing [{data=com.banking.dto.TransactionResponse@1862dd1f, success=true, message=交易创建成功}]
2025-07-01 12:19:10 - Mapped to com.banking.controller.TransactionController#createTransaction(TransactionRequest)
2025-07-01 12:19:10 - Read "application/json;charset=UTF-8" to [com.banking.dto.TransactionRequest@c1efb6e]
2025-07-01 12:19:10 - Using 'application/json', given [*/*] and supported [application/json, application/*+json]
2025-07-01 12:19:10 - Writing [{data=com.banking.dto.TransactionResponse@6d19a109, success=true, message=交易创建成功}]
2025-07-01 12:19:10 - Mapped to com.banking.controller.TransactionController#createTransaction(TransactionRequest)
2025-07-01 12:19:10 - Read "application/json;charset=UTF-8" to [com.banking.dto.TransactionRequest@4b199453]
2025-07-01 12:19:10 - Using 'application/json', given [*/*] and supported [application/json, application/*+json]
2025-07-01 12:19:10 - Writing [{data=com.banking.dto.TransactionResponse@3a0b37ee, success=true, message=交易创建成功}]
2025-07-01 12:19:10 - Mapped to com.banking.controller.TransactionController#createTransaction(TransactionRequest)
2025-07-01 12:19:10 - Read "application/json;charset=UTF-8" to [com.banking.dto.TransactionRequest@34eabd4c]
2025-07-01 12:19:10 - Using 'application/json', given [*/*] and supported [application/json, application/*+json]
2025-07-01 12:19:10 - Writing [{data=com.banking.dto.TransactionResponse@419f94d, success=true, message=交易创建成功}]
2025-07-01 12:19:10 - Mapped to com.banking.controller.TransactionController#createTransaction(TransactionRequest)
2025-07-01 12:19:10 - Read "application/json;charset=UTF-8" to [com.banking.dto.TransactionRequest@16265fea]
2025-07-01 12:19:10 - Using 'application/json', given [*/*] and supported [application/json, application/*+json]
2025-07-01 12:19:10 - Writing [{data=com.banking.dto.TransactionResponse@5b50fab0, success=true, message=交易创建成功}]
2025-07-01 12:19:10 - Mapped to com.banking.controller.TransactionController#createTransaction(TransactionRequest)
2025-07-01 12:19:10 - Read "application/json;charset=UTF-8" to [com.banking.dto.TransactionRequest@5da22720]
2025-07-01 12:19:10 - Using 'application/json', given [*/*] and supported [application/json, application/*+json]
2025-07-01 12:19:10 - Writing [{data=com.banking.dto.TransactionResponse@377953f0, success=true, message=交易创建成功}]
2025-07-01 12:19:10 - Mapped to com.banking.controller.TransactionController#createTransaction(TransactionRequest)
2025-07-01 12:19:10 - Read "application/json;charset=UTF-8" to [com.banking.dto.TransactionRequest@6628d62d]
2025-07-01 12:19:10 - Using 'application/json', given [*/*] and supported [application/json, application/*+json]
2025-07-01 12:19:10 - Writing [{data=com.banking.dto.TransactionResponse@4e11237b, success=true, message=交易创建成功}]
2025-07-01 12:19:10 - Mapped to com.banking.controller.TransactionController#createTransaction(TransactionRequest)
2025-07-01 12:19:10 - Read "application/json;charset=UTF-8" to [com.banking.dto.TransactionRequest@76b457a9]
2025-07-01 12:19:10 - Using 'application/json', given [*/*] and supported [application/json, application/*+json]
2025-07-01 12:19:10 - Writing [{data=com.banking.dto.TransactionResponse@568eaab0, success=true, message=交易创建成功}]
2025-07-01 12:19:10 - Mapped to com.banking.controller.TransactionController#createTransaction(TransactionRequest)
2025-07-01 12:19:10 - Read "application/json;charset=UTF-8" to [com.banking.dto.TransactionRequest@2b4aeef7]
2025-07-01 12:19:10 - Using 'application/json', given [*/*] and supported [application/json, application/*+json]
2025-07-01 12:19:10 - Writing [{data=com.banking.dto.TransactionResponse@366d7033, success=true, message=交易创建成功}]
2025-07-01 12:19:10 - Mapped to com.banking.controller.TransactionController#createTransaction(TransactionRequest)
2025-07-01 12:19:10 - Read "application/json;charset=UTF-8" to [com.banking.dto.TransactionRequest@4185c385]
2025-07-01 12:19:10 - Using 'application/json', given [*/*] and supported [application/json, application/*+json]
2025-07-01 12:19:10 - Writing [{data=com.banking.dto.TransactionResponse@2b601535, success=true, message=交易创建成功}]
2025-07-01 12:19:10 - Mapped to com.banking.controller.TransactionController#createTransaction(TransactionRequest)
2025-07-01 12:19:10 - Read "application/json;charset=UTF-8" to [com.banking.dto.TransactionRequest@a2a2056]
2025-07-01 12:19:10 - Using 'application/json', given [*/*] and supported [application/json, application/*+json]
2025-07-01 12:19:10 - Writing [{data=com.banking.dto.TransactionResponse@3f54b41e, success=true, message=交易创建成功}]
2025-07-01 12:19:10 - Mapped to com.banking.controller.TransactionController#createTransaction(TransactionRequest)
2025-07-01 12:19:10 - Read "application/json;charset=UTF-8" to [com.banking.dto.TransactionRequest@1dec0a0c]
2025-07-01 12:19:10 - Using 'application/json', given [*/*] and supported [application/json, application/*+json]
2025-07-01 12:19:10 - Writing [{data=com.banking.dto.TransactionResponse@29bb0e19, success=true, message=交易创建成功}]
2025-07-01 12:19:10 - Mapped to com.banking.controller.TransactionController#createTransaction(TransactionRequest)
2025-07-01 12:19:10 - Read "application/json;charset=UTF-8" to [com.banking.dto.TransactionRequest@4927d70d]
2025-07-01 12:19:10 - Using 'application/json', given [*/*] and supported [application/json, application/*+json]
2025-07-01 12:19:10 - Writing [{data=com.banking.dto.TransactionResponse@6a6c972b, success=true, message=交易创建成功}]
2025-07-01 12:19:10 - Mapped to com.banking.controller.TransactionController#createTransaction(TransactionRequest)
2025-07-01 12:19:10 - Read "application/json;charset=UTF-8" to [com.banking.dto.TransactionRequest@572b6c0e]
2025-07-01 12:19:10 - Using 'application/json', given [*/*] and supported [application/json, application/*+json]
2025-07-01 12:19:10 - Writing [{data=com.banking.dto.TransactionResponse@3e9b038, success=true, message=交易创建成功}]
2025-07-01 12:19:10 - Mapped to com.banking.controller.TransactionController#createTransaction(TransactionRequest)
2025-07-01 12:19:10 - Read "application/json;charset=UTF-8" to [com.banking.dto.TransactionRequest@67ebf79c]
2025-07-01 12:19:10 - Using 'application/json', given [*/*] and supported [application/json, application/*+json]
2025-07-01 12:19:10 - Writing [{data=com.banking.dto.TransactionResponse@1f28c50d, success=true, message=交易创建成功}]
2025-07-01 12:19:10 - Mapped to com.banking.controller.TransactionController#createTransaction(TransactionRequest)
2025-07-01 12:19:10 - Read "application/json;charset=UTF-8" to [com.banking.dto.TransactionRequest@1b3a9111]
2025-07-01 12:19:10 - Using 'application/json', given [*/*] and supported [application/json, application/*+json]
2025-07-01 12:19:10 - Writing [{data=com.banking.dto.TransactionResponse@1834c28a, success=true, message=交易创建成功}]
2025-07-01 12:19:10 - Mapped to com.banking.controller.TransactionController#createTransaction(TransactionRequest)
2025-07-01 12:19:10 - Read "application/json;charset=UTF-8" to [com.banking.dto.TransactionRequest@ad57cf1]
2025-07-01 12:19:10 - Using 'application/json', given [*/*] and supported [application/json, application/*+json]
2025-07-01 12:19:10 - Writing [{data=com.banking.dto.TransactionResponse@182a5218, success=true, message=交易创建成功}]
2025-07-01 12:19:10 - Mapped to com.banking.controller.TransactionController#createTransaction(TransactionRequest)
2025-07-01 12:19:10 - Read "application/json;charset=UTF-8" to [com.banking.dto.TransactionRequest@7b90704d]
2025-07-01 12:19:10 - Using 'application/json', given [*/*] and supported [application/json, application/*+json]
2025-07-01 12:19:10 - Writing [{data=com.banking.dto.TransactionResponse@200bdca, success=true, message=交易创建成功}]
2025-07-01 12:19:10 - Mapped to com.banking.controller.TransactionController#createTransaction(TransactionRequest)
2025-07-01 12:19:10 - Read "application/json;charset=UTF-8" to [com.banking.dto.TransactionRequest@16396027]
2025-07-01 12:19:10 - Using 'application/json', given [*/*] and supported [application/json, application/*+json]
2025-07-01 12:19:10 - Writing [{data=com.banking.dto.TransactionResponse@3af4a695, success=true, message=交易创建成功}]
2025-07-01 12:19:10 - Mapped to com.banking.controller.TransactionController#createTransaction(TransactionRequest)
2025-07-01 12:19:10 - Read "application/json;charset=UTF-8" to [com.banking.dto.TransactionRequest@186deb87]
2025-07-01 12:19:10 - Using 'application/json', given [*/*] and supported [application/json, application/*+json]
2025-07-01 12:19:10 - Writing [{data=com.banking.dto.TransactionResponse@625ffa87, success=true, message=交易创建成功}]
2025-07-01 12:19:10 - Mapped to com.banking.controller.TransactionController#createTransaction(TransactionRequest)
2025-07-01 12:19:10 - Read "application/json;charset=UTF-8" to [com.banking.dto.TransactionRequest@6ea66eba]
2025-07-01 12:19:10 - Using 'application/json', given [*/*] and supported [application/json, application/*+json]
2025-07-01 12:19:10 - Writing [{data=com.banking.dto.TransactionResponse@5602c3b6, success=true, message=交易创建成功}]
2025-07-01 12:19:10 - Mapped to com.banking.controller.TransactionController#createTransaction(TransactionRequest)
2025-07-01 12:19:10 - Read "application/json;charset=UTF-8" to [com.banking.dto.TransactionRequest@2a69ebfd]
2025-07-01 12:19:10 - Using 'application/json', given [*/*] and supported [application/json, application/*+json]
2025-07-01 12:19:10 - Writing [{data=com.banking.dto.TransactionResponse@3b640da7, success=true, message=交易创建成功}]
2025-07-01 12:19:10 - Mapped to com.banking.controller.TransactionController#createTransaction(TransactionRequest)
2025-07-01 12:19:10 - Read "application/json;charset=UTF-8" to [com.banking.dto.TransactionRequest@5cc1d82f]
2025-07-01 12:19:10 - Using 'application/json', given [*/*] and supported [application/json, application/*+json]
2025-07-01 12:19:10 - Writing [{data=com.banking.dto.TransactionResponse@15544b0a, success=true, message=交易创建成功}]
2025-07-01 12:19:10 - Mapped to com.banking.controller.TransactionController#createTransaction(TransactionRequest)
2025-07-01 12:19:10 - Read "application/json;charset=UTF-8" to [com.banking.dto.TransactionRequest@33d2afd9]
2025-07-01 12:19:10 - Using 'application/json', given [*/*] and supported [application/json, application/*+json]
2025-07-01 12:19:10 - Writing [{data=com.banking.dto.TransactionResponse@77cd3c17, success=true, message=交易创建成功}]
2025-07-01 12:19:10 - Mapped to com.banking.controller.TransactionController#createTransaction(TransactionRequest)
2025-07-01 12:19:10 - Read "application/json;charset=UTF-8" to [com.banking.dto.TransactionRequest@756f13d1]
2025-07-01 12:19:10 - Using 'application/json', given [*/*] and supported [application/json, application/*+json]
2025-07-01 12:19:10 - Writing [{data=com.banking.dto.TransactionResponse@45d83ec5, success=true, message=交易创建成功}]
2025-07-01 12:19:10 - Mapped to com.banking.controller.TransactionController#createTransaction(TransactionRequest)
2025-07-01 12:19:10 - Read "application/json;charset=UTF-8" to [com.banking.dto.TransactionRequest@2e16f2e3]
2025-07-01 12:19:10 - Using 'application/json', given [*/*] and supported [application/json, application/*+json]
2025-07-01 12:19:10 - Writing [{data=com.banking.dto.TransactionResponse@23e1b026, success=true, message=交易创建成功}]
2025-07-01 12:19:10 - Mapped to com.banking.controller.TransactionController#getTransactions(int, int)
2025-07-01 12:19:10 - Mapped to com.banking.controller.TransactionController#getTransactions(int, int)
2025-07-01 12:19:10 - Mapped to com.banking.controller.TransactionController#getTransactions(int, int)
2025-07-01 12:19:10 - Mapped to com.banking.controller.TransactionController#getTransactions(int, int)
2025-07-01 12:19:10 - Mapped to com.banking.controller.TransactionController#getTransactions(int, int)
2025-07-01 12:19:10 - Mapped to com.banking.controller.TransactionController#getTransactions(int, int)
2025-07-01 12:19:10 - Mapped to com.banking.controller.TransactionController#getTransactions(int, int)
2025-07-01 12:19:10 - Mapped to com.banking.controller.TransactionController#getTransactions(int, int)
2025-07-01 12:19:10 - Mapped to com.banking.controller.TransactionController#getTransactions(int, int)
2025-07-01 12:19:10 - Mapped to com.banking.controller.TransactionController#getTransactions(int, int)
2025-07-01 12:19:10 - Mapped to com.banking.controller.TransactionController#getTransactions(int, int)
2025-07-01 12:19:10 - Mapped to com.banking.controller.TransactionController#getTransactions(int, int)
2025-07-01 12:19:10 - Mapped to com.banking.controller.TransactionController#getTransactions(int, int)
2025-07-01 12:19:10 - Mapped to com.banking.controller.TransactionController#getTransactions(int, int)
2025-07-01 12:19:10 - Mapped to com.banking.controller.TransactionController#getTransactions(int, int)
2025-07-01 12:19:10 - Mapped to com.banking.controller.TransactionController#getTransactions(int, int)
2025-07-01 12:19:10 - Mapped to com.banking.controller.TransactionController#getTransactions(int, int)
2025-07-01 12:19:10 - Mapped to com.banking.controller.TransactionController#getTransactions(int, int)
2025-07-01 12:19:10 - Mapped to com.banking.controller.TransactionController#getTransactions(int, int)
2025-07-01 12:19:10 - Mapped to com.banking.controller.TransactionController#getTransactions(int, int)
2025-07-01 12:19:10 - Mapped to com.banking.controller.TransactionController#getTransactions(int, int)
2025-07-01 12:19:10 - Mapped to com.banking.controller.TransactionController#getTransactions(int, int)
2025-07-01 12:19:10 - Mapped to com.banking.controller.TransactionController#getTransactions(int, int)
2025-07-01 12:19:10 - Mapped to com.banking.controller.TransactionController#getTransactions(int, int)
2025-07-01 12:19:10 - Mapped to com.banking.controller.TransactionController#getTransactions(int, int)
2025-07-01 12:19:10 - Mapped to com.banking.controller.TransactionController#getTransactions(int, int)
2025-07-01 12:19:10 - Mapped to com.banking.controller.TransactionController#getTransactions(int, int)
2025-07-01 12:19:10 - Mapped to com.banking.controller.TransactionController#getTransactions(int, int)
2025-07-01 12:19:10 - Mapped to com.banking.controller.TransactionController#getTransactions(int, int)
2025-07-01 12:19:10 - Mapped to com.banking.controller.TransactionController#getTransactions(int, int)
2025-07-01 12:19:10 - Mapped to com.banking.controller.TransactionController#getTransactions(int, int)
2025-07-01 12:19:10 - Mapped to com.banking.controller.TransactionController#getTransactions(int, int)
2025-07-01 12:19:10 - Mapped to com.banking.controller.TransactionController#getTransactions(int, int)
2025-07-01 12:19:10 - Mapped to com.banking.controller.TransactionController#getTransactions(int, int)
2025-07-01 12:19:10 - Mapped to com.banking.controller.TransactionController#getTransactions(int, int)
2025-07-01 12:19:10 - Mapped to com.banking.controller.TransactionController#getTransactions(int, int)
2025-07-01 12:19:10 - Mapped to com.banking.controller.TransactionController#getTransactions(int, int)
2025-07-01 12:19:10 - Mapped to com.banking.controller.TransactionController#getTransactions(int, int)
2025-07-01 12:19:10 - Mapped to com.banking.controller.TransactionController#getTransactions(int, int)
2025-07-01 12:19:10 - Mapped to com.banking.controller.TransactionController#getTransactions(int, int)
2025-07-01 12:19:10 - Mapped to com.banking.controller.TransactionController#getTransactions(int, int)
2025-07-01 12:19:10 - Mapped to com.banking.controller.TransactionController#getTransactions(int, int)
2025-07-01 12:19:10 - Mapped to com.banking.controller.TransactionController#getTransactions(int, int)
2025-07-01 12:19:10 - Mapped to com.banking.controller.TransactionController#getTransactions(int, int)
2025-07-01 12:19:10 - Mapped to com.banking.controller.TransactionController#getTransactions(int, int)
2025-07-01 12:19:10 - Mapped to com.banking.controller.TransactionController#getTransactions(int, int)
2025-07-01 12:19:10 - Mapped to com.banking.controller.TransactionController#getTransactions(int, int)
2025-07-01 12:19:10 - Mapped to com.banking.controller.TransactionController#getTransactions(int, int)
2025-07-01 12:19:10 - Mapped to com.banking.controller.TransactionController#getTransactions(int, int)
2025-07-01 12:19:10 - Mapped to com.banking.controller.TransactionController#getTransactions(int, int)
2025-07-01 12:19:10 - Mapped to com.banking.controller.TransactionController#getTransactions(int, int)
2025-07-01 12:19:10 - Mapped to com.banking.controller.TransactionController#getTransactions(int, int)
2025-07-01 12:19:10 - Mapped to com.banking.controller.TransactionController#getTransactions(int, int)
2025-07-01 12:19:10 - Mapped to com.banking.controller.TransactionController#getTransactions(int, int)
2025-07-01 12:19:10 - Mapped to com.banking.controller.TransactionController#getTransactions(int, int)
2025-07-01 12:19:10 - Mapped to com.banking.controller.TransactionController#getTransactions(int, int)
2025-07-01 12:19:10 - Mapped to com.banking.controller.TransactionController#getTransactions(int, int)
2025-07-01 12:19:10 - Mapped to com.banking.controller.TransactionController#getTransactions(int, int)
2025-07-01 12:19:10 - Mapped to com.banking.controller.TransactionController#getTransactions(int, int)
2025-07-01 12:19:10 - Mapped to com.banking.controller.TransactionController#getTransactions(int, int)
2025-07-01 12:19:10 - Mapped to com.banking.controller.TransactionController#getTransactions(int, int)
2025-07-01 12:19:10 - Mapped to com.banking.controller.TransactionController#getTransactions(int, int)
2025-07-01 12:19:10 - Mapped to com.banking.controller.TransactionController#getTransactions(int, int)
2025-07-01 12:19:10 - Mapped to com.banking.controller.TransactionController#getTransactions(int, int)
2025-07-01 12:19:10 - Mapped to com.banking.controller.TransactionController#getTransactions(int, int)
2025-07-01 12:19:10 - Mapped to com.banking.controller.TransactionController#getTransactions(int, int)
2025-07-01 12:19:10 - Mapped to com.banking.controller.TransactionController#getTransactions(int, int)
2025-07-01 12:19:10 - Mapped to com.banking.controller.TransactionController#getTransactions(int, int)
2025-07-01 12:19:10 - Mapped to com.banking.controller.TransactionController#getTransactions(int, int)
2025-07-01 12:19:10 - Mapped to com.banking.controller.TransactionController#getTransactions(int, int)
2025-07-01 12:19:10 - Mapped to com.banking.controller.TransactionController#getTransactions(int, int)
2025-07-01 12:19:10 - Mapped to com.banking.controller.TransactionController#getTransactions(int, int)
2025-07-01 12:19:10 - Mapped to com.banking.controller.TransactionController#getTransactions(int, int)
2025-07-01 12:19:10 - Mapped to com.banking.controller.TransactionController#getTransactions(int, int)
2025-07-01 12:19:10 - Mapped to com.banking.controller.TransactionController#getTransactions(int, int)
2025-07-01 12:19:10 - Mapped to com.banking.controller.TransactionController#getTransactions(int, int)
2025-07-01 12:19:10 - Mapped to com.banking.controller.TransactionController#getTransactions(int, int)
2025-07-01 12:19:10 - Mapped to com.banking.controller.TransactionController#getTransactions(int, int)
2025-07-01 12:19:10 - Mapped to com.banking.controller.TransactionController#getTransactions(int, int)
2025-07-01 12:19:10 - Mapped to com.banking.controller.TransactionController#getTransactions(int, int)
2025-07-01 12:19:10 - Mapped to com.banking.controller.TransactionController#getTransactions(int, int)
2025-07-01 12:19:10 - Mapped to com.banking.controller.TransactionController#getTransactions(int, int)
2025-07-01 12:19:10 - Mapped to com.banking.controller.TransactionController#getTransactions(int, int)
2025-07-01 12:19:10 - Mapped to com.banking.controller.TransactionController#getTransactions(int, int)
2025-07-01 12:19:10 - Mapped to com.banking.controller.TransactionController#getTransactions(int, int)
2025-07-01 12:19:10 - Mapped to com.banking.controller.TransactionController#getTransactions(int, int)
2025-07-01 12:19:10 - Mapped to com.banking.controller.TransactionController#getTransactions(int, int)
2025-07-01 12:19:10 - Mapped to com.banking.controller.TransactionController#getTransactions(int, int)
2025-07-01 12:19:10 - Mapped to com.banking.controller.TransactionController#getTransactions(int, int)
2025-07-01 12:19:10 - Mapped to com.banking.controller.TransactionController#getTransactions(int, int)
2025-07-01 12:19:10 - Mapped to com.banking.controller.TransactionController#getTransactions(int, int)
2025-07-01 12:19:10 - Mapped to com.banking.controller.TransactionController#getTransactions(int, int)
2025-07-01 12:19:10 - Mapped to com.banking.controller.TransactionController#getTransactions(int, int)
2025-07-01 12:19:10 - Mapped to com.banking.controller.TransactionController#getTransactions(int, int)
2025-07-01 12:19:10 - Mapped to com.banking.controller.TransactionController#getTransactions(int, int)
2025-07-01 12:19:10 - Mapped to com.banking.controller.TransactionController#getTransactions(int, int)
2025-07-01 12:19:10 - Mapped to com.banking.controller.TransactionController#getTransactions(int, int)
2025-07-01 12:19:10 - Mapped to com.banking.controller.TransactionController#getTransactions(int, int)
2025-07-01 12:19:10 - Mapped to com.banking.controller.TransactionController#getTransactions(int, int)
2025-07-01 12:19:10 - Mapped to com.banking.controller.TransactionController#getTransactions(int, int)
2025-07-01 12:19:10 - Using 'application/json', given [*/*] and supported [application/json, application/*+json]
2025-07-01 12:19:10 - Using 'application/json', given [*/*] and supported [application/json, application/*+json]
2025-07-01 12:19:10 - Using 'application/json', given [*/*] and supported [application/json, application/*+json]
2025-07-01 12:19:10 - Using 'application/json', given [*/*] and supported [application/json, application/*+json]
2025-07-01 12:19:10 - Using 'application/json', given [*/*] and supported [application/json, application/*+json]
2025-07-01 12:19:10 - Using 'application/json', given [*/*] and supported [application/json, application/*+json]
2025-07-01 12:19:10 - Using 'application/json', given [*/*] and supported [application/json, application/*+json]
2025-07-01 12:19:10 - Using 'application/json', given [*/*] and supported [application/json, application/*+json]
2025-07-01 12:19:10 - Using 'application/json', given [*/*] and supported [application/json, application/*+json]
2025-07-01 12:19:10 - Using 'application/json', given [*/*] and supported [application/json, application/*+json]
2025-07-01 12:19:10 - Writing [{pagination={totalPages=5, size=10, total=50, page=0}, data=[com.banking.dto.TransactionResponse@556 (truncated)...]
2025-07-01 12:19:10 - Writing [{pagination={totalPages=5, size=10, total=50, page=0}, data=[com.banking.dto.TransactionResponse@2be (truncated)...]
2025-07-01 12:19:10 - Writing [{pagination={totalPages=5, size=10, total=50, page=0}, data=[com.banking.dto.TransactionResponse@529 (truncated)...]
2025-07-01 12:19:10 - Writing [{pagination={totalPages=5, size=10, total=50, page=0}, data=[com.banking.dto.TransactionResponse@2ac (truncated)...]
2025-07-01 12:19:10 - Writing [{pagination={totalPages=5, size=10, total=50, page=0}, data=[com.banking.dto.TransactionResponse@641 (truncated)...]
2025-07-01 12:19:10 - Writing [{pagination={totalPages=5, size=10, total=50, page=0}, data=[com.banking.dto.TransactionResponse@22e (truncated)...]
2025-07-01 12:19:10 - Writing [{pagination={totalPages=5, size=10, total=50, page=0}, data=[com.banking.dto.TransactionResponse@76c (truncated)...]
2025-07-01 12:19:10 - Writing [{pagination={totalPages=5, size=10, total=50, page=0}, data=[com.banking.dto.TransactionResponse@1c0 (truncated)...]
2025-07-01 12:19:10 - Writing [{pagination={totalPages=5, size=10, total=50, page=0}, data=[com.banking.dto.TransactionResponse@294 (truncated)...]
2025-07-01 12:19:10 - Writing [{pagination={totalPages=5, size=10, total=50, page=0}, data=[com.banking.dto.TransactionResponse@230 (truncated)...]
2025-07-01 12:19:10 - Mapped to com.banking.controller.TransactionController#getStatistics()
2025-07-01 12:19:10 - Mapped to com.banking.controller.TransactionController#getStatistics()
2025-07-01 12:19:10 - Mapped to com.banking.controller.TransactionController#getStatistics()
2025-07-01 12:19:10 - Mapped to com.banking.controller.TransactionController#getStatistics()
2025-07-01 12:19:10 - Mapped to com.banking.controller.TransactionController#getStatistics()
2025-07-01 12:19:10 - Mapped to com.banking.controller.TransactionController#getStatistics()
2025-07-01 12:19:10 - Mapped to com.banking.controller.TransactionController#getStatistics()
2025-07-01 12:19:10 - Mapped to com.banking.controller.TransactionController#getStatistics()
2025-07-01 12:19:10 - Mapped to com.banking.controller.TransactionController#getStatistics()
2025-07-01 12:19:10 - Mapped to com.banking.controller.TransactionController#getStatistics()
2025-07-01 12:19:10 - Using 'application/json', given [*/*] and supported [application/json, application/*+json]
2025-07-01 12:19:10 - Using 'application/json', given [*/*] and supported [application/json, application/*+json]
2025-07-01 12:19:10 - Using 'application/json', given [*/*] and supported [application/json, application/*+json]
2025-07-01 12:19:10 - Using 'application/json', given [*/*] and supported [application/json, application/*+json]
2025-07-01 12:19:10 - Using 'application/json', given [*/*] and supported [application/json, application/*+json]
2025-07-01 12:19:10 - Using 'application/json', given [*/*] and supported [application/json, application/*+json]
2025-07-01 12:19:10 - Using 'application/json', given [*/*] and supported [application/json, application/*+json]
2025-07-01 12:19:10 - Using 'application/json', given [*/*] and supported [application/json, application/*+json]
2025-07-01 12:19:10 - Writing [{pagination={totalPages=5, size=10, total=50, page=0}, data=[com.banking.dto.TransactionResponse@379 (truncated)...]
2025-07-01 12:19:10 - Writing [{pagination={totalPages=5, size=10, total=50, page=0}, data=[com.banking.dto.TransactionResponse@240 (truncated)...]
2025-07-01 12:19:10 - Writing [{pagination={totalPages=5, size=10, total=50, page=0}, data=[com.banking.dto.TransactionResponse@419 (truncated)...]
2025-07-01 12:19:10 - Writing [{pagination={totalPages=5, size=10, total=50, page=0}, data=[com.banking.dto.TransactionResponse@189 (truncated)...]
2025-07-01 12:19:10 - Writing [{pagination={totalPages=5, size=10, total=50, page=0}, data=[com.banking.dto.TransactionResponse@13b (truncated)...]
2025-07-01 12:19:10 - Writing [{pagination={totalPages=5, size=10, total=50, page=0}, data=[com.banking.dto.TransactionResponse@1ed (truncated)...]
2025-07-01 12:19:10 - Writing [{pagination={totalPages=5, size=10, total=50, page=0}, data=[com.banking.dto.TransactionResponse@59d (truncated)...]
2025-07-01 12:19:10 - Using 'application/json', given [*/*] and supported [application/json, application/*+json]
2025-07-01 12:19:10 - Writing [{pagination={totalPages=5, size=10, total=50, page=0}, data=[com.banking.dto.TransactionResponse@2de (truncated)...]
2025-07-01 12:19:10 - Writing [{pagination={totalPages=5, size=10, total=50, page=0}, data=[com.banking.dto.TransactionResponse@7fa (truncated)...]
2025-07-01 12:19:10 - Using 'application/json', given [*/*] and supported [application/json, application/*+json]
2025-07-01 12:19:10 - Writing [{pagination={totalPages=5, size=10, total=50, page=0}, data=[com.banking.dto.TransactionResponse@2c0 (truncated)...]
2025-07-01 12:19:10 - Mapped to com.banking.controller.TransactionController#getStatistics()
2025-07-01 12:19:10 - Mapped to com.banking.controller.TransactionController#getStatistics()
2025-07-01 12:19:10 - Mapped to com.banking.controller.TransactionController#getStatistics()
2025-07-01 12:19:10 - Mapped to com.banking.controller.TransactionController#getStatistics()
2025-07-01 12:19:10 - Mapped to com.banking.controller.TransactionController#getStatistics()
2025-07-01 12:19:10 - Mapped to com.banking.controller.TransactionController#getStatistics()
2025-07-01 12:19:10 - Mapped to com.banking.controller.TransactionController#getStatistics()
2025-07-01 12:19:10 - Mapped to com.banking.controller.TransactionController#getStatistics()
2025-07-01 12:19:10 - Mapped to com.banking.controller.TransactionController#getStatistics()
2025-07-01 12:19:10 - Using 'application/json', given [*/*] and supported [application/json, application/*+json]
2025-07-01 12:19:10 - Mapped to com.banking.controller.TransactionController#getStatistics()
2025-07-01 12:19:10 - Writing [{data={totalTransactions=50, transactionTypes=[Lcom.banking.model.TransactionType;@74c7620f}, succes (truncated)...]
2025-07-01 12:19:10 - Using 'application/json', given [*/*] and supported [application/json, application/*+json]
2025-07-01 12:19:10 - Using 'application/json', given [*/*] and supported [application/json, application/*+json]
2025-07-01 12:19:10 - Using 'application/json', given [*/*] and supported [application/json, application/*+json]
2025-07-01 12:19:10 - Using 'application/json', given [*/*] and supported [application/json, application/*+json]
2025-07-01 12:19:10 - Using 'application/json', given [*/*] and supported [application/json, application/*+json]
2025-07-01 12:19:10 - Mapped to com.banking.controller.TransactionController#getTransactionsByType(TransactionType)
2025-07-01 12:19:10 - Writing [{pagination={totalPages=5, size=10, total=50, page=0}, data=[com.banking.dto.TransactionResponse@195 (truncated)...]
2025-07-01 12:19:10 - Using 'application/json', given [*/*] and supported [application/json, application/*+json]
2025-07-01 12:19:10 - Writing [{pagination={totalPages=5, size=10, total=50, page=0}, data=[com.banking.dto.TransactionResponse@410 (truncated)...]
2025-07-01 12:19:10 - Writing [{pagination={totalPages=5, size=10, total=50, page=0}, data=[com.banking.dto.TransactionResponse@6e5 (truncated)...]
2025-07-01 12:19:10 - Using 'application/json', given [*/*] and supported [application/json, application/*+json]
2025-07-01 12:19:10 - Writing [{pagination={totalPages=5, size=10, total=50, page=0}, data=[com.banking.dto.TransactionResponse@691 (truncated)...]
2025-07-01 12:19:10 - Writing [{pagination={totalPages=5, size=10, total=50, page=0}, data=[com.banking.dto.TransactionResponse@276 (truncated)...]
2025-07-01 12:19:10 - Writing [{pagination={totalPages=5, size=10, total=50, page=0}, data=[com.banking.dto.TransactionResponse@71c (truncated)...]
2025-07-01 12:19:10 - Writing [{pagination={totalPages=5, size=10, total=50, page=0}, data=[com.banking.dto.TransactionResponse@6cc (truncated)...]
2025-07-01 12:19:10 - Using 'application/json', given [*/*] and supported [application/json, application/*+json]
2025-07-01 12:19:10 - Writing [{pagination={totalPages=5, size=10, total=50, page=0}, data=[com.banking.dto.TransactionResponse@11b (truncated)...]
2025-07-01 12:19:10 - Using 'application/json', given [*/*] and supported [application/json, application/*+json]
2025-07-01 12:19:10 - Writing [{pagination={totalPages=5, size=10, total=50, page=0}, data=[com.banking.dto.TransactionResponse@1e6 (truncated)...]
2025-07-01 12:19:10 - Mapped to com.banking.controller.TransactionController#getStatistics()
2025-07-01 12:19:10 - Mapped to com.banking.controller.TransactionController#getStatistics()
2025-07-01 12:19:10 - Mapped to com.banking.controller.TransactionController#getStatistics()
2025-07-01 12:19:10 - Mapped to com.banking.controller.TransactionController#getStatistics()
2025-07-01 12:19:10 - Mapped to com.banking.controller.TransactionController#getStatistics()
2025-07-01 12:19:10 - Mapped to com.banking.controller.TransactionController#getStatistics()
2025-07-01 12:19:10 - Mapped to com.banking.controller.TransactionController#getStatistics()
2025-07-01 12:19:10 - Mapped to com.banking.controller.TransactionController#getStatistics()
2025-07-01 12:19:10 - Mapped to com.banking.controller.TransactionController#getStatistics()
2025-07-01 12:19:10 - Using 'application/json', given [*/*] and supported [application/json, application/*+json]
2025-07-01 12:19:10 - Writing [{pagination={totalPages=5, size=10, total=50, page=0}, data=[com.banking.dto.TransactionResponse@179 (truncated)...]
2025-07-01 12:19:10 - Using 'application/json', given [*/*] and supported [application/json, application/*+json]
2025-07-01 12:19:10 - Using 'application/json', given [*/*] and supported [application/json, application/*+json]
2025-07-01 12:19:10 - Writing [{data={totalTransactions=50, transactionTypes=[Lcom.banking.model.TransactionType;@2cab6704}, succes (truncated)...]
2025-07-01 12:19:10 - Writing [{data={totalTransactions=50, transactionTypes=[Lcom.banking.model.TransactionType;@77392d29}, succes (truncated)...]
2025-07-01 12:19:10 - Using 'application/json', given [*/*] and supported [application/json, application/*+json]
2025-07-01 12:19:10 - Writing [{data={totalTransactions=50, transactionTypes=[Lcom.banking.model.TransactionType;@14fbdd7c}, succes (truncated)...]
2025-07-01 12:19:10 - Mapped to com.banking.controller.TransactionController#getTransactionsByType(TransactionType)
2025-07-01 12:19:10 - Mapped to com.banking.controller.TransactionController#getTransactionsByType(TransactionType)
2025-07-01 12:19:10 - Mapped to com.banking.controller.TransactionController#getTransactionsByType(TransactionType)
2025-07-01 12:19:10 - Mapped to com.banking.controller.TransactionController#getStatistics()
2025-07-01 12:19:10 - Using 'application/json', given [*/*] and supported [application/json, application/*+json]
2025-07-01 12:19:10 - Writing [{pagination={totalPages=5, size=10, total=50, page=0}, data=[com.banking.dto.TransactionResponse@25a (truncated)...]
2025-07-01 12:19:10 - Using 'application/json', given [*/*] and supported [application/json, application/*+json]
2025-07-01 12:19:10 - Writing [{pagination={totalPages=5, size=10, total=50, page=0}, data=[com.banking.dto.TransactionResponse@473 (truncated)...]
2025-07-01 12:19:10 - Using 'application/json', given [*/*] and supported [application/json, application/*+json]
2025-07-01 12:19:10 - Writing [{pagination={totalPages=5, size=10, total=50, page=0}, data=[com.banking.dto.TransactionResponse@480 (truncated)...]
2025-07-01 12:19:10 - Using 'application/json', given [*/*] and supported [application/json, application/*+json]
2025-07-01 12:19:10 - Writing [{pagination={totalPages=5, size=10, total=50, page=0}, data=[com.banking.dto.TransactionResponse@8a9 (truncated)...]
2025-07-01 12:19:10 - Using 'application/json', given [*/*] and supported [application/json, application/*+json]
2025-07-01 12:19:10 - Using 'application/json', given [*/*] and supported [application/json, application/*+json]
2025-07-01 12:19:10 - Writing [{pagination={totalPages=5, size=10, total=50, page=0}, data=[com.banking.dto.TransactionResponse@444 (truncated)...]
2025-07-01 12:19:10 - Writing [{pagination={totalPages=5, size=10, total=50, page=0}, data=[com.banking.dto.TransactionResponse@6b2 (truncated)...]
2025-07-01 12:19:10 - Mapped to com.banking.controller.TransactionController#getStatistics()
2025-07-01 12:19:10 - Mapped to com.banking.controller.TransactionController#getStatistics()
2025-07-01 12:19:10 - Mapped to com.banking.controller.TransactionController#getStatistics()
2025-07-01 12:19:10 - Using 'application/json', given [*/*] and supported [application/json, application/*+json]
2025-07-01 12:19:10 - Using 'application/json', given [*/*] and supported [application/json, application/*+json]
2025-07-01 12:19:10 - Mapped to com.banking.controller.TransactionController#getStatistics()
2025-07-01 12:19:10 - Writing [{pagination={totalPages=5, size=10, total=50, page=0}, data=[com.banking.dto.TransactionResponse@4f3 (truncated)...]
2025-07-01 12:19:10 - Using 'application/json', given [*/*] and supported [application/json, application/*+json]
2025-07-01 12:19:10 - Writing [{pagination={totalPages=5, size=10, total=50, page=0}, data=[com.banking.dto.TransactionResponse@2e1 (truncated)...]
2025-07-01 12:19:10 - Using 'application/json', given [*/*] and supported [application/json, application/*+json]
2025-07-01 12:19:10 - Writing [{pagination={totalPages=5, size=10, total=50, page=0}, data=[com.banking.dto.TransactionResponse@60c (truncated)...]
2025-07-01 12:19:10 - Writing [{pagination={totalPages=5, size=10, total=50, page=0}, data=[com.banking.dto.TransactionResponse@1b8 (truncated)...]
2025-07-01 12:19:10 - Mapped to com.banking.controller.TransactionController#getStatistics()
2025-07-01 12:19:10 - Mapped to com.banking.controller.TransactionController#getStatistics()
2025-07-01 12:19:10 - Using 'application/json', given [*/*] and supported [application/json, application/*+json]
2025-07-01 12:19:10 - Writing [{data={totalTransactions=50, transactionTypes=[Lcom.banking.model.TransactionType;@686c1fa5}, succes (truncated)...]
2025-07-01 12:19:10 - Mapped to com.banking.controller.TransactionController#getStatistics()
2025-07-01 12:19:10 - Mapped to com.banking.controller.TransactionController#getStatistics()
2025-07-01 12:19:10 - Mapped to com.banking.controller.TransactionController#getStatistics()
2025-07-01 12:19:10 - Mapped to com.banking.controller.TransactionController#getStatistics()
2025-07-01 12:19:10 - Mapped to com.banking.controller.TransactionController#getTransactionsByType(TransactionType)
2025-07-01 12:19:10 - Using 'application/json', given [*/*] and supported [application/json, application/*+json]
2025-07-01 12:19:10 - Using 'application/json', given [*/*] and supported [application/json, application/*+json]
2025-07-01 12:19:10 - Writing [{pagination={totalPages=5, size=10, total=50, page=0}, data=[com.banking.dto.TransactionResponse@2e9 (truncated)...]
2025-07-01 12:19:10 - Writing [{pagination={totalPages=5, size=10, total=50, page=0}, data=[com.banking.dto.TransactionResponse@412 (truncated)...]
2025-07-01 12:19:10 - Using 'application/json', given [*/*] and supported [application/json, application/*+json]
2025-07-01 12:19:10 - Writing [{pagination={totalPages=5, size=10, total=50, page=0}, data=[com.banking.dto.TransactionResponse@2f8 (truncated)...]
2025-07-01 12:19:10 - Using 'application/json', given [*/*] and supported [application/json, application/*+json]
2025-07-01 12:19:10 - Writing [{pagination={totalPages=5, size=10, total=50, page=0}, data=[com.banking.dto.TransactionResponse@7f7 (truncated)...]
2025-07-01 12:19:10 - Using 'application/json', given [*/*] and supported [application/json, application/*+json]
2025-07-01 12:19:10 - Writing [{pagination={totalPages=5, size=10, total=50, page=0}, data=[com.banking.dto.TransactionResponse@6de (truncated)...]
2025-07-01 12:19:10 - Mapped to com.banking.controller.TransactionController#getStatistics()
2025-07-01 12:19:10 - Mapped to com.banking.controller.TransactionController#getStatistics()
2025-07-01 12:19:10 - Mapped to com.banking.controller.TransactionController#getStatistics()
2025-07-01 12:19:10 - Mapped to com.banking.controller.TransactionController#getStatistics()
2025-07-01 12:19:10 - Using 'application/json', given [*/*] and supported [application/json, application/*+json]
2025-07-01 12:19:10 - Using 'application/json', given [*/*] and supported [application/json, application/*+json]
2025-07-01 12:19:10 - Writing [{pagination={totalPages=5, size=10, total=50, page=0}, data=[com.banking.dto.TransactionResponse@19f (truncated)...]
2025-07-01 12:19:10 - Writing [{pagination={totalPages=5, size=10, total=50, page=0}, data=[com.banking.dto.TransactionResponse@56b (truncated)...]
2025-07-01 12:19:10 - Using 'application/json', given [*/*] and supported [application/json, application/*+json]
2025-07-01 12:19:10 - Writing [{pagination={totalPages=5, size=10, total=50, page=0}, data=[com.banking.dto.TransactionResponse@18d (truncated)...]
2025-07-01 12:19:10 - Using 'application/json', given [*/*] and supported [application/json, application/*+json]
2025-07-01 12:19:10 - Writing [{pagination={totalPages=5, size=10, total=50, page=0}, data=[com.banking.dto.TransactionResponse@419 (truncated)...]
2025-07-01 12:19:10 - Mapped to com.banking.controller.TransactionController#getStatistics()
2025-07-01 12:19:10 - Using 'application/json', given [*/*] and supported [application/json, application/*+json]
2025-07-01 12:19:10 - Writing [{pagination={totalPages=5, size=10, total=50, page=0}, data=[com.banking.dto.TransactionResponse@465 (truncated)...]
2025-07-01 12:19:10 - Mapped to com.banking.controller.TransactionController#getStatistics()
2025-07-01 12:19:10 - Using 'application/json', given [*/*] and supported [application/json, application/*+json]
2025-07-01 12:19:10 - Using 'application/json', given [*/*] and supported [application/json, application/*+json]
2025-07-01 12:19:10 - Mapped to com.banking.controller.TransactionController#getStatistics()
2025-07-01 12:19:10 - Mapped to com.banking.controller.TransactionController#getStatistics()
2025-07-01 12:19:10 - Writing [{pagination={totalPages=5, size=10, total=50, page=0}, data=[com.banking.dto.TransactionResponse@4f3 (truncated)...]
2025-07-01 12:19:10 - Writing [{pagination={totalPages=5, size=10, total=50, page=0}, data=[com.banking.dto.TransactionResponse@56d (truncated)...]
2025-07-01 12:19:10 - Mapped to com.banking.controller.TransactionController#getStatistics()
2025-07-01 12:19:10 - Using 'application/json', given [*/*] and supported [application/json, application/*+json]
2025-07-01 12:19:10 - Mapped to com.banking.controller.TransactionController#getStatistics()
2025-07-01 12:19:10 - Writing [{pagination={totalPages=5, size=10, total=50, page=0}, data=[com.banking.dto.TransactionResponse@5cc (truncated)...]
2025-07-01 12:19:10 - Using 'application/json', given [*/*] and supported [application/json, application/*+json]
2025-07-01 12:19:10 - Writing [{pagination={totalPages=5, size=10, total=50, page=0}, data=[com.banking.dto.TransactionResponse@c3b (truncated)...]
2025-07-01 12:19:10 - Mapped to com.banking.controller.TransactionController#getStatistics()
2025-07-01 12:19:10 - Mapped to com.banking.controller.TransactionController#getStatistics()
2025-07-01 12:19:10 - Using 'application/json', given [*/*] and supported [application/json, application/*+json]
2025-07-01 12:19:10 - Mapped to com.banking.controller.TransactionController#getStatistics()
2025-07-01 12:19:10 - Writing [{pagination={totalPages=5, size=10, total=50, page=0}, data=[com.banking.dto.TransactionResponse@5e3 (truncated)...]
2025-07-01 12:19:10 - Mapped to com.banking.controller.TransactionController#getStatistics()
2025-07-01 12:19:10 - Using 'application/json', given [*/*] and supported [application/json, application/*+json]
2025-07-01 12:19:10 - Writing [{pagination={totalPages=5, size=10, total=50, page=0}, data=[com.banking.dto.TransactionResponse@42e (truncated)...]
2025-07-01 12:19:10 - Using 'application/json', given [*/*] and supported [application/json, application/*+json]
2025-07-01 12:19:10 - Writing [{pagination={totalPages=5, size=10, total=50, page=0}, data=[com.banking.dto.TransactionResponse@2e1 (truncated)...]
2025-07-01 12:19:10 - Using 'application/json', given [*/*] and supported [application/json, application/*+json]
2025-07-01 12:19:10 - Writing [{pagination={totalPages=5, size=10, total=50, page=0}, data=[com.banking.dto.TransactionResponse@761 (truncated)...]
2025-07-01 12:19:10 - Using 'application/json', given [*/*] and supported [application/json, application/*+json]
2025-07-01 12:19:10 - Writing [{pagination={totalPages=5, size=10, total=50, page=0}, data=[com.banking.dto.TransactionResponse@27e (truncated)...]
2025-07-01 12:19:10 - Mapped to com.banking.controller.TransactionController#getStatistics()
2025-07-01 12:19:10 - Mapped to com.banking.controller.TransactionController#getStatistics()
2025-07-01 12:19:10 - Mapped to com.banking.controller.TransactionController#getStatistics()
2025-07-01 12:19:10 - Mapped to com.banking.controller.TransactionController#getStatistics()
2025-07-01 12:19:10 - Using 'application/json', given [*/*] and supported [application/json, application/*+json]
2025-07-01 12:19:10 - Using 'application/json', given [*/*] and supported [application/json, application/*+json]
2025-07-01 12:19:10 - Writing [{pagination={totalPages=5, size=10, total=50, page=0}, data=[com.banking.dto.TransactionResponse@31b (truncated)...]
2025-07-01 12:19:10 - Using 'application/json', given [*/*] and supported [application/json, application/*+json]
2025-07-01 12:19:10 - Writing [{pagination={totalPages=5, size=10, total=50, page=0}, data=[com.banking.dto.TransactionResponse@7d5 (truncated)...]
2025-07-01 12:19:10 - Writing [{pagination={totalPages=5, size=10, total=50, page=0}, data=[com.banking.dto.TransactionResponse@1c6 (truncated)...]
2025-07-01 12:19:10 - Using 'application/json', given [*/*] and supported [application/json, application/*+json]
2025-07-01 12:19:10 - Writing [{pagination={totalPages=5, size=10, total=50, page=0}, data=[com.banking.dto.TransactionResponse@169 (truncated)...]
2025-07-01 12:19:10 - Mapped to com.banking.controller.TransactionController#getStatistics()
2025-07-01 12:19:11 - Using 'application/json', given [*/*] and supported [application/json, application/*+json]
2025-07-01 12:19:11 - Using 'application/json', given [*/*] and supported [application/json, application/*+json]
2025-07-01 12:19:11 - Writing [{pagination={totalPages=5, size=10, total=50, page=0}, data=[com.banking.dto.TransactionResponse@710 (truncated)...]
2025-07-01 12:19:11 - Writing [{pagination={totalPages=5, size=10, total=50, page=0}, data=[com.banking.dto.TransactionResponse@19e (truncated)...]
2025-07-01 12:19:11 - Using 'application/json', given [*/*] and supported [application/json, application/*+json]
2025-07-01 12:19:11 - Mapped to com.banking.controller.TransactionController#getStatistics()
2025-07-01 12:19:11 - Writing [{pagination={totalPages=5, size=10, total=50, page=0}, data=[com.banking.dto.TransactionResponse@484 (truncated)...]
2025-07-01 12:19:11 - Mapped to com.banking.controller.TransactionController#getStatistics()
2025-07-01 12:19:11 - Mapped to com.banking.controller.TransactionController#getStatistics()
2025-07-01 12:19:11 - Mapped to com.banking.controller.TransactionController#getStatistics()
2025-07-01 12:19:11 - Using 'application/json', given [*/*] and supported [application/json, application/*+json]
2025-07-01 12:19:11 - Using 'application/json', given [*/*] and supported [application/json, application/*+json]
2025-07-01 12:19:11 - Writing [{pagination={totalPages=5, size=10, total=50, page=0}, data=[com.banking.dto.TransactionResponse@5ce (truncated)...]
2025-07-01 12:19:11 - Writing [{pagination={totalPages=5, size=10, total=50, page=0}, data=[com.banking.dto.TransactionResponse@4e7 (truncated)...]
2025-07-01 12:19:11 - Mapped to com.banking.controller.TransactionController#getStatistics()
2025-07-01 12:19:11 - Mapped to com.banking.controller.TransactionController#getStatistics()
2025-07-01 12:19:11 - Mapped to com.banking.controller.TransactionController#getStatistics()
2025-07-01 12:19:11 - Using 'application/json', given [*/*] and supported [application/json, application/*+json]
2025-07-01 12:19:11 - Writing [{pagination={totalPages=5, size=10, total=50, page=0}, data=[com.banking.dto.TransactionResponse@1d1 (truncated)...]
2025-07-01 12:19:11 - Mapped to com.banking.controller.TransactionController#getStatistics()
2025-07-01 12:19:11 - Mapped to com.banking.controller.TransactionController#getStatistics()
2025-07-01 12:19:11 - Using 'application/json', given [*/*] and supported [application/json, application/*+json]
2025-07-01 12:19:11 - Using 'application/json', given [*/*] and supported [application/json, application/*+json]
2025-07-01 12:19:11 - Using 'application/json', given [*/*] and supported [application/json, application/*+json]
2025-07-01 12:19:11 - Using 'application/json', given [*/*] and supported [application/json, application/*+json]
2025-07-01 12:19:11 - Writing [{pagination={totalPages=5, size=10, total=50, page=0}, data=[com.banking.dto.TransactionResponse@170 (truncated)...]
2025-07-01 12:19:11 - Writing [{pagination={totalPages=5, size=10, total=50, page=0}, data=[com.banking.dto.TransactionResponse@4ea (truncated)...]
2025-07-01 12:19:11 - Writing [{pagination={totalPages=5, size=10, total=50, page=0}, data=[com.banking.dto.TransactionResponse@4fa (truncated)...]
2025-07-01 12:19:11 - Writing [{pagination={totalPages=5, size=10, total=50, page=0}, data=[com.banking.dto.TransactionResponse@68c (truncated)...]
2025-07-01 12:19:11 - Mapped to com.banking.controller.TransactionController#getStatistics()
2025-07-01 12:19:11 - Using 'application/json', given [*/*] and supported [application/json, application/*+json]
2025-07-01 12:19:11 - Writing [{pagination={totalPages=5, size=10, total=50, page=0}, data=[com.banking.dto.TransactionResponse@4ae (truncated)...]
2025-07-01 12:19:11 - Using 'application/json', given [*/*] and supported [application/json, application/*+json]
2025-07-01 12:19:11 - Using 'application/json', given [*/*] and supported [application/json, application/*+json]
2025-07-01 12:19:11 - Using 'application/json', given [*/*] and supported [application/json, application/*+json]
2025-07-01 12:19:11 - Writing [{pagination={totalPages=5, size=10, total=50, page=0}, data=[com.banking.dto.TransactionResponse@346 (truncated)...]
2025-07-01 12:19:11 - Writing [{pagination={totalPages=5, size=10, total=50, page=0}, data=[com.banking.dto.TransactionResponse@4aa (truncated)...]
2025-07-01 12:19:11 - Writing [{pagination={totalPages=5, size=10, total=50, page=0}, data=[com.banking.dto.TransactionResponse@5fd (truncated)...]
2025-07-01 12:19:11 - Using 'application/json', given [*/*] and supported [application/json, application/*+json]
2025-07-01 12:19:11 - Writing [{pagination={totalPages=5, size=10, total=50, page=0}, data=[com.banking.dto.TransactionResponse@6ed (truncated)...]
2025-07-01 12:19:11 - Mapped to com.banking.controller.TransactionController#getStatistics()
2025-07-01 12:19:11 - Mapped to com.banking.controller.TransactionController#getStatistics()
2025-07-01 12:19:11 - Mapped to com.banking.controller.TransactionController#getStatistics()
2025-07-01 12:19:11 - Mapped to com.banking.controller.TransactionController#getStatistics()
2025-07-01 12:19:11 - Mapped to com.banking.controller.TransactionController#getStatistics()
2025-07-01 12:19:11 - Mapped to com.banking.controller.TransactionController#getStatistics()
2025-07-01 12:19:11 - Using 'application/json', given [*/*] and supported [application/json, application/*+json]
2025-07-01 12:19:11 - Writing [{pagination={totalPages=5, size=10, total=50, page=0}, data=[com.banking.dto.TransactionResponse@6ea (truncated)...]
2025-07-01 12:19:11 - Mapped to com.banking.controller.TransactionController#getStatistics()
2025-07-01 12:19:11 - Mapped to com.banking.controller.TransactionController#getStatistics()
2025-07-01 12:19:11 - Mapped to com.banking.controller.TransactionController#getStatistics()
2025-07-01 12:19:11 - Using 'application/json', given [*/*] and supported [application/json, application/*+json]
2025-07-01 12:19:11 - Using 'application/json', given [*/*] and supported [application/json, application/*+json]
2025-07-01 12:19:11 - Writing [{pagination={totalPages=5, size=10, total=50, page=0}, data=[com.banking.dto.TransactionResponse@5f1 (truncated)...]
2025-07-01 12:19:11 - Writing [{pagination={totalPages=5, size=10, total=50, page=0}, data=[com.banking.dto.TransactionResponse@369 (truncated)...]
2025-07-01 12:19:11 - Using 'application/json', given [*/*] and supported [application/json, application/*+json]
2025-07-01 12:19:11 - Writing [{pagination={totalPages=5, size=10, total=50, page=0}, data=[com.banking.dto.TransactionResponse@382 (truncated)...]
2025-07-01 12:19:11 - Using 'application/json', given [*/*] and supported [application/json, application/*+json]
2025-07-01 12:19:11 - Writing [{pagination={totalPages=5, size=10, total=50, page=0}, data=[com.banking.dto.TransactionResponse@40e (truncated)...]
2025-07-01 12:19:11 - Mapped to com.banking.controller.TransactionController#getStatistics()
2025-07-01 12:19:11 - Using 'application/json', given [*/*] and supported [application/json, application/*+json]
2025-07-01 12:19:11 - Writing [{pagination={totalPages=5, size=10, total=50, page=0}, data=[com.banking.dto.TransactionResponse@545 (truncated)...]
2025-07-01 12:19:11 - Using 'application/json', given [*/*] and supported [application/json, application/*+json]
2025-07-01 12:19:11 - Writing [{pagination={totalPages=5, size=10, total=50, page=0}, data=[com.banking.dto.TransactionResponse@72f (truncated)...]
2025-07-01 12:19:11 - Mapped to com.banking.controller.TransactionController#getStatistics()
2025-07-01 12:19:11 - Using 'application/json', given [*/*] and supported [application/json, application/*+json]
2025-07-01 12:19:11 - Using 'application/json', given [*/*] and supported [application/json, application/*+json]
2025-07-01 12:19:11 - Mapped to com.banking.controller.TransactionController#getStatistics()
2025-07-01 12:19:11 - Writing [{pagination={totalPages=5, size=10, total=50, page=0}, data=[com.banking.dto.TransactionResponse@735 (truncated)...]
2025-07-01 12:19:11 - Writing [{pagination={totalPages=5, size=10, total=50, page=0}, data=[com.banking.dto.TransactionResponse@705 (truncated)...]
2025-07-01 12:19:11 - Using 'application/json', given [*/*] and supported [application/json, application/*+json]
2025-07-01 12:19:11 - Writing [{pagination={totalPages=5, size=10, total=50, page=0}, data=[com.banking.dto.TransactionResponse@6ae (truncated)...]
2025-07-01 12:19:11 - Mapped to com.banking.controller.TransactionController#getStatistics()
2025-07-01 12:19:11 - Mapped to com.banking.controller.TransactionController#getStatistics()
2025-07-01 12:19:11 - Mapped to com.banking.controller.TransactionController#getStatistics()
2025-07-01 12:19:11 - Mapped to com.banking.controller.TransactionController#getStatistics()
2025-07-01 12:19:11 - Mapped to com.banking.controller.TransactionController#getStatistics()
2025-07-01 12:19:11 - Mapped to com.banking.controller.TransactionController#getStatistics()
2025-07-01 12:19:11 - Mapped to com.banking.controller.TransactionController#getStatistics()
2025-07-01 12:19:11 - Using 'application/json', given [*/*] and supported [application/json, application/*+json]
2025-07-01 12:19:11 - Using 'application/json', given [*/*] and supported [application/json, application/*+json]
2025-07-01 12:19:11 - Using 'application/json', given [*/*] and supported [application/json, application/*+json]
2025-07-01 12:19:11 - Writing [{data={totalTransactions=50, transactionTypes=[Lcom.banking.model.TransactionType;@313062ac}, succes (truncated)...]
2025-07-01 12:19:11 - Writing [{data={totalTransactions=50, transactionTypes=[Lcom.banking.model.TransactionType;@2968e560}, succes (truncated)...]
2025-07-01 12:19:11 - Writing [{pagination={totalPages=5, size=10, total=50, page=0}, data=[com.banking.dto.TransactionResponse@7db (truncated)...]
2025-07-01 12:19:11 - Using 'application/json', given [*/*] and supported [application/json, application/*+json]
2025-07-01 12:19:11 - Writing [{data={totalTransactions=50, transactionTypes=[Lcom.banking.model.TransactionType;@1d66abde}, succes (truncated)...]
2025-07-01 12:19:11 - Using 'application/json', given [*/*] and supported [application/json, application/*+json]
2025-07-01 12:19:11 - Using 'application/json', given [*/*] and supported [application/json, application/*+json]
2025-07-01 12:19:11 - Mapped to com.banking.controller.TransactionController#getTransactionsByType(TransactionType)
2025-07-01 12:19:11 - Using 'application/json', given [*/*] and supported [application/json, application/*+json]
2025-07-01 12:19:11 - Writing [{data={totalTransactions=50, transactionTypes=[Lcom.banking.model.TransactionType;@70535f5c}, succes (truncated)...]
2025-07-01 12:19:11 - Using 'application/json', given [*/*] and supported [application/json, application/*+json]
2025-07-01 12:19:11 - Using 'application/json', given [*/*] and supported [application/json, application/*+json]
2025-07-01 12:19:11 - Writing [{pagination={totalPages=5, size=10, total=50, page=0}, data=[com.banking.dto.TransactionResponse@24f (truncated)...]
2025-07-01 12:19:11 - Mapped to com.banking.controller.TransactionController#getTransactionsByType(TransactionType)
2025-07-01 12:19:11 - Writing [{data={totalTransactions=50, transactionTypes=[Lcom.banking.model.TransactionType;@74917c0}, success (truncated)...]
2025-07-01 12:19:11 - Mapped to com.banking.controller.TransactionController#getTransactionsByType(TransactionType)
2025-07-01 12:19:11 - Writing [{data={totalTransactions=50, transactionTypes=[Lcom.banking.model.TransactionType;@4fa1f18c}, succes (truncated)...]
2025-07-01 12:19:11 - Writing [{pagination={totalPages=5, size=10, total=50, page=0}, data=[com.banking.dto.TransactionResponse@630 (truncated)...]
2025-07-01 12:19:11 - Using 'application/json', given [*/*] and supported [application/json, application/*+json]
2025-07-01 12:19:11 - Writing [{pagination={totalPages=5, size=10, total=50, page=0}, data=[com.banking.dto.TransactionResponse@d26 (truncated)...]
2025-07-01 12:19:11 - Using 'application/json', given [*/*] and supported [application/json, application/*+json]
2025-07-01 12:19:11 - Writing [{data={totalTransactions=50, transactionTypes=[Lcom.banking.model.TransactionType;@2f8ce038}, succes (truncated)...]
2025-07-01 12:19:11 - Using 'application/json', given [*/*] and supported [application/json, application/*+json]
2025-07-01 12:19:11 - Writing [{pagination={totalPages=5, size=10, total=50, page=0}, data=[com.banking.dto.TransactionResponse@383 (truncated)...]
2025-07-01 12:19:11 - Mapped to com.banking.controller.TransactionController#getTransactionsByType(TransactionType)
2025-07-01 12:19:11 - Mapped to com.banking.controller.TransactionController#getTransactionsByType(TransactionType)
2025-07-01 12:19:11 - Mapped to com.banking.controller.TransactionController#getTransactionsByType(TransactionType)
2025-07-01 12:19:11 - Using 'application/json', given [*/*] and supported [application/json, application/*+json]
2025-07-01 12:19:11 - Writing [{data={totalTransactions=50, transactionTypes=[Lcom.banking.model.TransactionType;@7bf87758}, succes (truncated)...]
2025-07-01 12:19:11 - Using 'application/json', given [*/*] and supported [application/json, application/*+json]
2025-07-01 12:19:11 - Using 'application/json', given [*/*] and supported [application/json, application/*+json]
2025-07-01 12:19:11 - Using 'application/json', given [*/*] and supported [application/json, application/*+json]
2025-07-01 12:19:11 - Writing [{data={totalTransactions=50, transactionTypes=[Lcom.banking.model.TransactionType;@38b8f788}, succes (truncated)...]
2025-07-01 12:19:11 - Writing [{pagination={totalPages=5, size=10, total=50, page=0}, data=[com.banking.dto.TransactionResponse@242 (truncated)...]
2025-07-01 12:19:11 - Writing [{pagination={totalPages=5, size=10, total=50, page=0}, data=[com.banking.dto.TransactionResponse@459 (truncated)...]
2025-07-01 12:19:11 - Mapped to com.banking.controller.TransactionController#getStatistics()
2025-07-01 12:19:11 - Mapped to com.banking.controller.TransactionController#getTransactionsByType(TransactionType)
2025-07-01 12:19:11 - Using 'application/json', given [*/*] and supported [application/json, application/*+json]
2025-07-01 12:19:11 - Mapped to com.banking.controller.TransactionController#getStatistics()
2025-07-01 12:19:11 - Mapped to com.banking.controller.TransactionController#getTransactionsByType(TransactionType)
2025-07-01 12:19:11 - Mapped to com.banking.controller.TransactionController#getStatistics()
2025-07-01 12:19:11 - Mapped to com.banking.controller.TransactionController#getStatistics()
2025-07-01 12:19:11 - Using 'application/json', given [*/*] and supported [application/json, application/*+json]
2025-07-01 12:19:11 - Mapped to com.banking.controller.TransactionController#getTransactionsByType(TransactionType)
2025-07-01 12:19:11 - Writing [{data={totalTransactions=50, transactionTypes=[Lcom.banking.model.TransactionType;@2b7f972f}, succes (truncated)...]
2025-07-01 12:19:11 - Writing [{data={totalTransactions=50, transactionTypes=[Lcom.banking.model.TransactionType;@17402d4}, success (truncated)...]
2025-07-01 12:19:11 - Mapped to com.banking.controller.TransactionController#getStatistics()
2025-07-01 12:19:11 - Using 'application/json', given [*/*] and supported [application/json, application/*+json]
2025-07-01 12:19:11 - Using 'application/json', given [*/*] and supported [application/json, application/*+json]
2025-07-01 12:19:11 - Writing [{data={totalTransactions=50, transactionTypes=[Lcom.banking.model.TransactionType;@4d922270}, succes (truncated)...]
2025-07-01 12:19:11 - Using 'application/json', given [*/*] and supported [application/json, application/*+json]
2025-07-01 12:19:11 - Writing [{data={totalTransactions=50, transactionTypes=[Lcom.banking.model.TransactionType;@6d3d92aa}, succes (truncated)...]
2025-07-01 12:19:11 - Writing [{data={totalTransactions=50, transactionTypes=[Lcom.banking.model.TransactionType;@62bffbe8}, succes (truncated)...]
2025-07-01 12:19:11 - Mapped to com.banking.controller.TransactionController#getStatistics()
2025-07-01 12:19:11 - Using 'application/json', given [*/*] and supported [application/json, application/*+json]
2025-07-01 12:19:11 - Using 'application/json', given [*/*] and supported [application/json, application/*+json]
2025-07-01 12:19:11 - Writing [{data={totalTransactions=50, transactionTypes=[Lcom.banking.model.TransactionType;@1749e4c9}, succes (truncated)...]
2025-07-01 12:19:11 - Writing [{data={totalTransactions=50, transactionTypes=[Lcom.banking.model.TransactionType;@759f6ee7}, succes (truncated)...]
2025-07-01 12:19:11 - Using 'application/json', given [*/*] and supported [application/json, application/*+json]
2025-07-01 12:19:11 - Writing [{data={totalTransactions=50, transactionTypes=[Lcom.banking.model.TransactionType;@6a32d9a2}, succes (truncated)...]
2025-07-01 12:19:11 - Mapped to com.banking.controller.TransactionController#getTransactionsByType(TransactionType)
2025-07-01 12:19:11 - Using 'application/json', given [*/*] and supported [application/json, application/*+json]
2025-07-01 12:19:11 - Mapped to com.banking.controller.TransactionController#getTransactionsByType(TransactionType)
2025-07-01 12:19:11 - Mapped to com.banking.controller.TransactionController#getStatistics()
2025-07-01 12:19:11 - Using 'application/json', given [*/*] and supported [application/json, application/*+json]
2025-07-01 12:19:11 - Writing [{data={totalTransactions=50, transactionTypes=[Lcom.banking.model.TransactionType;@5dcb2e32}, succes (truncated)...]
2025-07-01 12:19:11 - Using 'application/json', given [*/*] and supported [application/json, application/*+json]
2025-07-01 12:19:11 - Writing [{data={totalTransactions=50, transactionTypes=[Lcom.banking.model.TransactionType;@afaa824}, success (truncated)...]
2025-07-01 12:19:11 - Mapped to com.banking.controller.TransactionController#getTransactionsByType(TransactionType)
2025-07-01 12:19:11 - Mapped to com.banking.controller.TransactionController#getTransactionsByType(TransactionType)
2025-07-01 12:19:11 - Mapped to com.banking.controller.TransactionController#getTransactionsByType(TransactionType)
2025-07-01 12:19:11 - Writing [{data={totalTransactions=50, transactionTypes=[Lcom.banking.model.TransactionType;@6cd4d2b5}, succes (truncated)...]
2025-07-01 12:19:11 - Mapped to com.banking.controller.TransactionController#getTransactionsByType(TransactionType)
2025-07-01 12:19:11 - Mapped to com.banking.controller.TransactionController#getTransactionsByType(TransactionType)
2025-07-01 12:19:11 - Mapped to com.banking.controller.TransactionController#getTransactionsByType(TransactionType)
2025-07-01 12:19:11 - Using 'application/json', given [*/*] and supported [application/json, application/*+json]
2025-07-01 12:19:11 - Using 'application/json', given [*/*] and supported [application/json, application/*+json]
2025-07-01 12:19:11 - Using 'application/json', given [*/*] and supported [application/json, application/*+json]
2025-07-01 12:19:11 - Writing [{data={totalTransactions=50, transactionTypes=[Lcom.banking.model.TransactionType;@4575d30}, success (truncated)...]
2025-07-01 12:19:11 - Mapped to com.banking.controller.TransactionController#getTransactionsByType(TransactionType)
[...]
2025-07-01 12:19:15 - Mapped to com.banking.controller.TransactionController#getTransactionsByAccount(String)
2025-07-01 12:19:15 - Using 'application/json', given [*/*] and supported [application/json, application/*+json]
2025-07-01 12:19:15 - Using 'application/json', given [*/*] and supported [application/json, application/*+json]
2025-07-01 12:19:15 - Writing [{data=[com.banking.dto.TransactionResponse@2a12a5d7], success=true, message=获取账户交易成功}]
2025-07-01 12:19:15 - Writing [{data=[com.banking.dto.TransactionResponse@309fa543, com.banking.dto.TransactionResponse@2e7025df, c (truncated)...]
2025-07-01 12:19:15 - Using 'application/json', given [*/*] and supported [application/json, application/*+json]
2025-07-01 12:19:15 - Writing [{data=[], success=true, message=获取账户交易成功}]
2025-07-01 12:19:15 - Using 'application/json', given [*/*] and supported [application/json, application/*+json]
2025-07-01 12:19:15 - Writing [{data=[], success=true, message=获取账户交易成功}]
2025-07-01 12:19:15 - Using 'application/json', given [*/*] and supported [application/json, application/*+json]
2025-07-01 12:19:15 - Writing [{data=[], success=true, message=获取账户交易成功}]
2025-07-01 12:19:15 - Using 'application/json', given [*/*] and supported [application/json, application/*+json]
2025-07-01 12:19:15 - Writing [{data=[com.banking.dto.TransactionResponse@51d9f4d], success=true, message=获取账户交易成功}]
2025-07-01 12:19:15 - Using 'application/json', given [*/*] and supported [application/json, application/*+json]
2025-07-01 12:19:15 - Writing [{data=[com.banking.dto.TransactionResponse@660c5bb5], success=true, message=获取账户交易成功}]
2025-07-01 12:19:15 - Using 'application/json', given [*/*] and supported [application/json, application/*+json]
2025-07-01 12:19:15 - Writing [{data=[com.banking.dto.TransactionResponse@2855fb49], success=true, message=获取账户交易成功}]
2025-07-01 12:19:15 - Using 'application/json', given [*/*] and supported [application/json, application/*+json]
2025-07-01 12:19:15 - Using 'application/json', given [*/*] and supported [application/json, application/*+json]
2025-07-01 12:19:15 - Writing [{data=[com.banking.dto.TransactionResponse@5c533bb4], success=true, message=获取账户交易成功}]
2025-07-01 12:19:15 - Writing [{data=[com.banking.dto.TransactionResponse@4efeff56], success=true, message=获取账户交易成功}]
2025-07-01 12:19:15 - Mapped to com.banking.controller.TransactionController#getSecurityStatistics(String, String)
2025-07-01 12:19:15 - Using 'application/json', given [*/*] and supported [application/json, application/*+json]
2025-07-01 12:19:15 - Writing [{data={transDate=2025-07-01, securityCode=000001, buyStatistics={transactionCount=1, totalUnits=100, (truncated)...]
2025-07-01 12:19:15 - Using 'application/json', given [*/*] and supported [application/json, application/*+json]
2025-07-01 12:19:15 - Using 'application/json', given [*/*] and supported [application/json, application/*+json]
2025-07-01 12:19:15 - Writing [{data=[com.banking.dto.TransactionResponse@38779f4f], success=true, message=获取账户交易成功}]
2025-07-01 12:19:15 - Writing [{data=[com.banking.dto.TransactionResponse@18eb8ae3], success=true, message=获取账户交易成功}]
2025-07-01 12:19:15 - Mapped to com.banking.controller.TransactionController#getTransactionsByAccount(String)
2025-07-01 12:19:15 - Using 'application/json', given [*/*] and supported [application/json, application/*+json]
2025-07-01 12:19:15 - Writing [{data=[com.banking.dto.TransactionResponse@641a9645], success=true, message=获取账户交易成功}]
2025-07-01 12:19:15 - Using 'application/json', given [*/*] and supported [application/json, application/*+json]
2025-07-01 12:19:15 - Writing [{data=[], success=true, message=获取账户交易成功}]
2025-07-01 12:19:15 - Using 'application/json', given [*/*] and supported [application/json, application/*+json]
2025-07-01 12:19:15 - Writing [{data=[com.banking.dto.TransactionResponse@4124929], success=true, message=获取账户交易成功}]
2025-07-01 12:19:15 - Using 'application/json', given [*/*] and supported [application/json, application/*+json]
2025-07-01 12:19:15 - Writing [{data=[com.banking.dto.TransactionResponse@601a350e], success=true, message=获取账户交易成功}]
2025-07-01 12:19:15 - Mapped to com.banking.controller.TransactionController#getSecurityStatistics(String, String)
2025-07-01 12:19:15 - Using 'application/json', given [*/*] and supported [application/json, application/*+json]
2025-07-01 12:19:15 - Writing [{data=[com.banking.dto.TransactionResponse@c61c056], success=true, message=获取账户交易成功}]
2025-07-01 12:19:15 - Using 'application/json', given [*/*] and supported [application/json, application/*+json]
2025-07-01 12:19:15 - Writing [{data=[com.banking.dto.TransactionResponse@241f2c84], success=true, message=获取账户交易成功}]
2025-07-01 12:19:15 - Using 'application/json', given [*/*] and supported [application/json, application/*+json]
2025-07-01 12:19:15 - Writing [{data={transDate=2025-07-01, securityCode=000001, buyStatistics={transactionCount=1, totalUnits=100, (truncated)...]
2025-07-01 12:19:15 - Using 'application/json', given [*/*] and supported [application/json, application/*+json]
2025-07-01 12:19:15 - Writing [{data=[com.banking.dto.TransactionResponse@152b28e7], success=true, message=获取账户交易成功}]
2025-07-01 12:19:15 - Using 'application/json', given [*/*] and supported [application/json, application/*+json]
2025-07-01 12:19:15 - Mapped to com.banking.controller.TransactionController#getTransactionsByAccount(String)
2025-07-01 12:19:15 - Writing [{data=[com.banking.dto.TransactionResponse@30633d3b], success=true, message=获取账户交易成功}]
2025-07-01 12:19:15 - Using 'application/json', given [*/*] and supported [application/json, application/*+json]
2025-07-01 12:19:15 - Writing [{data=[com.banking.dto.TransactionResponse@7e4852a7], success=true, message=获取账户交易成功}]
2025-07-01 12:19:15 - Using 'application/json', given [*/*] and supported [application/json, application/*+json]
2025-07-01 12:19:15 - Using 'application/json', given [*/*] and supported [application/json, application/*+json]
2025-07-01 12:19:15 - Writing [{data=[com.banking.dto.TransactionResponse@16f86510], success=true, message=获取账户交易成功}]
2025-07-01 12:19:15 - Writing [{data=[com.banking.dto.TransactionResponse@7ceb244e, com.banking.dto.TransactionResponse@353400e9, c (truncated)...]
2025-07-01 12:19:15 - Using 'application/json', given [*/*] and supported [application/json, application/*+json]
2025-07-01 12:19:15 - Writing [{data=[com.banking.dto.TransactionResponse@6ae81128], success=true, message=获取账户交易成功}]
2025-07-01 12:19:15 - Using 'application/json', given [*/*] and supported [application/json, application/*+json]
2025-07-01 12:19:15 - Writing [{data=[com.banking.dto.TransactionResponse@19d2dea5], success=true, message=获取账户交易成功}]
2025-07-01 12:19:15 - Using 'application/json', given [*/*] and supported [application/json, application/*+json]
2025-07-01 12:19:15 - Using 'application/json', given [*/*] and supported [application/json, application/*+json]
2025-07-01 12:19:15 - Writing [{data=[com.banking.dto.TransactionResponse@593fea4], success=true, message=获取账户交易成功}]
2025-07-01 12:19:15 - Writing [{data=[com.banking.dto.TransactionResponse@1c73d410], success=true, message=获取账户交易成功}]
2025-07-01 12:19:15 - Using 'application/json', given [*/*] and supported [application/json, application/*+json]
2025-07-01 12:19:15 - Using 'application/json', given [*/*] and supported [application/json, application/*+json]
2025-07-01 12:19:15 - Writing [{data=[com.banking.dto.TransactionResponse@37e34398], success=true, message=获取账户交易成功}]
2025-07-01 12:19:15 - Writing [{data=[com.banking.dto.TransactionResponse@4e2352ea], success=true, message=获取账户交易成功}]
2025-07-01 12:19:15 - Using 'application/json', given [*/*] and supported [application/json, application/*+json]
2025-07-01 12:19:15 - Using 'application/json', given [*/*] and supported [application/json, application/*+json]
2025-07-01 12:19:15 - Writing [{data=[com.banking.dto.TransactionResponse@20f2316a], success=true, message=获取账户交易成功}]
2025-07-01 12:19:15 - Writing [{data=[com.banking.dto.TransactionResponse@791a994b], success=true, message=获取账户交易成功}]
2025-07-01 12:19:15 - Using 'application/json', given [*/*] and supported [application/json, application/*+json]
2025-07-01 12:19:15 - Writing [{data=[com.banking.dto.TransactionResponse@590be28e], success=true, message=获取账户交易成功}]
2025-07-01 12:19:15 - Using 'application/json', given [*/*] and supported [application/json, application/*+json]
2025-07-01 12:19:15 - Writing [{data=[com.banking.dto.TransactionResponse@2e64b12b], success=true, message=获取账户交易成功}]
2025-07-01 12:19:15 - Using 'application/json', given [*/*] and supported [application/json, application/*+json]
2025-07-01 12:19:15 - Writing [{data=[], success=true, message=获取账户交易成功}]
2025-07-01 12:19:15 - Using 'application/json', given [*/*] and supported [application/json, application/*+json]
2025-07-01 12:19:15 - Writing [{data=[], success=true, message=获取账户交易成功}]
2025-07-01 12:19:15 - Using 'application/json', given [*/*] and supported [application/json, application/*+json]
2025-07-01 12:19:15 - Writing [{data=[com.banking.dto.TransactionResponse@47467dc8], success=true, message=获取账户交易成功}]
2025-07-01 12:19:15 - Mapped to com.banking.controller.TransactionController#getSecurityStatistics(String, String)
2025-07-01 12:19:15 - Using 'application/json', given [*/*] and supported [application/json, application/*+json]
2025-07-01 12:19:15 - Writing [{data=[com.banking.dto.TransactionResponse@37da0a1c], success=true, message=获取账户交易成功}]
2025-07-01 12:19:15 - Using 'application/json', given [*/*] and supported [application/json, application/*+json]
2025-07-01 12:19:15 - Writing [{data={transDate=2025-07-01, securityCode=000001, buyStatistics={transactionCount=1, totalUnits=100, (truncated)...]
2025-07-01 12:19:15 - Mapped to com.banking.controller.TransactionController#getTransactionsByAccount(String)
2025-07-01 12:19:15 - Using 'application/json', given [*/*] and supported [application/json, application/*+json]
2025-07-01 12:19:15 - Writing [{data=[com.banking.dto.TransactionResponse@68e73ed6, com.banking.dto.TransactionResponse@1243cfd3, c (truncated)...]
2025-07-01 12:19:15 - Using 'application/json', given [*/*] and supported [application/json, application/*+json]
2025-07-01 12:19:15 - Writing [{data=[com.banking.dto.TransactionResponse@5e7ada21, com.banking.dto.TransactionResponse@462daa7b, c (truncated)...]
2025-07-01 12:19:15 - Using 'application/json', given [*/*] and supported [application/json, application/*+json]
2025-07-01 12:19:15 - Writing [{data=[com.banking.dto.TransactionResponse@38da8e34], success=true, message=获取账户交易成功}]
2025-07-01 12:19:15 - Mapped to com.banking.controller.TransactionController#getSecurityStatistics(String, String)
2025-07-01 12:19:15 - Using 'application/json', given [*/*] and supported [application/json, application/*+json]
2025-07-01 12:19:15 - Writing [{data={transDate=2025-07-01, securityCode=000001, buyStatistics={transactionCount=1, totalUnits=100, (truncated)...]
2025-07-01 12:19:15 - Using 'application/json', given [*/*] and supported [application/json, application/*+json]
2025-07-01 12:19:15 - Using 'application/json', given [*/*] and supported [application/json, application/*+json]
2025-07-01 12:19:15 - Writing [{data=[com.banking.dto.TransactionResponse@266375b8], success=true, message=获取账户交易成功}]
2025-07-01 12:19:15 - Writing [{data=[com.banking.dto.TransactionResponse@5e4fcd99, com.banking.dto.TransactionResponse@1486ad31, c (truncated)...]
2025-07-01 12:19:15 - Mapped to com.banking.controller.TransactionController#getTransactionsByAccount(String)
2025-07-01 12:19:15 - Using 'application/json', given [*/*] and supported [application/json, application/*+json]
2025-07-01 12:19:15 - Writing [{data=[com.banking.dto.TransactionResponse@15ad491a], success=true, message=获取账户交易成功}]
2025-07-01 12:19:15 - Mapped to com.banking.controller.TransactionController#getSecurityStatistics(String, String)
2025-07-01 12:19:15 - Using 'application/json', given [*/*] and supported [application/json, application/*+json]
2025-07-01 12:19:15 - Writing [{data={transDate=2025-07-01, securityCode=000001, buyStatistics={transactionCount=1, totalUnits=100, (truncated)...]
2025-07-01 12:19:15 - Using 'application/json', given [*/*] and supported [application/json, application/*+json]
2025-07-01 12:19:15 - Writing [{data=[], success=true, message=获取账户交易成功}]
2025-07-01 12:19:15 - Using 'application/json', given [*/*] and supported [application/json, application/*+json]
2025-07-01 12:19:15 - Mapped to com.banking.controller.TransactionController#getTransactionsByAccount(String)
2025-07-01 12:19:15 - Writing [{data=[], success=true, message=获取账户交易成功}]
2025-07-01 12:19:15 - Using 'application/json', given [*/*] and supported [application/json, application/*+json]
2025-07-01 12:19:15 - Using 'application/json', given [*/*] and supported [application/json, application/*+json]
2025-07-01 12:19:15 - Writing [{data=[com.banking.dto.TransactionResponse@2eddab69], success=true, message=获取账户交易成功}]
2025-07-01 12:19:15 - Writing [{data=[com.banking.dto.TransactionResponse@3a9cea2f, com.banking.dto.TransactionResponse@36de16ad, c (truncated)...]
2025-07-01 12:19:15 - Using 'application/json', given [*/*] and supported [application/json, application/*+json]
2025-07-01 12:19:15 - Writing [{data=[com.banking.dto.TransactionResponse@3490fedf], success=true, message=获取账户交易成功}]
2025-07-01 12:19:15 - Mapped to com.banking.controller.TransactionController#getSecurityStatistics(String, String)
2025-07-01 12:19:15 - Using 'application/json', given [*/*] and supported [application/json, application/*+json]
2025-07-01 12:19:15 - Writing [{data={transDate=2025-07-01, securityCode=000001, buyStatistics={transactionCount=1, totalUnits=100, (truncated)...]
2025-07-01 12:19:15 - Mapped to com.banking.controller.TransactionController#getTransactionsByAccount(String)
2025-07-01 12:19:15 - Mapped to com.banking.controller.TransactionController#getSecurityStatistics(String, String)
2025-07-01 12:19:15 - Using 'application/json', given [*/*] and supported [application/json, application/*+json]
2025-07-01 12:19:15 - Writing [{data=[com.banking.dto.TransactionResponse@79c7311a], success=true, message=获取账户交易成功}]
2025-07-01 12:19:15 - Using 'application/json', given [*/*] and supported [application/json, application/*+json]
2025-07-01 12:19:15 - Writing [{data={transDate=2025-07-01, securityCode=000001, buyStatistics={transactionCount=1, totalUnits=100, (truncated)...]
2025-07-01 12:19:15 - Mapped to com.banking.controller.TransactionController#getTransactionsByAccount(String)
2025-07-01 12:19:15 - Using 'application/json', given [*/*] and supported [application/json, application/*+json]
2025-07-01 12:19:15 - Writing [{data=[com.banking.dto.TransactionResponse@3fc14148], success=true, message=获取账户交易成功}]
2025-07-01 12:19:16 - Mapped to com.banking.controller.TransactionController#getSecurityStatistics(String, String)
2025-07-01 12:19:16 - Using 'application/json', given [*/*] and supported [application/json, application/*+json]
2025-07-01 12:19:16 - Writing [{data={transDate=2025-07-01, securityCode=000001, buyStatistics={transactionCount=1, totalUnits=100, (truncated)...]
2025-07-01 12:19:16 - Mapped to com.banking.controller.TransactionController#getTransactionsByAccount(String)
2025-07-01 12:19:16 - Using 'application/json', given [*/*] and supported [application/json, application/*+json]
2025-07-01 12:19:16 - Writing [{data=[com.banking.dto.TransactionResponse@4c4f400d], success=true, message=获取账户交易成功}]
2025-07-01 12:19:16 - Mapped to com.banking.controller.TransactionController#getSecurityStatistics(String, String)
2025-07-01 12:19:16 - Using 'application/json', given [*/*] and supported [application/json, application/*+json]
2025-07-01 12:19:16 - Writing [{data={transDate=2025-07-01, securityCode=000001, buyStatistics={transactionCount=1, totalUnits=100, (truncated)...]
2025-07-01 12:19:16 - Mapped to com.banking.controller.TransactionController#getTransactionsByAccount(String)
2025-07-01 12:19:16 - Using 'application/json', given [*/*] and supported [application/json, application/*+json]
2025-07-01 12:19:16 - Writing [{data=[], success=true, message=获取账户交易成功}]
2025-07-01 12:19:16 - Mapped to com.banking.controller.TransactionController#getSecurityStatistics(String, String)
2025-07-01 12:19:16 - Using 'application/json', given [*/*] and supported [application/json, application/*+json]
2025-07-01 12:19:16 - Writing [{data={transDate=2025-07-01, securityCode=000001, buyStatistics={transactionCount=1, totalUnits=100, (truncated)...]
2025-07-01 12:19:16 - Mapped to com.banking.controller.TransactionController#getTransactionsByAccount(String)
2025-07-01 12:19:16 - Using 'application/json', given [*/*] and supported [application/json, application/*+json]
2025-07-01 12:19:16 - Writing [{data=[com.banking.dto.TransactionResponse@3074b4b6], success=true, message=获取账户交易成功}]
2025-07-01 12:19:16 - Mapped to com.banking.controller.TransactionController#getSecurityStatistics(String, String)
2025-07-01 12:19:16 - Mapped to com.banking.controller.TransactionController#getSecurityStatistics(String, String)
2025-07-01 12:19:16 - Using 'application/json', given [*/*] and supported [application/json, application/*+json]
2025-07-01 12:19:16 - Using 'application/json', given [*/*] and supported [application/json, application/*+json]
2025-07-01 12:19:16 - Writing [{data={transDate=2025-07-01, securityCode=000001, buyStatistics={transactionCount=1, totalUnits=100, (truncated)...]
2025-07-01 12:19:16 - Writing [{data={transDate=2025-07-01, securityCode=000001, buyStatistics={transactionCount=1, totalUnits=100, (truncated)...]
2025-07-01 12:19:16 - Mapped to com.banking.controller.TransactionController#getSecurityStatistics(String, String)
2025-07-01 12:19:16 - Mapped to com.banking.controller.TransactionController#getSecurityStatistics(String, String)
2025-07-01 12:19:16 - Using 'application/json', given [*/*] and supported [application/json, application/*+json]
2025-07-01 12:19:16 - Writing [{data={transDate=2025-07-01, securityCode=000001, buyStatistics={transactionCount=1, totalUnits=100, (truncated)...]
2025-07-01 12:19:16 - Using 'application/json', given [*/*] and supported [application/json, application/*+json]
2025-07-01 12:19:16 - Writing [{data={transDate=2025-07-01, securityCode=000001, buyStatistics={transactionCount=1, totalUnits=100, (truncated)...]
2025-07-01 12:19:16 - Mapped to com.banking.controller.TransactionController#getTransactionsByAccount(String)
2025-07-01 12:19:16 - Mapped to com.banking.controller.TransactionController#getTransactionsByAccount(String)
2025-07-01 12:19:16 - Mapped to com.banking.controller.TransactionController#getTransactionsByAccount(String)
2025-07-01 12:19:16 - Mapped to com.banking.controller.TransactionController#getTransactionsByAccount(String)
2025-07-01 12:19:16 - Using 'application/json', given [*/*] and supported [application/json, application/*+json]
2025-07-01 12:19:16 - Using 'application/json', given [*/*] and supported [application/json, application/*+json]
2025-07-01 12:19:16 - Using 'application/json', given [*/*] and supported [application/json, application/*+json]
2025-07-01 12:19:16 - Writing [{data=[com.banking.dto.TransactionResponse@6d886f79], success=true, message=获取账户交易成功}]
2025-07-01 12:19:16 - Using 'application/json', given [*/*] and supported [application/json, application/*+json]
2025-07-01 12:19:16 - Writing [{data=[com.banking.dto.TransactionResponse@3cf00d5a], success=true, message=获取账户交易成功}]
2025-07-01 12:19:16 - Writing [{data=[com.banking.dto.TransactionResponse@6069824], success=true, message=获取账户交易成功}]
2025-07-01 12:19:16 - Writing [{data=[com.banking.dto.TransactionResponse@5b507c25], success=true, message=获取账户交易成功}]
=== 混合操作测试结果 ===
并发用户数: 100
总耗时: 3523ms
========================
]]></system-out>
  </testcase>
</testsuite>